number,value,datetime_start,datetime_complete,duration,params_poisson_ratio,params_youngs_modulus,system_attrs_cma:generation,system_attrs_cma:large_n_eval,system_attrs_cma:n_restarts,system_attrs_cma:n_restarts_with_large,system_attrs_cma:optimizer:0,system_attrs_cma:optimizer:1,system_attrs_cma:popsize,system_attrs_cma:poptype,system_attrs_cma:small_n_eval,state
61,8.955409610211946,2024-08-18 00:29:26.170455,2024-08-18 00:29:55.108494,0 days 00:00:28.938039,0.40074001049969893,0.17909555642180702,9.0,0.0,0.0,0.0,,,6.0,small,0.0,COMPLETE
62,19.38533972942493,2024-08-18 00:29:55.189658,2024-08-18 00:30:22.400294,0 days 00:00:27.210636,0.4026181488038132,0.19403013416023956,9.0,0.0,0.0,0.0,,,6.0,small,0.0,COMPLETE
63,34.90543289401359,2024-08-18 00:30:22.480409,2024-08-18 00:30:49.910982,0 days 00:00:27.430573,0.39934324048198777,0.21129587159191687,10.0,0.0,0.0,0.0,80049570060000000000008c0a636d6165732e5f636d61948c03434d419493942981947d94288c065f6e5f64696d944b028c085f706f7073697a65944b068c035f6d75944b038c075f6d755f656666948c166e756d70792e5f636f72652e6d756c74696172726179948c067363616c61729493948c056e756d7079948c0564747970659493948c02663894898887945294284b038c013c944e4e4e4affffffff4affffffff4b007494624308b753c6a5983a004094869452948c035f636394680b68114308cf08f6cc59fce33f94869452948c035f633194680b68114308f572bcb3fdd0c33f94869452948c045f636d7594680b68114308031b52bcb49fad3f94869452948c085f635f7369676d6194680b681143089886065d9f8edc3f94869452948c085f645f7369676d6194680b68114308a6a141d7a723f73f94869452948c035f636d944b018c065f6368695f6e94473ff411804baabfb48c085f776569676874739468098c0c5f7265636f6e737472756374949394680c8c076e6461727261799493944b0085944301629487945294284b014b068594680e8c02663894898887945294284b0368124e4e4e4affffffff4affffffff4b007494628943303d81341aa762e43fed14472b6636d23f67a23f812e11b43f94d816a51c54d2bfe3fe9c65897ae8bf916ebfbfe67ef2bf947494628c085f705f7369676d6194682f68314b008594683387945294284b014b0285946811894310913b3ab3c62bf2bfc8a212bb8d34c2bf947494628c035f706394682f68314b008594683387945294284b014b0285946811894310711eeb722cf3edbf810363dabd89b0bf947494628c055f6d65616e94682f68314b008594683387945294284b014b02859468398943102c2099f1dfd5dc3f1f6a4a72e841d23f947494628c065f7369676d6194680b681143089ba37418315db33f94869452948c025f44944e8c025f42944e8c075f626f756e647394682f68314b008594683387945294284b014b024b02869468398943200000000000000000000000000000f03f0000000000000000000000000000f03f947494628c115f6e5f6d61785f726573616d706c696e67944b148c025f67944b0a8c095f6c725f616461707494898c065f616c70686194473ff66666666666668c0a5f626574615f6d65616e94473fb999999999999a8c0b5f626574615f5369676d6194473f9eb851eb851eb88c065f67616d6d6194473fb999999999999a8c065f456d65616e94682f68314b008594683387945294284b014b024b018694683989431000000000000000000000000000000000947494628c075f455369676d6194682f68314b008594683387945294284b014b044b018694683989432000000000000000000000000000000000000000000000000000000,00000000000947494628c065f566d65616e944700000000000000008c075f565369676d61944700000000000000008c095f6574615f6d65616e94473ff00000000000008c0a5f6574615f5369676d6194473ff00000000000008c055f746f6c7894680b6811430816383daccc74473d94869452948c075f746f6c787570944740c38800000000008c075f746f6c66756e94473d719799812dea118c105f746f6c636f6e646974696f6e636f76944742d6bcc41e9000008c0d5f66756e686973745f7465726d944b148c0f5f66756e686973745f76616c75657394682f68314b008594683387945294284b014b288594683989424001000000000000000000000000000000000000c2a664d6a4023540da2a2103323b6b40b712a12d4e3b4740d2d69eefc54c54402e00b9a32cfa49405b9e5b615754604010d76be8e4eb3f404297b8c360645b40c98b2525dc632740623f17fb5e50544067a6b1b0b9a32840f4dc5e5978b040409fe4b35c886d2e40a218e8839c0c4640e46f60e0ac6f3040a6a481337da8504018a2c7d2c7b82040dc51b6ff7006444068144afe2b142140c4e8397a463b4440000000000000000000000000000000000000000000000000000000000000000000000000000000000000000000000000000000000000000000000000000000000000000000000000000000000000000000000000000000000000000000000000000000000000000000000000000000000000000000000000000000000000000000000000000000000000000000000000947494628c055f635f316494682f68314b008594683387945294284b014b0385946811894318adbff288e2b0e13fff8b2e9dd957a13f4ab8ba00f091c23f9474946275622e,6.0,small,0.0,COMPLETE
64,11.007184143787388,2024-08-18 00:30:49.995429,2024-08-18 00:31:18.970426,0 days 00:00:28.974997,0.4165144088762434,0.17004586889509093,10.0,0.0,0.0,0.0,,,6.0,small,0.0,COMPLETE
65,17.515295031137548,2024-08-18 00:31:19.061240,2024-08-18 00:31:47.836005,0 days 00:00:28.774765,0.4095069693347317,0.19122623249213228,10.0,0.0,0.0,0.0,,,6.0,small,0.0,COMPLETE
66,9.017965301381818,2024-08-18 00:31:47.926110,2024-08-18 00:32:15.159344,0 days 00:00:27.233234,0.4003874060233543,0.1769012826634903,10.0,0.0,0.0,0.0,,,6.0,small,0.0,COMPLETE
67,24.409359647790843,2024-08-18 00:32:15.242625,2024-08-18 00:32:42.382959,0 days 00:00:27.140334,0.4113049044381514,0.1987988159747754,10.0,0.0,0.0,0.0,,,6.0,small,0.0,COMPLETE
68,14.340362057466045,2024-08-18 00:32:42.456294,2024-08-18 00:33:11.406249,0 days 00:00:28.949955,0.39304959017168833,0.18848021223141637,10.0,0.0,0.0,0.0,,,6.0,small,0.0,COMPLETE
69,8.764174533070063,2024-08-18 00:33:11.496810,2024-08-18 00:33:40.665295,0 days 00:00:29.168485,0.40366379640071137,0.17676076626829762,11.0,0.0,0.0,0.0,80049570060000000000008c0a636d6165732e5f636d61948c03434d419493942981947d94288c065f6e5f64696d944b028c085f706f7073697a65944b068c035f6d75944b038c075f6d755f656666948c166e756d70792e5f636f72652e6d756c74696172726179948c067363616c61729493948c056e756d7079948c0564747970659493948c02663894898887945294284b038c013c944e4e4e4affffffff4affffffff4b007494624308b753c6a5983a004094869452948c035f636394680b68114308cf08f6cc59fce33f94869452948c035f633194680b68114308f572bcb3fdd0c33f94869452948c045f636d7594680b68114308031b52bcb49fad3f94869452948c085f635f7369676d6194680b681143089886065d9f8edc3f94869452948c085f645f7369676d6194680b68114308a6a141d7a723f73f94869452948c035f636d944b018c065f6368695f6e94473ff411804baabfb48c085f776569676874739468098c0c5f7265636f6e737472756374949394680c8c076e6461727261799493944b0085944301629487945294284b014b068594680e8c02663894898887945294284b0368124e4e4e4affffffff4affffffff4b007494628943303d81341aa762e43fed14472b6636d23f67a23f812e11b43f94d816a51c54d2bfe3fe9c65897ae8bf916ebfbfe67ef2bf947494628c085f705f7369676d6194682f68314b008594683387945294284b014b02859468118943107ad3680b05efe1bfa9dca2aa4228d4bf947494628c035f706394682f68314b008594683387945294284b014b0285946811894310588a5926ef5ed3bf874e941ce92cbfbf947494628c055f6d65616e94682f68314b008594683387945294284b014b0285946839894310bf4aba919d03dd3fb95449495ae6d13f947494628c065f7369676d6194680b6811430866e923e3fea8b03f94869452948c025f44944e8c025f42944e8c075f626f756e647394682f68314b008594683387945294284b014b024b02869468398943200000000000000000000000000000f03f0000000000000000000000000000f03f947494628c115f6e5f6d61785f726573616d706c696e67944b148c025f67944b0b8c095f6c725f616461707494898c065f616c70686194473ff66666666666668c0a5f626574615f6d65616e94473fb999999999999a8c0b5f626574615f5369676d6194473f9eb851eb851eb88c065f67616d6d6194473fb999999999999a8c065f456d65616e94682f68314b008594683387945294284b014b024b018694683989431000000000000000000000000000000000947494628c075f455369676d6194682f68314b008594683387945294284b014b044b018694683989432000000000000000000000000000000000000000000000000000000,00000000000947494628c065f566d65616e944700000000000000008c075f565369676d61944700000000000000008c095f6574615f6d65616e94473ff00000000000008c0a5f6574615f5369676d6194473ff00000000000008c055f746f6c7894680b6811430816383daccc74473d94869452948c075f746f6c787570944740c38800000000008c075f746f6c66756e94473d719799812dea118c105f746f6c636f6e646974696f6e636f76944742d6bcc41e9000008c0d5f66756e686973745f7465726d944b148c0f5f66756e686973745f76616c75657394682f68314b008594683387945294284b014b288594683989424001000000000000000000000000000000000000c2a664d6a4023540da2a2103323b6b40b712a12d4e3b4740d2d69eefc54c54402e00b9a32cfa49405b9e5b615754604010d76be8e4eb3f404297b8c360645b40c98b2525dc632740623f17fb5e50544067a6b1b0b9a32840f4dc5e5978b040409fe4b35c886d2e40a218e8839c0c4640e46f60e0ac6f3040a6a481337da8504018a2c7d2c7b82040dc51b6ff7006444068144afe2b142140c4e8397a463b44409ecb7bbf3209224069419e39e57341400000000000000000000000000000000000000000000000000000000000000000000000000000000000000000000000000000000000000000000000000000000000000000000000000000000000000000000000000000000000000000000000000000000000000000000000000000000000000000000000000000000000000000947494628c055f635f316494682f68314b008594683387945294284b014b0385946811894318e4a37bf81513e13f9e12c17c67a5953f1ece4af15356bb3f9474946275622e,6.0,small,0.0,COMPLETE
70,8.905174723568104,2024-08-18 00:33:40.745778,2024-08-18 00:34:08.011771,0 days 00:00:27.265993,0.40056702709278197,0.17751697585990445,11.0,0.0,0.0,0.0,,,6.0,small,0.0,COMPLETE
71,13.685257496402954,2024-08-18 00:34:08.105047,2024-08-18 00:34:37.049118,0 days 00:00:28.944071,0.40257140688054577,0.16916093868602378,11.0,0.0,0.0,0.0,,,6.0,small,0.0,COMPLETE
72,9.495815179338965,2024-08-18 00:34:37.166774,2024-08-18 00:35:04.223785,0 days 00:00:27.057011,0.41698880699653224,0.1803150669175988,11.0,0.0,0.0,0.0,,,6.0,small,0.0,COMPLETE
73,15.750150695359052,2024-08-18 00:35:04.309280,2024-08-18 00:35:31.371471,0 days 00:00:27.062191,0.3959808972176583,0.16775490420342593,11.0,0.0,0.0,0.0,,,6.0,small,0.0,COMPLETE
74,9.002928229579258,2024-08-18 00:35:31.472881,2024-08-18 00:35:58.626530,0 days 00:00:27.153649,0.4002753026934708,0.17925278245584048,11.0,0.0,0.0,0.0,,,6.0,small,0.0,COMPLETE
75,10.948069485233528,2024-08-18 00:35:58.724370,2024-08-18 00:36:27.807863,0 days 00:00:29.083493,0.4008937870943616,0.17295623000941152,12.0,0.0,0.0,0.0,80049570060000000000008c0a636d6165732e5f636d61948c03434d419493942981947d94288c065f6e5f64696d944b028c085f706f7073697a65944b068c035f6d75944b038c075f6d755f656666948c166e756d70792e5f636f72652e6d756c74696172726179948c067363616c61729493948c056e756d7079948c0564747970659493948c02663894898887945294284b038c013c944e4e4e4affffffff4affffffff4b007494624308b753c6a5983a004094869452948c035f636394680b68114308cf08f6cc59fce33f94869452948c035f633194680b68114308f572bcb3fdd0c33f94869452948c045f636d7594680b68114308031b52bcb49fad3f94869452948c085f635f7369676d6194680b681143089886065d9f8edc3f94869452948c085f645f7369676d6194680b68114308a6a141d7a723f73f94869452948c035f636d944b018c065f6368695f6e94473ff411804baabfb48c085f776569676874739468098c0c5f7265636f6e737472756374949394680c8c076e6461727261799493944b0085944301629487945294284b014b068594680e8c02663894898887945294284b0368124e4e4e4affffffff4affffffff4b007494628943303d81341aa762e43fed14472b6636d23f67a23f812e11b43f94d816a51c54d2bfe3fe9c65897ae8bf916ebfbfe67ef2bf947494628c085f705f7369676d6194682f68314b008594683387945294284b014b028594681189431032e6d3c049a3e6bf30f38d2c29988a3f947494628c035f706394682f68314b008594683387945294284b014b0285946811894310769618631fa9dbbf98fe5e27c8988b3f947494628c055f6d65616e94682f68314b008594683387945294284b014b028594683989431051679dde4f02dc3fdac3d7742a16d23f947494628c065f7369676d6194680b681143085ac024389e20ad3f94869452948c025f44944e8c025f42944e8c075f626f756e647394682f68314b008594683387945294284b014b024b02869468398943200000000000000000000000000000f03f0000000000000000000000000000f03f947494628c115f6e5f6d61785f726573616d706c696e67944b148c025f67944b0c8c095f6c725f616461707494898c065f616c70686194473ff66666666666668c0a5f626574615f6d65616e94473fb999999999999a8c0b5f626574615f5369676d6194473f9eb851eb851eb88c065f67616d6d6194473fb999999999999a8c065f456d65616e94682f68314b008594683387945294284b014b024b018694683989431000000000000000000000000000000000947494628c075f455369676d6194682f68314b008594683387945294284b014b044b018694683989432000000000000000000000000000000000000000000000000000000,00000000000947494628c065f566d65616e944700000000000000008c075f565369676d61944700000000000000008c095f6574615f6d65616e94473ff00000000000008c0a5f6574615f5369676d6194473ff00000000000008c055f746f6c7894680b6811430816383daccc74473d94869452948c075f746f6c787570944740c38800000000008c075f746f6c66756e94473d719799812dea118c105f746f6c636f6e646974696f6e636f76944742d6bcc41e9000008c0d5f66756e686973745f7465726d944b148c0f5f66756e686973745f76616c75657394682f68314b008594683387945294284b014b288594683989424001000000000000000000000000000000000000c2a664d6a4023540da2a2103323b6b40b712a12d4e3b4740d2d69eefc54c54402e00b9a32cfa49405b9e5b615754604010d76be8e4eb3f404297b8c360645b40c98b2525dc632740623f17fb5e50544067a6b1b0b9a32840f4dc5e5978b040409fe4b35c886d2e40a218e8839c0c4640e46f60e0ac6f3040a6a481337da8504018a2c7d2c7b82040dc51b6ff7006444068144afe2b142140c4e8397a463b44409ecb7bbf3209224069419e39e5734140a9f167e2418721400f477fc013802f4000000000000000000000000000000000000000000000000000000000000000000000000000000000000000000000000000000000000000000000000000000000000000000000000000000000000000000000000000000000000000000000000000000000000000000000000000000000947494628c055f635f316494682f68314b008594683387945294284b014b0385946811894318cd9002ebd216dc3fe049645b302a7ebf4afc8cb5c0ebb53f9474946275622e,6.0,small,0.0,COMPLETE
76,8.799656585022536,2024-08-18 00:36:27.894932,2024-08-18 00:36:57.000238,0 days 00:00:29.105306,0.40178042752128684,0.17791953147529788,12.0,0.0,0.0,0.0,,,6.0,small,0.0,COMPLETE
77,11.330752923089054,2024-08-18 00:36:57.084732,2024-08-18 00:37:24.434830,0 days 00:00:27.350098,0.4002244776948302,0.1725335361130434,12.0,0.0,0.0,0.0,,,6.0,small,0.0,COMPLETE
78,13.431628080680484,2024-08-18 00:37:24.525739,2024-08-18 00:37:53.354740,0 days 00:00:28.829001,0.40255303532821307,0.18673867796445165,12.0,0.0,0.0,0.0,,,6.0,small,0.0,COMPLETE
79,,2024-08-18 00:37:53.448821,2024-08-18 00:38:22.382497,0 days 00:00:28.933676,0.41090070642101434,0.18254166352270196,12.0,0.0,0.0,0.0,,,6.0,small,0.0,FAIL
80,21.782793257049924,2024-08-18 00:38:22.452230,2024-08-18 00:38:50.475436,0 days 00:00:28.023206,0.39500608046850594,0.19743534499640075,12.0,0.0,0.0,0.0,,,6.0,small,0.0,COMPLETE
81,13.243854471505356,2024-08-18 00:38:50.562425,2024-08-18 00:39:19.612520,0 days 00:00:29.050095,0.41137014866094623,0.18585979441458428,12.0,0.0,0.0,0.0,,,6.0,small,0.0,COMPLETE
82,9.149317845174526,2024-08-18 00:39:19.686788,2024-08-18 00:39:46.963225,0 days 00:00:27.276437,0.3970028779594227,0.1791127120765122,13.0,0.0,0.0,0.0,80049570060000000000008c0a636d6165732e5f636d61948c03434d419493942981947d94288c065f6e5f64696d944b028c085f706f7073697a65944b068c035f6d75944b038c075f6d755f656666948c166e756d70792e5f636f72652e6d756c74696172726179948c067363616c61729493948c056e756d7079948c0564747970659493948c02663894898887945294284b038c013c944e4e4e4affffffff4affffffff4b007494624308b753c6a5983a004094869452948c035f636394680b68114308cf08f6cc59fce33f94869452948c035f633194680b68114308f572bcb3fdd0c33f94869452948c045f636d7594680b68114308031b52bcb49fad3f94869452948c085f635f7369676d6194680b681143089886065d9f8edc3f94869452948c085f645f7369676d6194680b68114308a6a141d7a723f73f94869452948c035f636d944b018c065f6368695f6e94473ff411804baabfb48c085f776569676874739468098c0c5f7265636f6e737472756374949394680c8c076e6461727261799493944b0085944301629487945294284b014b068594680e8c02663894898887945294284b0368124e4e4e4affffffff4affffffff4b007494628943303d81341aa762e43fed14472b6636d23f67a23f812e11b43f94d816a51c54d2bfe3fe9c65897ae8bf916ebfbfe67ef2bf947494628c085f705f7369676d6194682f68314b008594683387945294284b014b0285946811894310370d3376d1ece5bf5c218ebc5517c6bf947494628c035f706394682f68314b008594683387945294284b014b0285946811894310a43017cac321d8bfc2a638548017aabf947494628c055f6d65616e94682f68314b008594683387945294284b014b02859468398943107ed19827a76adb3fcbefecba9ceed13f947494628c065f7369676d6194680b681143085ab12e76b974a93f94869452948c025f44944e8c025f42944e8c075f626f756e647394682f68314b008594683387945294284b014b024b02869468398943200000000000000000000000000000f03f0000000000000000000000000000f03f947494628c115f6e5f6d61785f726573616d706c696e67944b148c025f67944b0d8c095f6c725f616461707494898c065f616c70686194473ff66666666666668c0a5f626574615f6d65616e94473fb999999999999a8c0b5f626574615f5369676d6194473f9eb851eb851eb88c065f67616d6d6194473fb999999999999a8c065f456d65616e94682f68314b008594683387945294284b014b024b018694683989431000000000000000000000000000000000947494628c075f455369676d6194682f68314b008594683387945294284b014b044b018694683989432000000000000000000000000000000000000000000000000000000,00000000000947494628c065f566d65616e944700000000000000008c075f565369676d61944700000000000000008c095f6574615f6d65616e94473ff00000000000008c0a5f6574615f5369676d6194473ff00000000000008c055f746f6c7894680b6811430816383daccc74473d94869452948c075f746f6c787570944740c38800000000008c075f746f6c66756e94473d719799812dea118c105f746f6c636f6e646974696f6e636f76944742d6bcc41e9000008c0d5f66756e686973745f7465726d944b148c0f5f66756e686973745f76616c75657394682f68314b008594683387945294284b014b288594683989424001000000000000000000000000000000000000c2a664d6a4023540da2a2103323b6b40b712a12d4e3b4740d2d69eefc54c54402e00b9a32cfa49405b9e5b615754604010d76be8e4eb3f404297b8c360645b40c98b2525dc632740623f17fb5e50544067a6b1b0b9a32840f4dc5e5978b040409fe4b35c886d2e40a218e8839c0c4640e46f60e0ac6f3040a6a481337da8504018a2c7d2c7b82040dc51b6ff7006444068144afe2b142140c4e8397a463b44409ecb7bbf3209224069419e39e5734140a9f167e2418721400f477fc013802f40da6781966c9921400a8f8e2365c83540000000000000000000000000000000000000000000000000000000000000000000000000000000000000000000000000000000000000000000000000000000000000000000000000000000000000000000000000000000000000000000000000947494628c055f635f316494682f68314b008594683387945294284b014b0385946811894318742920258b80d93fc23d7a5fb93c793f576fbe256f00b03f9474946275622e,6.0,small,0.0,COMPLETE
83,8.718283697209147,2024-08-18 00:39:47.042819,2024-08-18 00:40:14.306306,0 days 00:00:27.263487,0.403396242213119,0.17723925433686466,13.0,0.0,0.0,0.0,,,6.0,small,0.0,COMPLETE
84,13.484549953025915,2024-08-18 00:40:14.407604,2024-08-18 00:40:43.433027,0 days 00:00:29.025423,0.4030850515512992,0.18677353918460216,13.0,0.0,0.0,0.0,,,6.0,small,0.0,COMPLETE
85,12.17383749012643,2024-08-18 00:40:43.506123,2024-08-18 00:41:12.413654,0 days 00:00:28.907531,0.4027190658997718,0.17098471937809548,13.0,0.0,0.0,0.0,,,6.0,small,0.0,COMPLETE
86,9.625251237181587,2024-08-18 00:41:12.496751,2024-08-18 00:41:41.710360,0 days 00:00:29.213609,0.39889995814560253,0.1755893297930971,13.0,0.0,0.0,0.0,,,6.0,small,0.0,COMPLETE
87,8.759714018219832,2024-08-18 00:41:41.824523,2024-08-18 00:42:10.863565,0 days 00:00:29.039042,0.4024848315450859,0.17759010719210055,13.0,0.0,0.0,0.0,,,6.0,small,0.0,COMPLETE
88,9.54722101648987,2024-08-18 00:42:10.954245,2024-08-18 00:42:38.423512,0 days 00:00:27.469267,0.40602656168733514,0.17415685404272163,14.0,0.0,0.0,0.0,80049570060000000000008c0a636d6165732e5f636d61948c03434d419493942981947d94288c065f6e5f64696d944b028c085f706f7073697a65944b068c035f6d75944b038c075f6d755f656666948c166e756d70792e5f636f72652e6d756c74696172726179948c067363616c61729493948c056e756d7079948c0564747970659493948c02663894898887945294284b038c013c944e4e4e4affffffff4affffffff4b007494624308b753c6a5983a004094869452948c035f636394680b68114308cf08f6cc59fce33f94869452948c035f633194680b68114308f572bcb3fdd0c33f94869452948c045f636d7594680b68114308031b52bcb49fad3f94869452948c085f635f7369676d6194680b681143089886065d9f8edc3f94869452948c085f645f7369676d6194680b68114308a6a141d7a723f73f94869452948c035f636d944b018c065f6368695f6e94473ff411804baabfb48c085f776569676874739468098c0c5f7265636f6e737472756374949394680c8c076e6461727261799493944b0085944301629487945294284b014b068594680e8c02663894898887945294284b0368124e4e4e4affffffff4affffffff4b007494628943303d81341aa762e43fed14472b6636d23f67a23f812e11b43f94d816a51c54d2bfe3fe9c65897ae8bf916ebfbfe67ef2bf947494628c085f705f7369676d6194682f68314b008594683387945294284b014b028594681189431000dd455acad6723fa6fd109b2c6dc83f947494628c035f706394682f68314b008594683387945294284b014b0285946811894310f8def5dbf2b3c03f9a812b429b43b03f947494628c055f6d65616e94682f68314b008594683387945294284b014b0285946839894310cf46bde68712dc3f146b87319f21d23f947494628c065f7369676d6194680b68114308abad002fcd98a33f94869452948c025f44944e8c025f42944e8c075f626f756e647394682f68314b008594683387945294284b014b024b02869468398943200000000000000000000000000000f03f0000000000000000000000000000f03f947494628c115f6e5f6d61785f726573616d706c696e67944b148c025f67944b0e8c095f6c725f616461707494898c065f616c70686194473ff66666666666668c0a5f626574615f6d65616e94473fb999999999999a8c0b5f626574615f5369676d6194473f9eb851eb851eb88c065f67616d6d6194473fb999999999999a8c065f456d65616e94682f68314b008594683387945294284b014b024b018694683989431000000000000000000000000000000000947494628c075f455369676d6194682f68314b008594683387945294284b014b044b018694683989432000000000000000000000000000000000000000000000000000000,00000000000947494628c065f566d65616e944700000000000000008c075f565369676d61944700000000000000008c095f6574615f6d65616e94473ff00000000000008c0a5f6574615f5369676d6194473ff00000000000008c055f746f6c7894680b6811430816383daccc74473d94869452948c075f746f6c787570944740c38800000000008c075f746f6c66756e94473d719799812dea118c105f746f6c636f6e646974696f6e636f76944742d6bcc41e9000008c0d5f66756e686973745f7465726d944b148c0f5f66756e686973745f76616c75657394682f68314b008594683387945294284b014b288594683989424001000000000000000000000000000000000000c2a664d6a4023540da2a2103323b6b40b712a12d4e3b4740d2d69eefc54c54402e00b9a32cfa49405b9e5b615754604010d76be8e4eb3f404297b8c360645b40c98b2525dc632740623f17fb5e50544067a6b1b0b9a32840f4dc5e5978b040409fe4b35c886d2e40a218e8839c0c4640e46f60e0ac6f3040a6a481337da8504018a2c7d2c7b82040dc51b6ff7006444068144afe2b142140c4e8397a463b44409ecb7bbf3209224069419e39e5734140a9f167e2418721400f477fc013802f40da6781966c9921400a8f8e2365c83540c98679e1c26f21409e0c73ee16f82a400000000000000000000000000000000000000000000000000000000000000000000000000000000000000000000000000000000000000000000000000000000000000000000000000000000000000000947494628c055f635f316494682f68314b008594683387945294284b014b03859468118943187abdad7c92a9d63f36c53c54df387a3f0188c2a6ac2fa73f9474946275622e,6.0,small,0.0,COMPLETE
