number,value,datetime_start,datetime_complete,duration,params_poisson_ratio,params_youngs_modulus,system_attrs_cma:generation,system_attrs_cma:large_n_eval,system_attrs_cma:n_restarts,system_attrs_cma:n_restarts_with_large,system_attrs_cma:optimizer:0,system_attrs_cma:optimizer:1,system_attrs_cma:popsize,system_attrs_cma:poptype,system_attrs_cma:small_n_eval,state
203,6.398838009099878,2024-08-18 01:36:14.549272,2024-08-18 01:36:42.153556,0 days 00:00:27.604284,0.44738526545793866,0.16991612440124787,32.0,0.0,0.0,0.0,,,6.0,small,0.0,COMPLETE
204,8.27724356228805,2024-08-18 01:36:42.289455,2024-08-18 01:37:11.146836,0 days 00:00:28.857381,0.4465546709579309,0.16728993502010966,32.0,0.0,0.0,0.0,,,6.0,small,0.0,COMPLETE
205,6.455134016646722,2024-08-18 01:37:11.236313,2024-08-18 01:37:38.481618,0 days 00:00:27.245305,0.44341367004448523,0.170955620716238,33.0,0.0,0.0,0.0,80049570060000000000008c0a636d6165732e5f636d61948c03434d419493942981947d94288c065f6e5f64696d944b028c085f706f7073697a65944b068c035f6d75944b038c075f6d755f656666948c166e756d70792e5f636f72652e6d756c74696172726179948c067363616c61729493948c056e756d7079948c0564747970659493948c02663894898887945294284b038c013c944e4e4e4affffffff4affffffff4b007494624308b753c6a5983a004094869452948c035f636394680b68114308cf08f6cc59fce33f94869452948c035f633194680b68114308f572bcb3fdd0c33f94869452948c045f636d7594680b68114308031b52bcb49fad3f94869452948c085f635f7369676d6194680b681143089886065d9f8edc3f94869452948c085f645f7369676d6194680b68114308a6a141d7a723f73f94869452948c035f636d944b018c065f6368695f6e94473ff411804baabfb48c085f776569676874739468098c0c5f7265636f6e737472756374949394680c8c076e6461727261799493944b0085944301629487945294284b014b068594680e8c02663894898887945294284b0368124e4e4e4affffffff4affffffff4b007494628943303d81341aa762e43fed14472b6636d23f67a23f812e11b43f94d816a51c54d2bfe3fe9c65897ae8bf916ebfbfe67ef2bf947494628c085f705f7369676d6194682f68314b008594683387945294284b014b0285946811894310483f1a6ad9c0eb3f95f43af9ba69d2bf947494628c035f706394682f68314b008594683387945294284b014b02859468118943100ae52643c461d63f1d6d36d7d40591bf947494628c055f6d65616e94682f68314b008594683387945294284b014b0285946839894310b04bf8dcda58ea3f6355afbabc19d13f947494628c065f7369676d6194680b6811430809a236e427b4c23f94869452948c025f44944e8c025f42944e8c075f626f756e647394682f68314b008594683387945294284b014b024b02869468398943200000000000000000000000000000f03f0000000000000000000000000000f03f947494628c115f6e5f6d61785f726573616d706c696e67944b148c025f67944b218c095f6c725f616461707494898c065f616c70686194473ff66666666666668c0a5f626574615f6d65616e94473fb999999999999a8c0b5f626574615f5369676d6194473f9eb851eb851eb88c065f67616d6d6194473fb999999999999a8c065f456d65616e94682f68314b008594683387945294284b014b024b018694683989431000000000000000000000000000000000947494628c075f455369676d6194682f68314b008594683387945294284b014b044b018694683989432000000000000000000000000000000000000000000000000000000,00000000000947494628c065f566d65616e944700000000000000008c075f565369676d61944700000000000000008c095f6574615f6d65616e94473ff00000000000008c0a5f6574615f5369676d6194473ff00000000000008c055f746f6c7894680b6811430816383daccc74473d94869452948c075f746f6c787570944740c38800000000008c075f746f6c66756e94473d719799812dea118c105f746f6c636f6e646974696f6e636f76944742d6bcc41e9000008c0d5f66756e686973745f7465726d944b148c0f5f66756e686973745f76616c75657394682f68314b008594683387945294284b014b28859468398942400100002f3b0a152efc204067f5e7eb952422407e305a6198b920408474b7db0df92140243fab402bbc2040a813ac8766502140edecea4a994b20400d9e8d51ec302140b8372c8172b21f40e01cebb3b4912240a3d3e71838771f403df1234b5c7c20401ccec92d28211e4006865fc152e02340a091bde914051c40ec5b3b1abe63244014bbfab6427c1b40be7df937b2942440944bcd7acd541a4042132daf46e32340b687c785178f1b4077a401a9aedf2940851e287d37091a40cabcf16fcd841e4022629112bf901b409cde1deab23721406b1e25f38cfe1840801b42def28d2040c98679e1c26f21409e0c73ee16f82a4082d9c9dc1696214000daebb775682540183e6310a32621403bd591509d2623401d118d92982b21404604d97afe082540b40813082a2c21407a9a3847af792440c7a6f80fae0521402e24765e2c632140947494628c055f635f316494682f68314b008594683387945294284b014b038594681189431815fb0b94af87d63fec23af3e59e192bf087c84d637925c3f9474946275622e,6.0,small,0.0,COMPLETE
206,6.288975641437467,2024-08-18 01:37:38.559731,2024-08-18 01:38:05.805082,0 days 00:00:27.245351,0.4483654131412298,0.1709337762103178,33.0,0.0,0.0,0.0,,,6.0,small,0.0,COMPLETE
207,6.541871528332565,2024-08-18 01:38:05.892318,2024-08-18 01:38:33.441002,0 days 00:00:27.548684,0.44229984879504525,0.17252745755682933,33.0,0.0,0.0,0.0,,,6.0,small,0.0,COMPLETE
208,6.9316675300331205,2024-08-18 01:38:33.515519,2024-08-18 01:39:00.867432,0 days 00:00:27.351913,0.46557011891971833,0.16783478380146755,33.0,0.0,0.0,0.0,,,6.0,small,0.0,COMPLETE
209,6.628055944095886,2024-08-18 01:39:00.951366,2024-08-18 01:39:30.027619,0 days 00:00:29.076253,0.4417107447803714,0.17288294899377818,33.0,0.0,0.0,0.0,,,6.0,small,0.0,COMPLETE
210,7.622045740189273,2024-08-18 01:39:30.121957,2024-08-18 01:39:57.429649,0 days 00:00:27.307692,0.4500537243161667,0.16730556804835056,33.0,0.0,0.0,0.0,,,6.0,small,0.0,COMPLETE
211,6.231814203734919,2024-08-18 01:39:57.520089,2024-08-18 01:40:24.862165,0 days 00:00:27.342076,0.4566008929401092,0.1689560341086503,34.0,0.0,0.0,0.0,80049570060000000000008c0a636d6165732e5f636d61948c03434d419493942981947d94288c065f6e5f64696d944b028c085f706f7073697a65944b068c035f6d75944b038c075f6d755f656666948c166e756d70792e5f636f72652e6d756c74696172726179948c067363616c61729493948c056e756d7079948c0564747970659493948c02663894898887945294284b038c013c944e4e4e4affffffff4affffffff4b007494624308b753c6a5983a004094869452948c035f636394680b68114308cf08f6cc59fce33f94869452948c035f633194680b68114308f572bcb3fdd0c33f94869452948c045f636d7594680b68114308031b52bcb49fad3f94869452948c085f635f7369676d6194680b681143089886065d9f8edc3f94869452948c085f645f7369676d6194680b68114308a6a141d7a723f73f94869452948c035f636d944b018c065f6368695f6e94473ff411804baabfb48c085f776569676874739468098c0c5f7265636f6e737472756374949394680c8c076e6461727261799493944b0085944301629487945294284b014b068594680e8c02663894898887945294284b0368124e4e4e4affffffff4affffffff4b007494628943303d81341aa762e43fed14472b6636d23f67a23f812e11b43f94d816a51c54d2bfe3fe9c65897ae8bf916ebfbfe67ef2bf947494628c085f705f7369676d6194682f68314b008594683387945294284b014b0285946811894310de0493e65431cd3ff434cdcc0aebb73f947494628c035f706394682f68314b008594683387945294284b014b0285946811894310942227bdd23aa6bfa097283afe35853f947494628c055f6d65616e94682f68314b008594683387945294284b014b0285946839894310082a1dbf6cbae93f857f3dcfd637d13f947494628c065f7369676d6194680b68114308c2ee09e1a731bd3f94869452948c025f44944e8c025f42944e8c075f626f756e647394682f68314b008594683387945294284b014b024b02869468398943200000000000000000000000000000f03f0000000000000000000000000000f03f947494628c115f6e5f6d61785f726573616d706c696e67944b148c025f67944b228c095f6c725f616461707494898c065f616c70686194473ff66666666666668c0a5f626574615f6d65616e94473fb999999999999a8c0b5f626574615f5369676d6194473f9eb851eb851eb88c065f67616d6d6194473fb999999999999a8c065f456d65616e94682f68314b008594683387945294284b014b024b018694683989431000000000000000000000000000000000947494628c075f455369676d6194682f68314b008594683387945294284b014b044b018694683989432000000000000000000000000000000000000000000000000000000,00000000000947494628c065f566d65616e944700000000000000008c075f565369676d61944700000000000000008c095f6574615f6d65616e94473ff00000000000008c0a5f6574615f5369676d6194473ff00000000000008c055f746f6c7894680b6811430816383daccc74473d94869452948c075f746f6c787570944740c38800000000008c075f746f6c66756e94473d719799812dea118c105f746f6c636f6e646974696f6e636f76944742d6bcc41e9000008c0d5f66756e686973745f7465726d944b148c0f5f66756e686973745f76616c75657394682f68314b008594683387945294284b014b28859468398942400100002f3b0a152efc204067f5e7eb952422407e305a6198b920408474b7db0df92140243fab402bbc2040a813ac8766502140edecea4a994b20400d9e8d51ec302140b8372c8172b21f40e01cebb3b4912240a3d3e71838771f403df1234b5c7c20401ccec92d28211e4006865fc152e02340a091bde914051c40ec5b3b1abe63244014bbfab6427c1b40be7df937b2942440944bcd7acd541a4042132daf46e32340b687c785178f1b4077a401a9aedf2940851e287d37091a40cabcf16fcd841e4022629112bf901b409cde1deab23721406b1e25f38cfe1840801b42def28d20401842053be92719408aeafa8ef97c1e4082d9c9dc1696214000daebb775682540183e6310a32621403bd591509d2623401d118d92982b21404604d97afe082540b40813082a2c21407a9a3847af792440c7a6f80fae0521402e24765e2c632140947494628c055f635f316494682f68314b008594683387945294284b014b038594681189431826b9894ec88dd23f50fa3cd8f71e8fbf8895e4d39af5563f9474946275622e,6.0,small,0.0,COMPLETE
212,7.105593137030296,2024-08-18 01:40:24.943654,2024-08-18 01:40:52.235259,0 days 00:00:27.291605,0.4351637665922359,0.17468621638869697,34.0,0.0,0.0,0.0,,,6.0,small,0.0,COMPLETE
213,6.689031198807978,2024-08-18 01:40:52.328451,2024-08-18 01:41:21.462128,0 days 00:00:29.133677,0.4392944014685745,0.17321299059104317,34.0,0.0,0.0,0.0,,,6.0,small,0.0,COMPLETE
214,6.509512774876063,2024-08-18 01:41:21.542891,2024-08-18 01:41:49.129193,0 days 00:00:27.586302,0.44346623312457656,0.17233434361424244,34.0,0.0,0.0,0.0,,,6.0,small,0.0,COMPLETE
215,6.735778808978104,2024-08-18 01:41:49.206326,2024-08-18 01:42:16.378967,0 days 00:00:27.172641,0.438942688012856,0.17339776876700386,34.0,0.0,0.0,0.0,,,6.0,small,0.0,COMPLETE
216,6.237706472566313,2024-08-18 01:42:16.471226,2024-08-18 01:42:43.884528,0 days 00:00:27.413302,0.4497042395465131,0.17048231191017268,34.0,0.0,0.0,0.0,,,6.0,small,0.0,COMPLETE
217,7.510162910430606,2024-08-18 01:42:43.971269,2024-08-18 01:43:11.321886,0 days 00:00:27.350617,0.4538707394580897,0.17258566169108477,35.0,0.0,0.0,0.0,80049570060000000000008c0a636d6165732e5f636d61948c03434d419493942981947d94288c065f6e5f64696d944b028c085f706f7073697a65944b068c035f6d75944b038c075f6d755f656666948c166e756d70792e5f636f72652e6d756c74696172726179948c067363616c61729493948c056e756d7079948c0564747970659493948c02663894898887945294284b038c013c944e4e4e4affffffff4affffffff4b007494624308b753c6a5983a004094869452948c035f636394680b68114308cf08f6cc59fce33f94869452948c035f633194680b68114308f572bcb3fdd0c33f94869452948c045f636d7594680b68114308031b52bcb49fad3f94869452948c085f635f7369676d6194680b681143089886065d9f8edc3f94869452948c085f645f7369676d6194680b68114308a6a141d7a723f73f94869452948c035f636d944b018c065f6368695f6e94473ff411804baabfb48c085f776569676874739468098c0c5f7265636f6e737472756374949394680c8c076e6461727261799493944b0085944301629487945294284b014b068594680e8c02663894898887945294284b0368124e4e4e4affffffff4affffffff4b007494628943303d81341aa762e43fed14472b6636d23f67a23f812e11b43f94d816a51c54d2bfe3fe9c65897ae8bf916ebfbfe67ef2bf947494628c085f705f7369676d6194682f68314b008594683387945294284b014b0285946811894310e5643495f758f43f94ca664a0d4e8cbf947494628c035f706394682f68314b008594683387945294284b014b0285946811894310ab35cf493e7be53f461732778c93a0bf947494628c055f6d65616e94682f68314b008594683387945294284b014b028594683989431056b628a605a1eb3fee73da248304d13f947494628c065f7369676d6194680b681143080f7c9591f051bd3f94869452948c025f44944e8c025f42944e8c075f626f756e647394682f68314b008594683387945294284b014b024b02869468398943200000000000000000000000000000f03f0000000000000000000000000000f03f947494628c115f6e5f6d61785f726573616d706c696e67944b148c025f67944b238c095f6c725f616461707494898c065f616c70686194473ff66666666666668c0a5f626574615f6d65616e94473fb999999999999a8c0b5f626574615f5369676d6194473f9eb851eb851eb88c065f67616d6d6194473fb999999999999a8c065f456d65616e94682f68314b008594683387945294284b014b024b018694683989431000000000000000000000000000000000947494628c075f455369676d6194682f68314b008594683387945294284b014b044b018694683989432000000000000000000000000000000000000000000000000000000,00000000000947494628c065f566d65616e944700000000000000008c075f565369676d61944700000000000000008c095f6574615f6d65616e94473ff00000000000008c0a5f6574615f5369676d6194473ff00000000000008c055f746f6c7894680b6811430816383daccc74473d94869452948c075f746f6c787570944740c38800000000008c075f746f6c66756e94473d719799812dea118c105f746f6c636f6e646974696f6e636f76944742d6bcc41e9000008c0d5f66756e686973745f7465726d944b148c0f5f66756e686973745f76616c75657394682f68314b008594683387945294284b014b28859468398942400100002f3b0a152efc204067f5e7eb952422407e305a6198b920408474b7db0df92140243fab402bbc2040a813ac8766502140edecea4a994b20400d9e8d51ec302140b8372c8172b21f40e01cebb3b4912240a3d3e71838771f403df1234b5c7c20401ccec92d28211e4006865fc152e02340a091bde914051c40ec5b3b1abe63244014bbfab6427c1b40be7df937b2942440944bcd7acd541a4042132daf46e32340b687c785178f1b4077a401a9aedf2940851e287d37091a40cabcf16fcd841e4022629112bf901b409cde1deab23721406b1e25f38cfe1840801b42def28d20401842053be92719408aeafa8ef97c1e40b628dfb360ed18409fe8789b206c1c40183e6310a32621403bd591509d2623401d118d92982b21404604d97afe082540b40813082a2c21407a9a3847af792440c7a6f80fae0521402e24765e2c632140947494628c055f635f316494682f68314b008594683387945294284b014b0385946811894318d24413cdce92d33f621ae1a4a8298dbfcbd7bfb948fd523f9474946275622e,6.0,small,0.0,COMPLETE
218,6.192626872083677,2024-08-18 01:43:11.404261,2024-08-18 01:43:38.673503,0 days 00:00:27.269242,0.45124226383489574,0.16994491199522255,35.0,0.0,0.0,0.0,,,6.0,small,0.0,COMPLETE
219,7.771566764013752,2024-08-18 01:43:38.776066,2024-08-18 01:44:06.095128,0 days 00:00:27.319062,0.4676829832464514,0.1685062094345312,35.0,0.0,0.0,0.0,,,6.0,small,0.0,COMPLETE
220,6.512308302947135,2024-08-18 01:44:06.174910,2024-08-18 01:44:33.796104,0 days 00:00:27.621194,0.4489312240975699,0.16926933815701506,35.0,0.0,0.0,0.0,,,6.0,small,0.0,COMPLETE
221,6.528708200429709,2024-08-18 01:44:33.890331,2024-08-18 01:45:01.174556,0 days 00:00:27.284225,0.44061901012057025,0.17172380814359522,35.0,0.0,0.0,0.0,,,6.0,small,0.0,COMPLETE
222,6.2288062628048335,2024-08-18 01:45:01.248188,2024-08-18 01:45:28.369604,0 days 00:00:27.121416,0.45532522483865684,0.16931048794887144,35.0,0.0,0.0,0.0,,,6.0,small,0.0,COMPLETE
223,6.359970484660865,2024-08-18 01:45:28.446825,2024-08-18 01:45:55.818610,0 days 00:00:27.371785,0.4542137243269664,0.16824409030356693,36.0,0.0,0.0,0.0,80049570060000000000008c0a636d6165732e5f636d61948c03434d419493942981947d94288c065f6e5f64696d944b028c085f706f7073697a65944b068c035f6d75944b038c075f6d755f656666948c166e756d70792e5f636f72652e6d756c74696172726179948c067363616c61729493948c056e756d7079948c0564747970659493948c02663894898887945294284b038c013c944e4e4e4affffffff4affffffff4b007494624308b753c6a5983a004094869452948c035f636394680b68114308cf08f6cc59fce33f94869452948c035f633194680b68114308f572bcb3fdd0c33f94869452948c045f636d7594680b68114308031b52bcb49fad3f94869452948c085f635f7369676d6194680b681143089886065d9f8edc3f94869452948c085f645f7369676d6194680b68114308a6a141d7a723f73f94869452948c035f636d944b018c065f6368695f6e94473ff411804baabfb48c085f776569676874739468098c0c5f7265636f6e737472756374949394680c8c076e6461727261799493944b0085944301629487945294284b014b068594680e8c02663894898887945294284b0368124e4e4e4affffffff4affffffff4b007494628943303d81341aa762e43fed14472b6636d23f67a23f812e11b43f94d816a51c54d2bfe3fe9c65897ae8bf916ebfbfe67ef2bf947494628c085f705f7369676d6194682f68314b008594683387945294284b014b0285946811894310fcf5f50f48b3de3fde8fc6fb0147c8bf947494628c035f706394682f68314b008594683387945294284b014b0285946811894310c8520bd98272be3f036a9939baf185bf947494628c055f6d65616e94682f68314b008594683387945294284b014b0285946839894310b85cec5b6c42eb3fc74b4d488f06d13f947494628c065f7369676d6194680b6811430806a7c0092a73b83f94869452948c025f44944e8c025f42944e8c075f626f756e647394682f68314b008594683387945294284b014b024b02869468398943200000000000000000000000000000f03f0000000000000000000000000000f03f947494628c115f6e5f6d61785f726573616d706c696e67944b148c025f67944b248c095f6c725f616461707494898c065f616c70686194473ff66666666666668c0a5f626574615f6d65616e94473fb999999999999a8c0b5f626574615f5369676d6194473f9eb851eb851eb88c065f67616d6d6194473fb999999999999a8c065f456d65616e94682f68314b008594683387945294284b014b024b018694683989431000000000000000000000000000000000947494628c075f455369676d6194682f68314b008594683387945294284b014b044b018694683989432000000000000000000000000000000000000000000000000000000,00000000000947494628c065f566d65616e944700000000000000008c075f565369676d61944700000000000000008c095f6574615f6d65616e94473ff00000000000008c0a5f6574615f5369676d6194473ff00000000000008c055f746f6c7894680b6811430816383daccc74473d94869452948c075f746f6c787570944740c38800000000008c075f746f6c66756e94473d719799812dea118c105f746f6c636f6e646974696f6e636f76944742d6bcc41e9000008c0d5f66756e686973745f7465726d944b148c0f5f66756e686973745f76616c75657394682f68314b008594683387945294284b014b28859468398942400100002f3b0a152efc204067f5e7eb952422407e305a6198b920408474b7db0df92140243fab402bbc2040a813ac8766502140edecea4a994b20400d9e8d51ec302140b8372c8172b21f40e01cebb3b4912240a3d3e71838771f403df1234b5c7c20401ccec92d28211e4006865fc152e02340a091bde914051c40ec5b3b1abe63244014bbfab6427c1b40be7df937b2942440944bcd7acd541a4042132daf46e32340b687c785178f1b4077a401a9aedf2940851e287d37091a40cabcf16fcd841e4022629112bf901b409cde1deab23721406b1e25f38cfe1840801b42def28d20401842053be92719408aeafa8ef97c1e40b628dfb360ed18409fe8789b206c1c407eb88ffa3fc518407c7a089915161f401d118d92982b21404604d97afe082540b40813082a2c21407a9a3847af792440c7a6f80fae0521402e24765e2c632140947494628c055f635f316494682f68314b008594683387945294284b014b03859468118943187dd118494b42cf3f0a29ba2e290089bf8c96e9687c7a503f9474946275622e,6.0,small,0.0,COMPLETE
224,6.675458451739882,2024-08-18 01:45:55.896685,2024-08-18 01:46:24.943935,0 days 00:00:29.047250,0.4476928043631264,0.17228865703914253,36.0,0.0,0.0,0.0,,,6.0,small,0.0,COMPLETE
225,6.460789678671961,2024-08-18 01:46:25.010038,2024-08-18 01:46:52.650364,0 days 00:00:27.640326,0.4589147562042764,0.16909474082093653,36.0,0.0,0.0,0.0,,,6.0,small,0.0,COMPLETE
226,7.133204589056249,2024-08-18 01:46:52.796947,2024-08-18 01:47:21.760279,0 days 00:00:28.963332,0.4433895331100501,0.1696041805830236,36.0,0.0,0.0,0.0,,,6.0,small,0.0,COMPLETE
227,6.294357177910718,2024-08-18 01:47:21.832888,2024-08-18 01:47:49.457753,0 days 00:00:27.624865,0.44616308529530146,0.1709432325549943,36.0,0.0,0.0,0.0,,,6.0,small,0.0,COMPLETE
228,6.195314244335088,2024-08-18 01:47:49.523776,2024-08-18 01:48:16.768453,0 days 00:00:27.244677,0.4576238388759294,0.16822846423513702,36.0,0.0,0.0,0.0,,,6.0,small,0.0,COMPLETE
229,6.377994969020433,2024-08-18 01:48:16.870775,2024-08-18 01:48:44.452938,0 days 00:00:27.582163,0.45051209289252164,0.16913214625876055,37.0,0.0,0.0,0.0,80049570060000000000008c0a636d6165732e5f636d61948c03434d419493942981947d94288c065f6e5f64696d944b028c085f706f7073697a65944b068c035f6d75944b038c075f6d755f656666948c166e756d70792e5f636f72652e6d756c74696172726179948c067363616c61729493948c056e756d7079948c0564747970659493948c02663894898887945294284b038c013c944e4e4e4affffffff4affffffff4b007494624308b753c6a5983a004094869452948c035f636394680b68114308cf08f6cc59fce33f94869452948c035f633194680b68114308f572bcb3fdd0c33f94869452948c045f636d7594680b68114308031b52bcb49fad3f94869452948c085f635f7369676d6194680b681143089886065d9f8edc3f94869452948c085f645f7369676d6194680b68114308a6a141d7a723f73f94869452948c035f636d944b018c065f6368695f6e94473ff411804baabfb48c085f776569676874739468098c0c5f7265636f6e737472756374949394680c8c076e6461727261799493944b0085944301629487945294284b014b068594680e8c02663894898887945294284b0368124e4e4e4affffffff4affffffff4b007494628943303d81341aa762e43fed14472b6636d23f67a23f812e11b43f94d816a51c54d2bfe3fe9c65897ae8bf916ebfbfe67ef2bf947494628c085f705f7369676d6194682f68314b008594683387945294284b014b0285946811894310d3e6e9917644e43fda355ca3b5d9e3bf947494628c035f706394682f68314b008594683387945294284b014b0285946811894310b37d0ea9a2a8d03f4da60b22db6c9abf947494628c055f6d65616e94682f68314b008594683387945294284b014b0285946839894310a7aa176d3ac2eb3fa00c8b30bdecd03f947494628c065f7369676d6194680b681143089cc43e93d255b63f94869452948c025f44944e8c025f42944e8c075f626f756e647394682f68314b008594683387945294284b014b024b02869468398943200000000000000000000000000000f03f0000000000000000000000000000f03f947494628c115f6e5f6d61785f726573616d706c696e67944b148c025f67944b258c095f6c725f616461707494898c065f616c70686194473ff66666666666668c0a5f626574615f6d65616e94473fb999999999999a8c0b5f626574615f5369676d6194473f9eb851eb851eb88c065f67616d6d6194473fb999999999999a8c065f456d65616e94682f68314b008594683387945294284b014b024b018694683989431000000000000000000000000000000000947494628c075f455369676d6194682f68314b008594683387945294284b014b044b018694683989432000000000000000000000000000000000000000000000000000000,00000000000947494628c065f566d65616e944700000000000000008c075f565369676d61944700000000000000008c095f6574615f6d65616e94473ff00000000000008c0a5f6574615f5369676d6194473ff00000000000008c055f746f6c7894680b6811430816383daccc74473d94869452948c075f746f6c787570944740c38800000000008c075f746f6c66756e94473d719799812dea118c105f746f6c636f6e646974696f6e636f76944742d6bcc41e9000008c0d5f66756e686973745f7465726d944b148c0f5f66756e686973745f76616c75657394682f68314b008594683387945294284b014b28859468398942400100002f3b0a152efc204067f5e7eb952422407e305a6198b920408474b7db0df92140243fab402bbc2040a813ac8766502140edecea4a994b20400d9e8d51ec302140b8372c8172b21f40e01cebb3b4912240a3d3e71838771f403df1234b5c7c20401ccec92d28211e4006865fc152e02340a091bde914051c40ec5b3b1abe63244014bbfab6427c1b40be7df937b2942440944bcd7acd541a4042132daf46e32340b687c785178f1b4077a401a9aedf2940851e287d37091a40cabcf16fcd841e4022629112bf901b409cde1deab23721406b1e25f38cfe1840801b42def28d20401842053be92719408aeafa8ef97c1e40b628dfb360ed18409fe8789b206c1c407eb88ffa3fc518407c7a089915161f40d9720f7500c81840e1b1a6c866881c40b40813082a2c21407a9a3847af792440c7a6f80fae0521402e24765e2c632140947494628c055f635f316494682f68314b008594683387945294284b014b0385946811894318a2066b36c4f6cc3fa5800281a4ad89bf7ff89e63d6a1503f9474946275622e,6.0,small,0.0,COMPLETE
230,6.280078035214938,2024-08-18 01:48:44.591360,2024-08-18 01:49:11.995742,0 days 00:00:27.404382,0.45410763003893767,0.1684558922072253,37.0,0.0,0.0,0.0,,,6.0,small,0.0,COMPLETE
