number,value,datetime_start,datetime_complete,duration,params_poisson_ratio,params_youngs_modulus,system_attrs_cma:generation,system_attrs_cma:large_n_eval,system_attrs_cma:n_restarts,system_attrs_cma:n_restarts_with_large,system_attrs_cma:optimizer:0,system_attrs_cma:optimizer:1,system_attrs_cma:popsize,system_attrs_cma:poptype,system_attrs_cma:small_n_eval,state
424,6.165370820903383,2024-08-18 03:19:50.552755,2024-08-18 03:20:17.925970,0 days 00:00:27.373215,0.4538438163378126,0.16910667503681864,69.0,0.0,0.0,0.0,,,6.0,small,0.0,COMPLETE
425,6.165368440362419,2024-08-18 03:20:18.074525,2024-08-18 03:20:47.041813,0 days 00:00:28.967288,0.45387054334362403,0.16910106484067144,69.0,0.0,0.0,0.0,,,6.0,small,0.0,COMPLETE
426,6.1653678213469805,2024-08-18 03:20:47.134314,2024-08-18 03:21:16.230964,0 days 00:00:29.096650,0.45387033930382537,0.16910253116771706,69.0,0.0,0.0,0.0,,,6.0,small,0.0,COMPLETE
427,6.165367488568672,2024-08-18 03:21:16.321345,2024-08-18 03:21:43.747708,0 days 00:00:27.426363,0.4538514003546871,0.1691068448285319,69.0,0.0,0.0,0.0,,,6.0,small,0.0,COMPLETE
428,6.165367316729101,2024-08-18 03:21:43.912563,2024-08-18 03:22:12.799868,0 days 00:00:28.887305,0.4538652826763745,0.16910405594337763,69.0,0.0,0.0,0.0,,,6.0,small,0.0,COMPLETE
429,6.165367776248504,2024-08-18 03:22:12.902269,2024-08-18 03:22:40.180716,0 days 00:00:27.278447,0.4538649171928899,0.16910387473999233,70.0,0.0,0.0,0.0,80049570060000000000008c0a636d6165732e5f636d61948c03434d419493942981947d94288c065f6e5f64696d944b028c085f706f7073697a65944b068c035f6d75944b038c075f6d755f656666948c166e756d70792e5f636f72652e6d756c74696172726179948c067363616c61729493948c056e756d7079948c0564747970659493948c02663894898887945294284b038c013c944e4e4e4affffffff4affffffff4b007494624308b753c6a5983a004094869452948c035f636394680b68114308cf08f6cc59fce33f94869452948c035f633194680b68114308f572bcb3fdd0c33f94869452948c045f636d7594680b68114308031b52bcb49fad3f94869452948c085f635f7369676d6194680b681143089886065d9f8edc3f94869452948c085f645f7369676d6194680b68114308a6a141d7a723f73f94869452948c035f636d944b018c065f6368695f6e94473ff411804baabfb48c085f776569676874739468098c0c5f7265636f6e737472756374949394680c8c076e6461727261799493944b0085944301629487945294284b014b068594680e8c02663894898887945294284b0368124e4e4e4affffffff4affffffff4b007494628943303d81341aa762e43fed14472b6636d23f67a23f812e11b43f94d816a51c54d2bfe3fe9c65897ae8bf916ebfbfe67ef2bf947494628c085f705f7369676d6194682f68314b008594683387945294284b014b02859468118943103866a3442ce4c0bf119822af4852c53f947494628c035f706394682f68314b008594683387945294284b014b0285946811894310dc4887a7bb087a3f60a1e626ed5d1a3f947494628c055f6d65616e94682f68314b008594683387945294284b014b028594683989431061e0c2434bb2eb3f9c90c48b78f0d03f947494628c065f7369676d6194680b6811430835495dc2a033523f94869452948c025f44944e8c025f42944e8c075f626f756e647394682f68314b008594683387945294284b014b024b02869468398943200000000000000000000000000000f03f0000000000000000000000000000f03f947494628c115f6e5f6d61785f726573616d706c696e67944b148c025f67944b468c095f6c725f616461707494898c065f616c70686194473ff66666666666668c0a5f626574615f6d65616e94473fb999999999999a8c0b5f626574615f5369676d6194473f9eb851eb851eb88c065f67616d6d6194473fb999999999999a8c065f456d65616e94682f68314b008594683387945294284b014b024b018694683989431000000000000000000000000000000000947494628c075f455369676d6194682f68314b008594683387945294284b014b044b018694683989432000000000000000000000000000000000000000000000000000000,00000000000947494628c065f566d65616e944700000000000000008c075f565369676d61944700000000000000008c095f6574615f6d65616e94473ff00000000000008c0a5f6574615f5369676d6194473ff00000000000008c055f746f6c7894680b6811430816383daccc74473d94869452948c075f746f6c787570944740c38800000000008c075f746f6c66756e94473d719799812dea118c105f746f6c636f6e646974696f6e636f76944742d6bcc41e9000008c0d5f66756e686973745f7465726d944b148c0f5f66756e686973745f76616c75657394682f68314b008594683387945294284b014b288594683989424001000026fbecda57a918405144d4c65aa91840425c0b9156a91840de18f66e60a91840c0a2be7e56a91840d08f936159a91840d3556a4c56a9184068693c3f58a918404447193356a9184079d85e6158a918403fbbe60256a9184044ec49fb56a9184012cc7af055a918409620959456a91840a2ea448a55a91840be1682eb56a918405a76260f56a91840241e7eef56a91840514177c355a9184008ca46c456a918400eb7c40c56a9184087f8edf756a918409ea302a972a91840ca48a95a95aa1840847766077ba918406da79fb124aa1840e8abda4d80a91840763bebce43aa18406088872759a91840ea70f0d023aa1840e50b4fb857a91840d8e15f67e5a91840d26e56bf57a918408f63f5a7aea91840ca5a393d56a918402478d79d8ea91840a4f5a6c756a918400e93c39465a918402ce2513058a918401e48644b6ca91840947494628c055f635f316494682f68314b008594683387945294284b014b0385946811894318047859623192693faa261b04400a2abf048442c0d1f1ec3e9474946275622e,6.0,small,0.0,COMPLETE
430,6.165368672339419,2024-08-18 03:22:40.267569,2024-08-18 03:23:07.514693,0 days 00:00:27.247124,0.4538699749366875,0.16910277935467466,70.0,0.0,0.0,0.0,,,6.0,small,0.0,COMPLETE
431,6.165367922223462,2024-08-18 03:23:07.600374,2024-08-18 03:23:34.786869,0 days 00:00:27.186495,0.45384947498231487,0.16910751647324201,70.0,0.0,0.0,0.0,,,6.0,small,0.0,COMPLETE
432,6.165368776084668,2024-08-18 03:23:34.867482,2024-08-18 03:24:02.141682,0 days 00:00:27.274200,0.4538706033592821,0.16910308703103677,70.0,0.0,0.0,0.0,,,6.0,small,0.0,COMPLETE
433,6.165367965260785,2024-08-18 03:24:02.205794,2024-08-18 03:24:31.100916,0 days 00:00:28.895122,0.4538592850892041,0.1691046301744474,70.0,0.0,0.0,0.0,,,6.0,small,0.0,COMPLETE
434,6.165367686403013,2024-08-18 03:24:31.196178,2024-08-18 03:24:58.707674,0 days 00:00:27.511496,0.4538660097162496,0.16910259367935407,70.0,0.0,0.0,0.0,,,6.0,small,0.0,COMPLETE
435,6.165366863998652,2024-08-18 03:24:58.850506,2024-08-18 03:25:28.057681,0 days 00:00:29.207175,0.45386983652660534,0.1691025177270312,71.0,0.0,0.0,0.0,80049570060000000000008c0a636d6165732e5f636d61948c03434d419493942981947d94288c065f6e5f64696d944b028c085f706f7073697a65944b068c035f6d75944b038c075f6d755f656666948c166e756d70792e5f636f72652e6d756c74696172726179948c067363616c61729493948c056e756d7079948c0564747970659493948c02663894898887945294284b038c013c944e4e4e4affffffff4affffffff4b007494624308b753c6a5983a004094869452948c035f636394680b68114308cf08f6cc59fce33f94869452948c035f633194680b68114308f572bcb3fdd0c33f94869452948c045f636d7594680b68114308031b52bcb49fad3f94869452948c085f635f7369676d6194680b681143089886065d9f8edc3f94869452948c085f645f7369676d6194680b68114308a6a141d7a723f73f94869452948c035f636d944b018c065f6368695f6e94473ff411804baabfb48c085f776569676874739468098c0c5f7265636f6e737472756374949394680c8c076e6461727261799493944b0085944301629487945294284b014b068594680e8c02663894898887945294284b0368124e4e4e4affffffff4affffffff4b007494628943303d81341aa762e43fed14472b6636d23f67a23f812e11b43f94d816a51c54d2bfe3fe9c65897ae8bf916ebfbfe67ef2bf947494628c085f705f7369676d6194682f68314b008594683387945294284b014b02859468118943105bccd1ae68e3cf3f2a7829611d47f9bf947494628c035f706394682f68314b008594683387945294284b014b028594681189431028a8bdb6288f9d3f9cd0d4fac5ab6dbf947494628c055f6d65616e94682f68314b008594683387945294284b014b02859468398943101912b5ff79b2eb3f37b1c9a06bf0d03f947494628c065f7369676d6194680b6811430839a8b82679d0533f94869452948c025f44944e8c025f42944e8c075f626f756e647394682f68314b008594683387945294284b014b024b02869468398943200000000000000000000000000000f03f0000000000000000000000000000f03f947494628c115f6e5f6d61785f726573616d706c696e67944b148c025f67944b478c095f6c725f616461707494898c065f616c70686194473ff66666666666668c0a5f626574615f6d65616e94473fb999999999999a8c0b5f626574615f5369676d6194473f9eb851eb851eb88c065f67616d6d6194473fb999999999999a8c065f456d65616e94682f68314b008594683387945294284b014b024b018694683989431000000000000000000000000000000000947494628c075f455369676d6194682f68314b008594683387945294284b014b044b018694683989432000000000000000000000000000000000000000000000000000000,00000000000947494628c065f566d65616e944700000000000000008c075f565369676d61944700000000000000008c095f6574615f6d65616e94473ff00000000000008c0a5f6574615f5369676d6194473ff00000000000008c055f746f6c7894680b6811430816383daccc74473d94869452948c075f746f6c787570944740c38800000000008c075f746f6c66756e94473d719799812dea118c105f746f6c636f6e646974696f6e636f76944742d6bcc41e9000008c0d5f66756e686973745f7465726d944b148c0f5f66756e686973745f76616c75657394682f68314b008594683387945294284b014b288594683989424001000026fbecda57a918405144d4c65aa91840425c0b9156a91840de18f66e60a91840c0a2be7e56a91840d08f936159a91840d3556a4c56a9184068693c3f58a918404447193356a9184079d85e6158a918403fbbe60256a9184044ec49fb56a9184012cc7af055a918409620959456a91840a2ea448a55a91840be1682eb56a918405a76260f56a91840241e7eef56a91840514177c355a9184008ca46c456a918400eb7c40c56a9184087f8edf756a918401daa932556a91840b640b46e56a91840847766077ba918406da79fb124aa1840e8abda4d80a91840763bebce43aa18406088872759a91840ea70f0d023aa1840e50b4fb857a91840d8e15f67e5a91840d26e56bf57a918408f63f5a7aea91840ca5a393d56a918402478d79d8ea91840a4f5a6c756a918400e93c39465a918402ce2513058a918401e48644b6ca91840947494628c055f635f316494682f68314b008594683387945294284b014b038594681189431820062785d6a2643fd3ac9e7904fd26bf5bceff06ccdeec3e9474946275622e,6.0,small,0.0,COMPLETE
436,6.165367497531222,2024-08-18 03:25:28.160299,2024-08-18 03:25:55.374027,0 days 00:00:27.213728,0.4538759861546627,0.16909985087919985,71.0,0.0,0.0,0.0,,,6.0,small,0.0,COMPLETE
437,6.165370361362587,2024-08-18 03:25:55.466312,2024-08-18 03:26:22.701644,0 days 00:00:27.235332,0.45387058467678676,0.16910063043264528,71.0,0.0,0.0,0.0,,,6.0,small,0.0,COMPLETE
438,6.165368521672581,2024-08-18 03:26:22.775515,2024-08-18 03:26:50.089286,0 days 00:00:27.313771,0.4538678907026151,0.16910329894245,71.0,0.0,0.0,0.0,,,6.0,small,0.0,COMPLETE
439,6.16536822489067,2024-08-18 03:26:50.173480,2024-08-18 03:27:19.407662,0 days 00:00:29.234182,0.4538656074520744,0.16910341174686994,71.0,0.0,0.0,0.0,,,6.0,small,0.0,COMPLETE
440,6.165369648302058,2024-08-18 03:27:19.487984,2024-08-18 03:27:47.010578,0 days 00:00:27.522594,0.4538547733251858,0.1691045093960647,71.0,0.0,0.0,0.0,,,6.0,small,0.0,COMPLETE
441,6.165369269644561,2024-08-18 03:27:47.094705,2024-08-18 03:28:16.434671,0 days 00:00:29.339966,0.45387562430513184,0.16910024052846598,72.0,0.0,0.0,0.0,80049570060000000000008c0a636d6165732e5f636d61948c03434d419493942981947d94288c065f6e5f64696d944b028c085f706f7073697a65944b068c035f6d75944b038c075f6d755f656666948c166e756d70792e5f636f72652e6d756c74696172726179948c067363616c61729493948c056e756d7079948c0564747970659493948c02663894898887945294284b038c013c944e4e4e4affffffff4affffffff4b007494624308b753c6a5983a004094869452948c035f636394680b68114308cf08f6cc59fce33f94869452948c035f633194680b68114308f572bcb3fdd0c33f94869452948c045f636d7594680b68114308031b52bcb49fad3f94869452948c085f635f7369676d6194680b681143089886065d9f8edc3f94869452948c085f645f7369676d6194680b68114308a6a141d7a723f73f94869452948c035f636d944b018c065f6368695f6e94473ff411804baabfb48c085f776569676874739468098c0c5f7265636f6e737472756374949394680c8c076e6461727261799493944b0085944301629487945294284b014b068594680e8c02663894898887945294284b0368124e4e4e4affffffff4affffffff4b007494628943303d81341aa762e43fed14472b6636d23f67a23f812e11b43f94d816a51c54d2bfe3fe9c65897ae8bf916ebfbfe67ef2bf947494628c085f705f7369676d6194682f68314b008594683387945294284b014b0285946811894310e133d8224c89f43f77426b421c47debf947494628c035f706394682f68314b008594683387945294284b014b0285946811894310a4dd15bc2cbbb23fc3ef4f4cdd9f74bf947494628c055f6d65616e94682f68314b008594683387945294284b014b0285946839894310727974c0f1b2eb3f65c658815df0d03f947494628c065f7369676d6194680b681143088533784d4b60543f94869452948c025f44944e8c025f42944e8c075f626f756e647394682f68314b008594683387945294284b014b024b02869468398943200000000000000000000000000000f03f0000000000000000000000000000f03f947494628c115f6e5f6d61785f726573616d706c696e67944b148c025f67944b488c095f6c725f616461707494898c065f616c70686194473ff66666666666668c0a5f626574615f6d65616e94473fb999999999999a8c0b5f626574615f5369676d6194473f9eb851eb851eb88c065f67616d6d6194473fb999999999999a8c065f456d65616e94682f68314b008594683387945294284b014b024b018694683989431000000000000000000000000000000000947494628c075f455369676d6194682f68314b008594683387945294284b014b044b018694683989432000000000000000000000000000000000000000000000000000000,00000000000947494628c065f566d65616e944700000000000000008c075f565369676d61944700000000000000008c095f6574615f6d65616e94473ff00000000000008c0a5f6574615f5369676d6194473ff00000000000008c055f746f6c7894680b6811430816383daccc74473d94869452948c075f746f6c787570944740c38800000000008c075f746f6c66756e94473d719799812dea118c105f746f6c636f6e646974696f6e636f76944742d6bcc41e9000008c0d5f66756e686973745f7465726d944b148c0f5f66756e686973745f76616c75657394682f68314b008594683387945294284b014b288594683989424001000026fbecda57a918405144d4c65aa91840425c0b9156a91840de18f66e60a91840c0a2be7e56a91840d08f936159a91840d3556a4c56a9184068693c3f58a918404447193356a9184079d85e6158a918403fbbe60256a9184044ec49fb56a9184012cc7af055a918409620959456a91840a2ea448a55a91840be1682eb56a918405a76260f56a91840241e7eef56a91840514177c355a9184008ca46c456a918400eb7c40c56a9184087f8edf756a918401daa932556a91840b640b46e56a918407bdd62ee55a91840bc1e17d956a91840e8abda4d80a91840763bebce43aa18406088872759a91840ea70f0d023aa1840e50b4fb857a91840d8e15f67e5a91840d26e56bf57a918408f63f5a7aea91840ca5a393d56a918402478d79d8ea91840a4f5a6c756a918400e93c39465a918402ce2513058a918401e48644b6ca91840947494628c055f635f316494682f68314b008594683387945294284b014b038594681189431890c67956f1b7693f9fd6c842db7b2cbf22ef243fff01f13e9474946275622e,6.0,small,0.0,COMPLETE
442,6.165368447566299,2024-08-18 03:28:16.522489,2024-08-18 03:28:45.445041,0 days 00:00:28.922552,0.45386010173850755,0.16910453208965626,72.0,0.0,0.0,0.0,,,6.0,small,0.0,COMPLETE
443,6.165369777174304,2024-08-18 03:28:45.532223,2024-08-18 03:29:12.905581,0 days 00:00:27.373358,0.45388696752725943,0.16909772831846043,72.0,0.0,0.0,0.0,,,6.0,small,0.0,COMPLETE
444,6.165368978844671,2024-08-18 03:29:12.991231,2024-08-18 03:29:40.147721,0 days 00:00:27.156490,0.4538603841742553,0.16910443613439416,72.0,0.0,0.0,0.0,,,6.0,small,0.0,COMPLETE
445,6.165368845422218,2024-08-18 03:29:40.234409,2024-08-18 03:30:09.321025,0 days 00:00:29.086616,0.4538826695898871,0.16909923479169064,72.0,0.0,0.0,0.0,,,6.0,small,0.0,COMPLETE
446,6.165366847631647,2024-08-18 03:30:09.399791,2024-08-18 03:30:38.391586,0 days 00:00:28.991795,0.45387111367331245,0.16910219712229588,72.0,0.0,0.0,0.0,,,6.0,small,0.0,COMPLETE
447,6.165366413849373,2024-08-18 03:30:38.484171,2024-08-18 03:31:06.162849,0 days 00:00:27.678678,0.45386580947042354,0.16910391444670148,73.0,0.0,0.0,0.0,80049570060000000000008c0a636d6165732e5f636d61948c03434d419493942981947d94288c065f6e5f64696d944b028c085f706f7073697a65944b068c035f6d75944b038c075f6d755f656666948c166e756d70792e5f636f72652e6d756c74696172726179948c067363616c61729493948c056e756d7079948c0564747970659493948c02663894898887945294284b038c013c944e4e4e4affffffff4affffffff4b007494624308b753c6a5983a004094869452948c035f636394680b68114308cf08f6cc59fce33f94869452948c035f633194680b68114308f572bcb3fdd0c33f94869452948c045f636d7594680b68114308031b52bcb49fad3f94869452948c085f635f7369676d6194680b681143089886065d9f8edc3f94869452948c085f645f7369676d6194680b68114308a6a141d7a723f73f94869452948c035f636d944b018c065f6368695f6e94473ff411804baabfb48c085f776569676874739468098c0c5f7265636f6e737472756374949394680c8c076e6461727261799493944b0085944301629487945294284b014b068594680e8c02663894898887945294284b0368124e4e4e4affffffff4affffffff4b007494628943303d81341aa762e43fed14472b6636d23f67a23f812e11b43f94d816a51c54d2bfe3fe9c65897ae8bf916ebfbfe67ef2bf947494628c085f705f7369676d6194682f68314b008594683387945294284b014b0285946811894310d15f1f4a729bd93fe8e42a911548bf3f947494628c035f706394682f68314b008594683387945294284b014b0285946811894310b4e800d09aae7a3f00f66725e05bc3be947494628c055f6d65616e94682f68314b008594683387945294284b014b0285946839894310dc0ae958c8b2eb3f05935af764f0d03f947494628c065f7369676d6194680b6811430874425105c996503f94869452948c025f44944e8c025f42944e8c075f626f756e647394682f68314b008594683387945294284b014b024b02869468398943200000000000000000000000000000f03f0000000000000000000000000000f03f947494628c115f6e5f6d61785f726573616d706c696e67944b148c025f67944b498c095f6c725f616461707494898c065f616c70686194473ff66666666666668c0a5f626574615f6d65616e94473fb999999999999a8c0b5f626574615f5369676d6194473f9eb851eb851eb88c065f67616d6d6194473fb999999999999a8c065f456d65616e94682f68314b008594683387945294284b014b024b018694683989431000000000000000000000000000000000947494628c075f455369676d6194682f68314b008594683387945294284b014b044b018694683989432000000000000000000000000000000000000000000000000000000,00000000000947494628c065f566d65616e944700000000000000008c075f565369676d61944700000000000000008c095f6574615f6d65616e94473ff00000000000008c0a5f6574615f5369676d6194473ff00000000000008c055f746f6c7894680b6811430816383daccc74473d94869452948c075f746f6c787570944740c38800000000008c075f746f6c66756e94473d719799812dea118c105f746f6c636f6e646974696f6e636f76944742d6bcc41e9000008c0d5f66756e686973745f7465726d944b148c0f5f66756e686973745f76616c75657394682f68314b008594683387945294284b014b288594683989424001000026fbecda57a918405144d4c65aa91840425c0b9156a91840de18f66e60a91840c0a2be7e56a91840d08f936159a91840d3556a4c56a9184068693c3f58a918404447193356a9184079d85e6158a918403fbbe60256a9184044ec49fb56a9184012cc7af055a918409620959456a91840a2ea448a55a91840be1682eb56a918405a76260f56a91840241e7eef56a91840514177c355a9184008ca46c456a918400eb7c40c56a9184087f8edf756a918401daa932556a91840b640b46e56a918407bdd62ee55a91840bc1e17d956a91840a2ae49ed55a918407ed7e2b156a918406088872759a91840ea70f0d023aa1840e50b4fb857a91840d8e15f67e5a91840d26e56bf57a918408f63f5a7aea91840ca5a393d56a918402478d79d8ea91840a4f5a6c756a918400e93c39465a918402ce2513058a918401e48644b6ca91840947494628c055f635f316494682f68314b008594683387945294284b014b03859468118943188026c9253294633ff1e5693bde4125bf94a98dd01647e93e9474946275622e,6.0,small,0.0,COMPLETE
448,6.165369170142472,2024-08-18 03:31:06.251077,2024-08-18 03:31:35.241230,0 days 00:00:28.990153,0.45387186574475324,0.16910231097088302,73.0,0.0,0.0,0.0,,,6.0,small,0.0,COMPLETE
449,6.165370132033865,2024-08-18 03:31:35.336476,2024-08-18 03:32:02.854845,0 days 00:00:27.518369,0.45387002986459063,0.16910330309090588,73.0,0.0,0.0,0.0,,,6.0,small,0.0,COMPLETE
450,6.1653665735610765,2024-08-18 03:32:02.953838,2024-08-18 03:32:31.838889,0 days 00:00:28.885051,0.45385847047280226,0.16910526880708662,73.0,0.0,0.0,0.0,,,6.0,small,0.0,COMPLETE
451,6.165369274709377,2024-08-18 03:32:31.910279,2024-08-18 03:32:59.175761,0 days 00:00:27.265482,0.4538621136819777,0.16910588402119853,73.0,0.0,0.0,0.0,,,6.0,small,0.0,COMPLETE
452,6.165369875012052,2024-08-18 03:32:59.251752,2024-08-18 03:33:26.425970,0 days 00:00:27.174218,0.4538683950983733,0.16910251295461465,73.0,0.0,0.0,0.0,,,6.0,small,0.0,COMPLETE
