number,value,datetime_start,datetime_complete,duration,params_poisson_ratio,params_youngs_modulus,system_attrs_cma:generation,system_attrs_cma:large_n_eval,system_attrs_cma:n_restarts,system_attrs_cma:n_restarts_with_large,system_attrs_cma:optimizer:0,system_attrs_cma:optimizer:1,system_attrs_cma:popsize,system_attrs_cma:poptype,system_attrs_cma:small_n_eval,state
89,10.073464514515482,2024-08-18 00:42:38.508786,2024-08-18 00:43:07.465483,0 days 00:00:28.956697,0.4022164085273581,0.17404800796832048,14.0,0.0,0.0,0.0,,,6.0,small,0.0,COMPLETE
90,8.928488485835159,2024-08-18 00:43:07.566164,2024-08-18 00:43:34.943074,0 days 00:00:27.376910,0.40269689042996554,0.1764193608900203,14.0,0.0,0.0,0.0,,,6.0,small,0.0,COMPLETE
91,9.527625154805813,2024-08-18 00:43:35.054137,2024-08-18 00:44:04.000705,0 days 00:00:28.946568,0.3982164759136204,0.17597485883308017,14.0,0.0,0.0,0.0,,,6.0,small,0.0,COMPLETE
92,10.704023120441889,2024-08-18 00:44:04.086386,2024-08-18 00:44:33.062279,0 days 00:00:28.975893,0.40225474131057104,0.1730612054762991,14.0,0.0,0.0,0.0,,,6.0,small,0.0,COMPLETE
93,8.793143176689004,2024-08-18 00:44:33.142693,2024-08-18 00:45:02.192349,0 days 00:00:29.049656,0.40389789298102247,0.17896244630185887,14.0,0.0,0.0,0.0,,,6.0,small,0.0,COMPLETE
94,8.747515632767835,2024-08-18 00:45:02.291337,2024-08-18 00:45:31.400677,0 days 00:00:29.109340,0.4044401084318987,0.17884141992882313,15.0,0.0,0.0,0.0,80049570060000000000008c0a636d6165732e5f636d61948c03434d419493942981947d94288c065f6e5f64696d944b028c085f706f7073697a65944b068c035f6d75944b038c075f6d755f656666948c166e756d70792e5f636f72652e6d756c74696172726179948c067363616c61729493948c056e756d7079948c0564747970659493948c02663894898887945294284b038c013c944e4e4e4affffffff4affffffff4b007494624308b753c6a5983a004094869452948c035f636394680b68114308cf08f6cc59fce33f94869452948c035f633194680b68114308f572bcb3fdd0c33f94869452948c045f636d7594680b68114308031b52bcb49fad3f94869452948c085f635f7369676d6194680b681143089886065d9f8edc3f94869452948c085f645f7369676d6194680b68114308a6a141d7a723f73f94869452948c035f636d944b018c065f6368695f6e94473ff411804baabfb48c085f776569676874739468098c0c5f7265636f6e737472756374949394680c8c076e6461727261799493944b0085944301629487945294284b014b068594680e8c02663894898887945294284b0368124e4e4e4affffffff4affffffff4b007494628943303d81341aa762e43fed14472b6636d23f67a23f812e11b43f94d816a51c54d2bfe3fe9c65897ae8bf916ebfbfe67ef2bf947494628c085f705f7369676d6194682f68314b008594683387945294284b014b0285946811894310cdfa3a588b70ca3f0d53b6451d06d13f947494628c035f706394682f68314b008594683387945294284b014b0285946811894310fd1cddfa63bfc73feca076e33148b03f947494628c055f6d65616e94682f68314b008594683387945294284b014b028594683989431031e9bf116453dc3f4a2827148134d23f947494628c065f7369676d6194680b68114308a22c2aa775469f3f94869452948c025f44944e8c025f42944e8c075f626f756e647394682f68314b008594683387945294284b014b024b02869468398943200000000000000000000000000000f03f0000000000000000000000000000f03f947494628c115f6e5f6d61785f726573616d706c696e67944b148c025f67944b0f8c095f6c725f616461707494898c065f616c70686194473ff66666666666668c0a5f626574615f6d65616e94473fb999999999999a8c0b5f626574615f5369676d6194473f9eb851eb851eb88c065f67616d6d6194473fb999999999999a8c065f456d65616e94682f68314b008594683387945294284b014b024b018694683989431000000000000000000000000000000000947494628c075f455369676d6194682f68314b008594683387945294284b014b044b018694683989432000000000000000000000000000000000000000000000000000000,00000000000947494628c065f566d65616e944700000000000000008c075f565369676d61944700000000000000008c095f6574615f6d65616e94473ff00000000000008c0a5f6574615f5369676d6194473ff00000000000008c055f746f6c7894680b6811430816383daccc74473d94869452948c075f746f6c787570944740c38800000000008c075f746f6c66756e94473d719799812dea118c105f746f6c636f6e646974696f6e636f76944742d6bcc41e9000008c0d5f66756e686973745f7465726d944b148c0f5f66756e686973745f76616c75657394682f68314b008594683387945294284b014b288594683989424001000000000000000000000000000000000000c2a664d6a4023540da2a2103323b6b40b712a12d4e3b4740d2d69eefc54c54402e00b9a32cfa49405b9e5b615754604010d76be8e4eb3f404297b8c360645b40c98b2525dc632740623f17fb5e50544067a6b1b0b9a32840f4dc5e5978b040409fe4b35c886d2e40a218e8839c0c4640e46f60e0ac6f3040a6a481337da8504018a2c7d2c7b82040dc51b6ff7006444068144afe2b142140c4e8397a463b44409ecb7bbf3209224069419e39e5734140a9f167e2418721400f477fc013802f40da6781966c9921400a8f8e2365c83540c98679e1c26f21409e0c73ee16f82a4082d9c9dc1696214000daebb77568254000000000000000000000000000000000000000000000000000000000000000000000000000000000000000000000000000000000000000000000000000000000947494628c055f635f316494682f68314b008594683387945294284b014b03859468118943181a6a63526ff7d43f7eb439cf08f37c3fe654c72d0d5ba03f9474946275622e,6.0,small,0.0,COMPLETE
95,,2024-08-18 00:45:31.480936,2024-08-18 00:45:58.586552,0 days 00:00:27.105616,0.4023907603848395,0.17615909959405307,15.0,0.0,0.0,0.0,,,6.0,small,0.0,FAIL
96,9.575418966104385,2024-08-18 00:45:58.660235,2024-08-18 00:46:25.789307,0 days 00:00:27.129072,0.4008648297686523,0.1811137184369081,15.0,0.0,0.0,0.0,,,6.0,small,0.0,COMPLETE
97,8.61732690228974,2024-08-18 00:46:25.862171,2024-08-18 00:46:53.028111,0 days 00:00:27.165940,0.4045952458160284,0.17771215679089686,15.0,0.0,0.0,0.0,,,6.0,small,0.0,COMPLETE
98,8.815685130517634,2024-08-18 00:46:53.102078,2024-08-18 00:47:22.081209,0 days 00:00:28.979131,0.4019554371933425,0.1784811947174671,15.0,0.0,0.0,0.0,,,6.0,small,0.0,COMPLETE
99,8.575462829699106,2024-08-18 00:47:22.159575,2024-08-18 00:47:49.222591,0 days 00:00:27.063016,0.40552173279394804,0.17796772438400738,15.0,0.0,0.0,0.0,,,6.0,small,0.0,COMPLETE
100,8.668395146622366,2024-08-18 00:47:49.291762,2024-08-18 00:48:18.433493,0 days 00:00:29.141731,0.40480931924757635,0.17846729719595972,15.0,0.0,0.0,0.0,,,6.0,small,0.0,COMPLETE
101,8.849838497120526,2024-08-18 00:48:18.530990,2024-08-18 00:48:47.637204,0 days 00:00:29.106214,0.4072502826832143,0.1752996301772617,16.0,0.0,0.0,0.0,80049570060000000000008c0a636d6165732e5f636d61948c03434d419493942981947d94288c065f6e5f64696d944b028c085f706f7073697a65944b068c035f6d75944b038c075f6d755f656666948c166e756d70792e5f636f72652e6d756c74696172726179948c067363616c61729493948c056e756d7079948c0564747970659493948c02663894898887945294284b038c013c944e4e4e4affffffff4affffffff4b007494624308b753c6a5983a004094869452948c035f636394680b68114308cf08f6cc59fce33f94869452948c035f633194680b68114308f572bcb3fdd0c33f94869452948c045f636d7594680b68114308031b52bcb49fad3f94869452948c085f635f7369676d6194680b681143089886065d9f8edc3f94869452948c085f645f7369676d6194680b68114308a6a141d7a723f73f94869452948c035f636d944b018c065f6368695f6e94473ff411804baabfb48c085f776569676874739468098c0c5f7265636f6e737472756374949394680c8c076e6461727261799493944b0085944301629487945294284b014b068594680e8c02663894898887945294284b0368124e4e4e4affffffff4affffffff4b007494628943303d81341aa762e43fed14472b6636d23f67a23f812e11b43f94d816a51c54d2bfe3fe9c65897ae8bf916ebfbfe67ef2bf947494628c085f705f7369676d6194682f68314b008594683387945294284b014b0285946811894310d32b5fdbc0c6f43f6ca3cb89d403aa3f947494628c035f706394682f68314b008594683387945294284b014b028594681189431012d55111c155ea3fb1889419cb86913f947494628c055f6d65616e94682f68314b008594683387945294284b014b02859468398943100661fb10f270dd3f62e064c6f031d23f947494628c065f7369676d6194680b68114308abc274f310a09f3f94869452948c025f44944e8c025f42944e8c075f626f756e647394682f68314b008594683387945294284b014b024b02869468398943200000000000000000000000000000f03f0000000000000000000000000000f03f947494628c115f6e5f6d61785f726573616d706c696e67944b148c025f67944b108c095f6c725f616461707494898c065f616c70686194473ff66666666666668c0a5f626574615f6d65616e94473fb999999999999a8c0b5f626574615f5369676d6194473f9eb851eb851eb88c065f67616d6d6194473fb999999999999a8c065f456d65616e94682f68314b008594683387945294284b014b024b018694683989431000000000000000000000000000000000947494628c075f455369676d6194682f68314b008594683387945294284b014b044b018694683989432000000000000000000000000000000000000000000000000000000,00000000000947494628c065f566d65616e944700000000000000008c075f565369676d61944700000000000000008c095f6574615f6d65616e94473ff00000000000008c0a5f6574615f5369676d6194473ff00000000000008c055f746f6c7894680b6811430816383daccc74473d94869452948c075f746f6c787570944740c38800000000008c075f746f6c66756e94473d719799812dea118c105f746f6c636f6e646974696f6e636f76944742d6bcc41e9000008c0d5f66756e686973745f7465726d944b148c0f5f66756e686973745f76616c75657394682f68314b008594683387945294284b014b288594683989424001000000000000000000000000000000000000c2a664d6a4023540da2a2103323b6b40b712a12d4e3b4740d2d69eefc54c54402e00b9a32cfa49405b9e5b615754604010d76be8e4eb3f404297b8c360645b40c98b2525dc632740623f17fb5e50544067a6b1b0b9a32840f4dc5e5978b040409fe4b35c886d2e40a218e8839c0c4640e46f60e0ac6f3040a6a481337da8504018a2c7d2c7b82040dc51b6ff7006444068144afe2b142140c4e8397a463b44409ecb7bbf3209224069419e39e5734140a9f167e2418721400f477fc013802f40da6781966c9921400a8f8e2365c83540c98679e1c26f21409e0c73ee16f82a4082d9c9dc1696214000daebb775682540183e6310a32621403bd591509d262340000000000000000000000000000000000000000000000000000000000000000000000000000000000000000000000000947494628c055f635f316494682f68314b008594683387945294284b014b038594681189431856a5e11fe9ead73fa4c7cb4da365903fdc94206cb50d9b3f9474946275622e,6.0,small,0.0,COMPLETE
102,10.517566527358337,2024-08-18 00:48:47.737482,2024-08-18 00:49:16.657325,0 days 00:00:28.919843,0.40657296019392386,0.18247272964172334,16.0,0.0,0.0,0.0,,,6.0,small,0.0,COMPLETE
103,8.585148410530161,2024-08-18 00:49:16.745983,2024-08-18 00:49:45.854765,0 days 00:00:29.108782,0.40515510491338075,0.17731621356466165,16.0,0.0,0.0,0.0,,,6.0,small,0.0,COMPLETE
104,8.72486841859282,2024-08-18 00:49:45.926335,2024-08-18 00:50:15.138599,0 days 00:00:29.212264,0.4048976291430433,0.17643196007151918,16.0,0.0,0.0,0.0,,,6.0,small,0.0,COMPLETE
105,8.590234585085621,2024-08-18 00:50:15.224532,2024-08-18 00:50:44.464395,0 days 00:00:29.239863,0.40546965683327046,0.17809933937032651,16.0,0.0,0.0,0.0,,,6.0,small,0.0,COMPLETE
106,8.8374026425176,2024-08-18 00:50:44.547503,2024-08-18 00:51:12.258923,0 days 00:00:27.711420,0.4052787510253347,0.17934402594943394,16.0,0.0,0.0,0.0,,,6.0,small,0.0,COMPLETE
107,9.506867891743475,2024-08-18 00:51:12.371420,2024-08-18 00:51:41.691824,0 days 00:00:29.320404,0.4081097514485256,0.18080897468510804,17.0,0.0,0.0,0.0,80049570060000000000008c0a636d6165732e5f636d61948c03434d419493942981947d94288c065f6e5f64696d944b028c085f706f7073697a65944b068c035f6d75944b038c075f6d755f656666948c166e756d70792e5f636f72652e6d756c74696172726179948c067363616c61729493948c056e756d7079948c0564747970659493948c02663894898887945294284b038c013c944e4e4e4affffffff4affffffff4b007494624308b753c6a5983a004094869452948c035f636394680b68114308cf08f6cc59fce33f94869452948c035f633194680b68114308f572bcb3fdd0c33f94869452948c045f636d7594680b68114308031b52bcb49fad3f94869452948c085f635f7369676d6194680b681143089886065d9f8edc3f94869452948c085f645f7369676d6194680b68114308a6a141d7a723f73f94869452948c035f636d944b018c065f6368695f6e94473ff411804baabfb48c085f776569676874739468098c0c5f7265636f6e737472756374949394680c8c076e6461727261799493944b0085944301629487945294284b014b068594680e8c02663894898887945294284b0368124e4e4e4affffffff4affffffff4b007494628943303d81341aa762e43fed14472b6636d23f67a23f812e11b43f94d816a51c54d2bfe3fe9c65897ae8bf916ebfbfe67ef2bf947494628c085f705f7369676d6194682f68314b008594683387945294284b014b02859468118943106320a7a24ca7e73f97c0b55f7631ccbf947494628c035f706394682f68314b008594683387945294284b014b028594681189431033571285db47d43f37d9edb38e4ba3bf947494628c055f6d65616e94682f68314b008594683387945294284b014b0285946839894310eb00e4e0f973dd3f170ac3370821d23f947494628c065f7369676d6194680b68114308641546bf22159c3f94869452948c025f44944e8c025f42944e8c075f626f756e647394682f68314b008594683387945294284b014b024b02869468398943200000000000000000000000000000f03f0000000000000000000000000000f03f947494628c115f6e5f6d61785f726573616d706c696e67944b148c025f67944b118c095f6c725f616461707494898c065f616c70686194473ff66666666666668c0a5f626574615f6d65616e94473fb999999999999a8c0b5f626574615f5369676d6194473f9eb851eb851eb88c065f67616d6d6194473fb999999999999a8c065f456d65616e94682f68314b008594683387945294284b014b024b018694683989431000000000000000000000000000000000947494628c075f455369676d6194682f68314b008594683387945294284b014b044b018694683989432000000000000000000000000000000000000000000000000000000,00000000000947494628c065f566d65616e944700000000000000008c075f565369676d61944700000000000000008c095f6574615f6d65616e94473ff00000000000008c0a5f6574615f5369676d6194473ff00000000000008c055f746f6c7894680b6811430816383daccc74473d94869452948c075f746f6c787570944740c38800000000008c075f746f6c66756e94473d719799812dea118c105f746f6c636f6e646974696f6e636f76944742d6bcc41e9000008c0d5f66756e686973745f7465726d944b148c0f5f66756e686973745f76616c75657394682f68314b008594683387945294284b014b288594683989424001000000000000000000000000000000000000c2a664d6a4023540da2a2103323b6b40b712a12d4e3b4740d2d69eefc54c54402e00b9a32cfa49405b9e5b615754604010d76be8e4eb3f404297b8c360645b40c98b2525dc632740623f17fb5e50544067a6b1b0b9a32840f4dc5e5978b040409fe4b35c886d2e40a218e8839c0c4640e46f60e0ac6f3040a6a481337da8504018a2c7d2c7b82040dc51b6ff7006444068144afe2b142140c4e8397a463b44409ecb7bbf3209224069419e39e5734140a9f167e2418721400f477fc013802f40da6781966c9921400a8f8e2365c83540c98679e1c26f21409e0c73ee16f82a4082d9c9dc1696214000daebb775682540183e6310a32621403bd591509d2623401d118d92982b21404604d97afe0825400000000000000000000000000000000000000000000000000000000000000000947494628c055f635f316494682f68314b008594683387945294284b014b038594681189431823817c33a2eed53ff5cef7af0154893f51f4ba93d86a933f9474946275622e,6.0,small,0.0,COMPLETE
108,9.356002661008283,2024-08-18 00:51:41.793726,2024-08-18 00:52:10.843090,0 days 00:00:29.049364,0.4047981663620329,0.1747845731869086,17.0,0.0,0.0,0.0,,,6.0,small,0.0,COMPLETE
109,8.991233768699168,2024-08-18 00:52:10.945286,2024-08-18 00:52:38.175521,0 days 00:00:27.230235,0.4024031257257635,0.17959399240581603,17.0,0.0,0.0,0.0,,,6.0,small,0.0,COMPLETE
110,8.58625817520474,2024-08-18 00:52:38.265694,2024-08-18 00:53:07.619183,0 days 00:00:29.353489,0.4066296331668722,0.17636676106068971,17.0,0.0,0.0,0.0,,,6.0,small,0.0,COMPLETE
111,10.237665391597364,2024-08-18 00:53:07.706872,2024-08-18 00:53:35.255705,0 days 00:00:27.548833,0.4042683049501973,0.17338031798147358,17.0,0.0,0.0,0.0,,,6.0,small,0.0,COMPLETE
112,8.835605332559416,2024-08-18 00:53:35.346914,2024-08-18 00:54:02.691036,0 days 00:00:27.344122,0.405115983375829,0.17932156266511579,17.0,0.0,0.0,0.0,,,6.0,small,0.0,COMPLETE
113,8.69369788353114,2024-08-18 00:54:02.781515,2024-08-18 00:54:30.143172,0 days 00:00:27.361657,0.4053297801327986,0.1787497013128988,18.0,0.0,0.0,0.0,80049570060000000000008c0a636d6165732e5f636d61948c03434d419493942981947d94288c065f6e5f64696d944b028c085f706f7073697a65944b068c035f6d75944b038c075f6d755f656666948c166e756d70792e5f636f72652e6d756c74696172726179948c067363616c61729493948c056e756d7079948c0564747970659493948c02663894898887945294284b038c013c944e4e4e4affffffff4affffffff4b007494624308b753c6a5983a004094869452948c035f636394680b68114308cf08f6cc59fce33f94869452948c035f633194680b68114308f572bcb3fdd0c33f94869452948c045f636d7594680b68114308031b52bcb49fad3f94869452948c085f635f7369676d6194680b681143089886065d9f8edc3f94869452948c085f645f7369676d6194680b68114308a6a141d7a723f73f94869452948c035f636d944b018c065f6368695f6e94473ff411804baabfb48c085f776569676874739468098c0c5f7265636f6e737472756374949394680c8c076e6461727261799493944b0085944301629487945294284b014b068594680e8c02663894898887945294284b0368124e4e4e4affffffff4affffffff4b007494628943303d81341aa762e43fed14472b6636d23f67a23f812e11b43f94d816a51c54d2bfe3fe9c65897ae8bf916ebfbfe67ef2bf947494628c085f705f7369676d6194682f68314b008594683387945294284b014b0285946811894310b1632a6db2d3e93f462e4c17c3d2c6bf947494628c035f706394682f68314b008594683387945294284b014b0285946811894310b93211002e20d83fccbd450971fc8ebf947494628c055f6d65616e94682f68314b008594683387945294284b014b02859468398943109859b5c8c9cbdd3fede21abeb220d23f947494628c065f7369676d6194680b68114308e22df6732c47993f94869452948c025f44944e8c025f42944e8c075f626f756e647394682f68314b008594683387945294284b014b024b02869468398943200000000000000000000000000000f03f0000000000000000000000000000f03f947494628c115f6e5f6d61785f726573616d706c696e67944b148c025f67944b128c095f6c725f616461707494898c065f616c70686194473ff66666666666668c0a5f626574615f6d65616e94473fb999999999999a8c0b5f626574615f5369676d6194473f9eb851eb851eb88c065f67616d6d6194473fb999999999999a8c065f456d65616e94682f68314b008594683387945294284b014b024b018694683989431000000000000000000000000000000000947494628c075f455369676d6194682f68314b008594683387945294284b014b044b018694683989432000000000000000000000000000000000000000000000000000000,00000000000947494628c065f566d65616e944700000000000000008c075f565369676d61944700000000000000008c095f6574615f6d65616e94473ff00000000000008c0a5f6574615f5369676d6194473ff00000000000008c055f746f6c7894680b6811430816383daccc74473d94869452948c075f746f6c787570944740c38800000000008c075f746f6c66756e94473d719799812dea118c105f746f6c636f6e646974696f6e636f76944742d6bcc41e9000008c0d5f66756e686973745f7465726d944b148c0f5f66756e686973745f76616c75657394682f68314b008594683387945294284b014b288594683989424001000000000000000000000000000000000000c2a664d6a4023540da2a2103323b6b40b712a12d4e3b4740d2d69eefc54c54402e00b9a32cfa49405b9e5b615754604010d76be8e4eb3f404297b8c360645b40c98b2525dc632740623f17fb5e50544067a6b1b0b9a32840f4dc5e5978b040409fe4b35c886d2e40a218e8839c0c4640e46f60e0ac6f3040a6a481337da8504018a2c7d2c7b82040dc51b6ff7006444068144afe2b142140c4e8397a463b44409ecb7bbf3209224069419e39e5734140a9f167e2418721400f477fc013802f40da6781966c9921400a8f8e2365c83540c98679e1c26f21409e0c73ee16f82a4082d9c9dc1696214000daebb775682540183e6310a32621403bd591509d2623401d118d92982b21404604d97afe082540b40813082a2c21407a9a3847af79244000000000000000000000000000000000947494628c055f635f316494682f68314b008594683387945294284b014b0385946811894318fac3f6cb412ad53fe84a3c85de8a5c3f00beff8666498c3f9474946275622e,6.0,small,0.0,COMPLETE
114,8.655658292834332,2024-08-18 00:54:30.245075,2024-08-18 00:54:57.548702,0 days 00:00:27.303627,0.4040241714977837,0.1775226834830212,18.0,0.0,0.0,0.0,,,6.0,small,0.0,COMPLETE
115,8.551022498225754,2024-08-18 00:54:57.619038,2024-08-18 00:55:26.706627,0 days 00:00:29.087589,0.40573059390788707,0.1777802250202275,18.0,0.0,0.0,0.0,,,6.0,small,0.0,COMPLETE
116,8.644811364453185,2024-08-18 00:55:26.801539,2024-08-18 00:55:54.054527,0 days 00:00:27.252988,0.4041872006735763,0.1778046194515307,18.0,0.0,0.0,0.0,,,6.0,small,0.0,COMPLETE
117,8.574076323831147,2024-08-18 00:55:54.131694,2024-08-18 00:56:21.631445,0 days 00:00:27.499751,0.406069233690904,0.17822000195882298,18.0,0.0,0.0,0.0,,,6.0,small,0.0,COMPLETE
118,8.511093615630115,2024-08-18 00:56:21.707848,2024-08-18 00:56:50.991936,0 days 00:00:29.284088,0.40636304785237903,0.17772137571085372,18.0,0.0,0.0,0.0,,,6.0,small,0.0,COMPLETE
