number,value,datetime_start,datetime_complete,duration,params_poisson_ratio,params_youngs_modulus,system_attrs_cma:generation,system_attrs_cma:large_n_eval,system_attrs_cma:n_restarts,system_attrs_cma:n_restarts_with_large,system_attrs_cma:optimizer:0,system_attrs_cma:optimizer:1,system_attrs_cma:popsize,system_attrs_cma:poptype,system_attrs_cma:small_n_eval,state
480,6.165368750877695,2024-08-18 03:46:05.541522,2024-08-18 03:46:32.855794,0 days 00:00:27.314272,0.45385445624019943,0.16910739510848544,78.0,0.0,0.0,0.0,,,6.0,small,0.0,COMPLETE
481,6.1653685547253865,2024-08-18 03:46:32.954346,2024-08-18 03:47:00.437770,0 days 00:00:27.483424,0.45384852221889743,0.16910913248414342,78.0,0.0,0.0,0.0,,,6.0,small,0.0,COMPLETE
482,6.165369118448253,2024-08-18 03:47:00.525916,2024-08-18 03:47:27.981343,0 days 00:00:27.455427,0.4538458402349098,0.16910962207915897,78.0,0.0,0.0,0.0,,,6.0,small,0.0,COMPLETE
483,6.165368271287682,2024-08-18 03:47:28.054960,2024-08-18 03:47:55.693152,0 days 00:00:27.638192,0.45386516695431744,0.1691039749738648,79.0,0.0,0.0,0.0,80049570060000000000008c0a636d6165732e5f636d61948c03434d419493942981947d94288c065f6e5f64696d944b028c085f706f7073697a65944b068c035f6d75944b038c075f6d755f656666948c166e756d70792e5f636f72652e6d756c74696172726179948c067363616c61729493948c056e756d7079948c0564747970659493948c02663894898887945294284b038c013c944e4e4e4affffffff4affffffff4b007494624308b753c6a5983a004094869452948c035f636394680b68114308cf08f6cc59fce33f94869452948c035f633194680b68114308f572bcb3fdd0c33f94869452948c045f636d7594680b68114308031b52bcb49fad3f94869452948c085f635f7369676d6194680b681143089886065d9f8edc3f94869452948c085f645f7369676d6194680b68114308a6a141d7a723f73f94869452948c035f636d944b018c065f6368695f6e94473ff411804baabfb48c085f776569676874739468098c0c5f7265636f6e737472756374949394680c8c076e6461727261799493944b0085944301629487945294284b014b068594680e8c02663894898887945294284b0368124e4e4e4affffffff4affffffff4b007494628943303d81341aa762e43fed14472b6636d23f67a23f812e11b43f94d816a51c54d2bfe3fe9c65897ae8bf916ebfbfe67ef2bf947494628c085f705f7369676d6194682f68314b008594683387945294284b014b02859468118943105cf8b3d856c7eb3f338967a528f3c73f947494628c035f706394682f68314b008594683387945294284b014b0285946811894310614641673f5fab3f151a297cfce570bf947494628c055f6d65616e94682f68314b008594683387945294284b014b0285946839894310dbeeefb64db2eb3f4c50e3b67bf0d03f947494628c065f7369676d6194680b6811430889274a6421244c3f94869452948c025f44944e8c025f42944e8c075f626f756e647394682f68314b008594683387945294284b014b024b02869468398943200000000000000000000000000000f03f0000000000000000000000000000f03f947494628c115f6e5f6d61785f726573616d706c696e67944b148c025f67944b4f8c095f6c725f616461707494898c065f616c70686194473ff66666666666668c0a5f626574615f6d65616e94473fb999999999999a8c0b5f626574615f5369676d6194473f9eb851eb851eb88c065f67616d6d6194473fb999999999999a8c065f456d65616e94682f68314b008594683387945294284b014b024b018694683989431000000000000000000000000000000000947494628c075f455369676d6194682f68314b008594683387945294284b014b044b018694683989432000000000000000000000000000000000000000000000000000000,00000000000947494628c065f566d65616e944700000000000000008c075f565369676d61944700000000000000008c095f6574615f6d65616e94473ff00000000000008c0a5f6574615f5369676d6194473ff00000000000008c055f746f6c7894680b6811430816383daccc74473d94869452948c075f746f6c787570944740c38800000000008c075f746f6c66756e94473d719799812dea118c105f746f6c636f6e646974696f6e636f76944742d6bcc41e9000008c0d5f66756e686973745f7465726d944b148c0f5f66756e686973745f76616c75657394682f68314b008594683387945294284b014b288594683989424001000026fbecda57a918405144d4c65aa91840425c0b9156a91840de18f66e60a91840c0a2be7e56a91840d08f936159a91840d3556a4c56a9184068693c3f58a918404447193356a9184079d85e6158a918403fbbe60256a9184044ec49fb56a9184012cc7af055a918409620959456a91840a2ea448a55a91840be1682eb56a918405a76260f56a91840241e7eef56a91840514177c355a9184008ca46c456a918400eb7c40c56a9184087f8edf756a918401daa932556a91840b640b46e56a918407bdd62ee55a91840bc1e17d956a91840a2ae49ed55a918407ed7e2b156a91840045c2dd055a918405948b3c956a91840dd5cbafb55a918407f2cc1c656a9184072e3c1f055a91840b6b999b556a918406286eadf55a91840f8150d6656a918400073ea2a56a91840a2a80ad156a918406509b2c855a91840af03ae8556a91840947494628c055f635f316494682f68314b008594683387945294284b014b03859468118943185f965e41b479613fe2db5a5a95ed25bfc651348d396bec3e9474946275622e,6.0,small,0.0,COMPLETE
484,6.1653684114081555,2024-08-18 03:47:55.770277,2024-08-18 03:48:23.074424,0 days 00:00:27.304147,0.4538578633000994,0.16910598162793347,79.0,0.0,0.0,0.0,,,6.0,small,0.0,COMPLETE
485,6.1653690460421435,2024-08-18 03:48:23.152532,2024-08-18 03:48:50.534040,0 days 00:00:27.381508,0.45386159516757174,0.1691052245097155,79.0,0.0,0.0,0.0,,,6.0,small,0.0,COMPLETE
486,6.165367418171132,2024-08-18 03:48:50.601180,2024-08-18 03:49:19.513641,0 days 00:00:28.912461,0.45385576981870074,0.1691067212325416,79.0,0.0,0.0,0.0,,,6.0,small,0.0,COMPLETE
487,6.165367098394469,2024-08-18 03:49:19.590452,2024-08-18 03:49:48.588984,0 days 00:00:28.998532,0.45385665077903603,0.16910650802777283,79.0,0.0,0.0,0.0,,,6.0,small,0.0,COMPLETE
488,6.165367469647682,2024-08-18 03:49:48.723355,2024-08-18 03:50:16.110794,0 days 00:00:27.387439,0.4538615262290989,0.16910524119087494,79.0,0.0,0.0,0.0,,,6.0,small,0.0,COMPLETE
489,6.165369423501409,2024-08-18 03:50:16.198398,2024-08-18 03:50:43.655348,0 days 00:00:27.456950,0.45385954580010957,0.16910567808244215,80.0,0.0,0.0,0.0,80049570060000000000008c0a636d6165732e5f636d61948c03434d419493942981947d94288c065f6e5f64696d944b028c085f706f7073697a65944b068c035f6d75944b038c075f6d755f656666948c166e756d70792e5f636f72652e6d756c74696172726179948c067363616c61729493948c056e756d7079948c0564747970659493948c02663894898887945294284b038c013c944e4e4e4affffffff4affffffff4b007494624308b753c6a5983a004094869452948c035f636394680b68114308cf08f6cc59fce33f94869452948c035f633194680b68114308f572bcb3fdd0c33f94869452948c045f636d7594680b68114308031b52bcb49fad3f94869452948c085f635f7369676d6194680b681143089886065d9f8edc3f94869452948c085f645f7369676d6194680b68114308a6a141d7a723f73f94869452948c035f636d944b018c065f6368695f6e94473ff411804baabfb48c085f776569676874739468098c0c5f7265636f6e737472756374949394680c8c076e6461727261799493944b0085944301629487945294284b014b068594680e8c02663894898887945294284b0368124e4e4e4affffffff4affffffff4b007494628943303d81341aa762e43fed14472b6636d23f67a23f812e11b43f94d816a51c54d2bfe3fe9c65897ae8bf916ebfbfe67ef2bf947494628c085f705f7369676d6194682f68314b008594683387945294284b014b028594681189431031b74dc0bd29eabf4dab7b65bacccfbf947494628c035f706394682f68314b008594683387945294284b014b0285946811894310d32ef99f3815a7bfd7a0ca2673786a3f947494628c055f6d65616e94682f68314b008594683387945294284b014b02859468398943102e6165d2f4b1eb3f198affc188f0d03f947494628c065f7369676d6194680b6811430865e0631a6a81493f94869452948c025f44944e8c025f42944e8c075f626f756e647394682f68314b008594683387945294284b014b024b02869468398943200000000000000000000000000000f03f0000000000000000000000000000f03f947494628c115f6e5f6d61785f726573616d706c696e67944b148c025f67944b508c095f6c725f616461707494898c065f616c70686194473ff66666666666668c0a5f626574615f6d65616e94473fb999999999999a8c0b5f626574615f5369676d6194473f9eb851eb851eb88c065f67616d6d6194473fb999999999999a8c065f456d65616e94682f68314b008594683387945294284b014b024b018694683989431000000000000000000000000000000000947494628c075f455369676d6194682f68314b008594683387945294284b014b044b018694683989432000000000000000000000000000000000000000000000000000000,00000000000947494628c065f566d65616e944700000000000000008c075f565369676d61944700000000000000008c095f6574615f6d65616e94473ff00000000000008c0a5f6574615f5369676d6194473ff00000000000008c055f746f6c7894680b6811430816383daccc74473d94869452948c075f746f6c787570944740c38800000000008c075f746f6c66756e94473d719799812dea118c105f746f6c636f6e646974696f6e636f76944742d6bcc41e9000008c0d5f66756e686973745f7465726d944b148c0f5f66756e686973745f76616c75657394682f68314b008594683387945294284b014b288594683989424001000030c11dfe55a918403f16d28056a91840425c0b9156a91840de18f66e60a91840c0a2be7e56a91840d08f936159a91840d3556a4c56a9184068693c3f58a918404447193356a9184079d85e6158a918403fbbe60256a9184044ec49fb56a9184012cc7af055a918409620959456a91840a2ea448a55a91840be1682eb56a918405a76260f56a91840241e7eef56a91840514177c355a9184008ca46c456a918400eb7c40c56a9184087f8edf756a918401daa932556a91840b640b46e56a918407bdd62ee55a91840bc1e17d956a91840a2ae49ed55a918407ed7e2b156a91840045c2dd055a918405948b3c956a91840dd5cbafb55a918407f2cc1c656a9184072e3c1f055a91840b6b999b556a918406286eadf55a91840f8150d6656a918400073ea2a56a91840a2a80ad156a918406509b2c855a91840af03ae8556a91840947494628c055f635f316494682f68314b008594683387945294284b014b0385946811894318548e83d00ebd623f211105afaa2227bf43660156813fed3e9474946275622e,6.0,small,0.0,COMPLETE
490,6.165369334108073,2024-08-18 03:50:43.746579,2024-08-18 03:51:11.002930,0 days 00:00:27.256351,0.4538570337725065,0.16910670284403567,80.0,0.0,0.0,0.0,,,6.0,small,0.0,COMPLETE
491,6.165369518141362,2024-08-18 03:51:11.076758,2024-08-18 03:51:38.141378,0 days 00:00:27.064620,0.45385709668073876,0.1691060518531399,80.0,0.0,0.0,0.0,,,6.0,small,0.0,COMPLETE
492,6.165369378538965,2024-08-18 03:51:38.209524,2024-08-18 03:52:05.386350,0 days 00:00:27.176826,0.453855392758227,0.16910681776361494,80.0,0.0,0.0,0.0,,,6.0,small,0.0,COMPLETE
493,6.165367967845827,2024-08-18 03:52:05.486683,2024-08-18 03:52:34.282610,0 days 00:00:28.795927,0.4538527618496202,0.16910742918041327,80.0,0.0,0.0,0.0,,,6.0,small,0.0,COMPLETE
494,6.165368240881962,2024-08-18 03:52:34.365400,2024-08-18 03:53:01.484096,0 days 00:00:27.118696,0.45385367783955244,0.16910727442016646,80.0,0.0,0.0,0.0,,,6.0,small,0.0,COMPLETE
495,6.1653671422700835,2024-08-18 03:53:01.563342,2024-08-18 03:53:30.926560,0 days 00:00:29.363218,0.45384534803042537,0.16910944769535313,81.0,0.0,0.0,0.0,80049570060000000000008c0a636d6165732e5f636d61948c03434d419493942981947d94288c065f6e5f64696d944b028c085f706f7073697a65944b068c035f6d75944b038c075f6d755f656666948c166e756d70792e5f636f72652e6d756c74696172726179948c067363616c61729493948c056e756d7079948c0564747970659493948c02663894898887945294284b038c013c944e4e4e4affffffff4affffffff4b007494624308b753c6a5983a004094869452948c035f636394680b68114308cf08f6cc59fce33f94869452948c035f633194680b68114308f572bcb3fdd0c33f94869452948c045f636d7594680b68114308031b52bcb49fad3f94869452948c085f635f7369676d6194680b681143089886065d9f8edc3f94869452948c085f645f7369676d6194680b68114308a6a141d7a723f73f94869452948c035f636d944b018c065f6368695f6e94473ff411804baabfb48c085f776569676874739468098c0c5f7265636f6e737472756374949394680c8c076e6461727261799493944b0085944301629487945294284b014b068594680e8c02663894898887945294284b0368124e4e4e4affffffff4affffffff4b007494628943303d81341aa762e43fed14472b6636d23f67a23f812e11b43f94d816a51c54d2bfe3fe9c65897ae8bf916ebfbfe67ef2bf947494628c085f705f7369676d6194682f68314b008594683387945294284b014b02859468118943101186bb082ab4f6bfc8ca69d0fc34ebbf947494628c035f706394682f68314b008594683387945294284b014b0285946811894310d860fbdc88b9b0bf5d5fd6430c3a723f947494628c055f6d65616e94682f68314b008594683387945294284b014b0285946839894310b079bef7b8b1eb3fe34732c390f0d03f947494628c065f7369676d6194680b681143083162cd746c244c3f94869452948c025f44944e8c025f42944e8c075f626f756e647394682f68314b008594683387945294284b014b024b02869468398943200000000000000000000000000000f03f0000000000000000000000000000f03f947494628c115f6e5f6d61785f726573616d706c696e67944b148c025f67944b518c095f6c725f616461707494898c065f616c70686194473ff66666666666668c0a5f626574615f6d65616e94473fb999999999999a8c0b5f626574615f5369676d6194473f9eb851eb851eb88c065f67616d6d6194473fb999999999999a8c065f456d65616e94682f68314b008594683387945294284b014b024b018694683989431000000000000000000000000000000000947494628c075f455369676d6194682f68314b008594683387945294284b014b044b018694683989432000000000000000000000000000000000000000000000000000000,00000000000947494628c065f566d65616e944700000000000000008c075f565369676d61944700000000000000008c095f6574615f6d65616e94473ff00000000000008c0a5f6574615f5369676d6194473ff00000000000008c055f746f6c7894680b6811430816383daccc74473d94869452948c075f746f6c787570944740c38800000000008c075f746f6c66756e94473d719799812dea118c105f746f6c636f6e646974696f6e636f76944742d6bcc41e9000008c0d5f66756e686973745f7465726d944b148c0f5f66756e686973745f76616c75657394682f68314b008594683387945294284b014b288594683989424001000030c11dfe55a918403f16d28056a91840b3d0763856a9184091b080a056a91840c0a2be7e56a91840d08f936159a91840d3556a4c56a9184068693c3f58a918404447193356a9184079d85e6158a918403fbbe60256a9184044ec49fb56a9184012cc7af055a918409620959456a91840a2ea448a55a91840be1682eb56a918405a76260f56a91840241e7eef56a91840514177c355a9184008ca46c456a918400eb7c40c56a9184087f8edf756a918401daa932556a91840b640b46e56a918407bdd62ee55a91840bc1e17d956a91840a2ae49ed55a918407ed7e2b156a91840045c2dd055a918405948b3c956a91840dd5cbafb55a918407f2cc1c656a9184072e3c1f055a91840b6b999b556a918406286eadf55a91840f8150d6656a918400073ea2a56a91840a2a80ad156a918406509b2c855a91840af03ae8556a91840947494628c055f635f316494682f68314b008594683387945294284b014b0385946811894318711ff5c9ae41653fe4475e26dc6029bfd12bf1e528f0ee3e9474946275622e,6.0,small,0.0,COMPLETE
496,6.165368636859889,2024-08-18 03:53:31.024352,2024-08-18 03:53:59.878567,0 days 00:00:28.854215,0.4538509592260882,0.169108014528835,81.0,0.0,0.0,0.0,,,6.0,small,0.0,COMPLETE
497,6.165369187646817,2024-08-18 03:53:59.972262,2024-08-18 03:54:28.943060,0 days 00:00:28.970798,0.45385731607678453,0.16910592323903345,81.0,0.0,0.0,0.0,,,6.0,small,0.0,COMPLETE
498,6.165369166374964,2024-08-18 03:54:29.013299,2024-08-18 03:54:58.177386,0 days 00:00:29.164087,0.4538463371335874,0.16910923644062764,81.0,0.0,0.0,0.0,,,6.0,small,0.0,COMPLETE
499,6.16536751274371,2024-08-18 03:54:58.269527,2024-08-18 03:55:25.879015,0 days 00:00:27.609488,0.4538616550506657,0.1691049995886624,81.0,0.0,0.0,0.0,,,6.0,small,0.0,COMPLETE
