number,value,datetime_start,datetime_complete,duration,params_poisson_ratio,params_youngs_modulus,system_attrs_cma:generation,system_attrs_cma:large_n_eval,system_attrs_cma:n_restarts,system_attrs_cma:n_restarts_with_large,system_attrs_cma:optimizer:0,system_attrs_cma:optimizer:1,system_attrs_cma:popsize,system_attrs_cma:poptype,system_attrs_cma:small_n_eval,state
313,6.165643505484867,2024-08-18 02:27:27.047474,2024-08-18 02:27:54.350737,0 days 00:00:27.303263,0.45353098164251604,0.16917041658031426,50.0,0.0,0.0,0.0,,,6.0,small,0.0,COMPLETE
314,6.165837344703465,2024-08-18 02:27:54.463192,2024-08-18 02:28:22.069814,0 days 00:00:27.606622,0.4535507568118352,0.16914586722735014,50.0,0.0,0.0,0.0,,,6.0,small,0.0,COMPLETE
315,6.165537030591919,2024-08-18 02:28:22.161730,2024-08-18 02:28:49.473803,0 days 00:00:27.312073,0.45361510140238226,0.16917378692098026,51.0,0.0,0.0,0.0,80049570060000000000008c0a636d6165732e5f636d61948c03434d419493942981947d94288c065f6e5f64696d944b028c085f706f7073697a65944b068c035f6d75944b038c075f6d755f656666948c166e756d70792e5f636f72652e6d756c74696172726179948c067363616c61729493948c056e756d7079948c0564747970659493948c02663894898887945294284b038c013c944e4e4e4affffffff4affffffff4b007494624308b753c6a5983a004094869452948c035f636394680b68114308cf08f6cc59fce33f94869452948c035f633194680b68114308f572bcb3fdd0c33f94869452948c045f636d7594680b68114308031b52bcb49fad3f94869452948c085f635f7369676d6194680b681143089886065d9f8edc3f94869452948c085f645f7369676d6194680b68114308a6a141d7a723f73f94869452948c035f636d944b018c065f6368695f6e94473ff411804baabfb48c085f776569676874739468098c0c5f7265636f6e737472756374949394680c8c076e6461727261799493944b0085944301629487945294284b014b068594680e8c02663894898887945294284b0368124e4e4e4affffffff4affffffff4b007494628943303d81341aa762e43fed14472b6636d23f67a23f812e11b43f94d816a51c54d2bfe3fe9c65897ae8bf916ebfbfe67ef2bf947494628c085f705f7369676d6194682f68314b008594683387945294284b014b0285946811894310b8f19a58e927663f84ff0b26d4cff03f947494628c035f706394682f68314b008594683387945294284b014b0285946811894310494b50a7213390bf367d81a0a4537c3f947494628c055f6d65616e94682f68314b008594683387945294284b014b0285946839894310118dfe63eba8eb3f6a558de9e9f1d03f947494628c065f7369676d6194680b68114308c1a05ade1cb18b3f94869452948c025f44944e8c025f42944e8c075f626f756e647394682f68314b008594683387945294284b014b024b02869468398943200000000000000000000000000000f03f0000000000000000000000000000f03f947494628c115f6e5f6d61785f726573616d706c696e67944b148c025f67944b338c095f6c725f616461707494898c065f616c70686194473ff66666666666668c0a5f626574615f6d65616e94473fb999999999999a8c0b5f626574615f5369676d6194473f9eb851eb851eb88c065f67616d6d6194473fb999999999999a8c065f456d65616e94682f68314b008594683387945294284b014b024b018694683989431000000000000000000000000000000000947494628c075f455369676d6194682f68314b008594683387945294284b014b044b018694683989432000000000000000000000000000000000000000000000000000000,00000000000947494628c065f566d65616e944700000000000000008c075f565369676d61944700000000000000008c095f6574615f6d65616e94473ff00000000000008c0a5f6574615f5369676d6194473ff00000000000008c055f746f6c7894680b6811430816383daccc74473d94869452948c075f746f6c787570944740c38800000000008c075f746f6c66756e94473d719799812dea118c105f746f6c636f6e646974696f6e636f76944742d6bcc41e9000008c0d5f66756e686973745f7465726d944b148c0f5f66756e686973745f76616c75657394682f68314b008594683387945294284b014b28859468398942400100000ea1d11880b81840086e3fb351bf194078b060ea72c218403c2b8c7132f01840098f60897aae1840c206389e1a2c1940a97e5ae520aa1840a26421b3bc0e194005c7b7eaf3a918404d226690eac81840c6a1644dd9ab1840f14a3d079ed618400818b08d59a918404b5c166800c01840c089de2304ac1840128a64ad62b9184079db003097a9184054c3ac11c3b31840cb21c29f66a9184070f5643649ad1840da7b8e446fa918400a0b0b511ead18409ea302a972a91840ca48a95a95aa184022629112bf901b409cde1deab23721406b1e25f38cfe1840801b42def28d20401842053be92719408aeafa8ef97c1e40b628dfb360ed18409fe8789b206c1c407eb88ffa3fc518407c7a089915161f40d9720f7500c81840e1b1a6c866881c4058e50af8860a19401a88291215c81940fa3b99a975b5184007e807a4c3a01b40947494628c055f635f316494682f68314b008594683387945294284b014b03859468118943187eeeda6d8844a03f461d88d5d0dc62bf07b3f930b11c293f9474946275622e,6.0,small,0.0,COMPLETE
316,6.165710315551507,2024-08-18 02:28:49.566576,2024-08-18 02:29:18.670021,0 days 00:00:29.103445,0.4534794255303755,0.16920255052566602,51.0,0.0,0.0,0.0,,,6.0,small,0.0,COMPLETE
317,6.165508380536156,2024-08-18 02:29:18.740789,2024-08-18 02:29:47.772897,0 days 00:00:29.032108,0.4536147443657683,0.1691662288630884,51.0,0.0,0.0,0.0,,,6.0,small,0.0,COMPLETE
318,6.165662805597702,2024-08-18 02:29:47.865812,2024-08-18 02:30:15.420704,0 days 00:00:27.554892,0.4535446849963985,0.16919562342170374,51.0,0.0,0.0,0.0,,,6.0,small,0.0,COMPLETE
319,6.16601129892201,2024-08-18 02:30:15.518105,2024-08-18 02:30:44.480282,0 days 00:00:28.962177,0.45412343660720716,0.16908761535766875,51.0,0.0,0.0,0.0,,,6.0,small,0.0,COMPLETE
320,6.16615560090018,2024-08-18 02:30:44.568987,2024-08-18 02:31:11.839370,0 days 00:00:27.270383,0.45348778647078025,0.16923549837450524,51.0,0.0,0.0,0.0,,,6.0,small,0.0,COMPLETE
321,6.166274293048323,2024-08-18 02:31:11.919341,2024-08-18 02:31:41.112054,0 days 00:00:29.192713,0.45339743544291444,0.16925421128900148,52.0,0.0,0.0,0.0,80049570060000000000008c0a636d6165732e5f636d61948c03434d419493942981947d94288c065f6e5f64696d944b028c085f706f7073697a65944b068c035f6d75944b038c075f6d755f656666948c166e756d70792e5f636f72652e6d756c74696172726179948c067363616c61729493948c056e756d7079948c0564747970659493948c02663894898887945294284b038c013c944e4e4e4affffffff4affffffff4b007494624308b753c6a5983a004094869452948c035f636394680b68114308cf08f6cc59fce33f94869452948c035f633194680b68114308f572bcb3fdd0c33f94869452948c045f636d7594680b68114308031b52bcb49fad3f94869452948c085f635f7369676d6194680b681143089886065d9f8edc3f94869452948c085f645f7369676d6194680b68114308a6a141d7a723f73f94869452948c035f636d944b018c065f6368695f6e94473ff411804baabfb48c085f776569676874739468098c0c5f7265636f6e737472756374949394680c8c076e6461727261799493944b0085944301629487945294284b014b068594680e8c02663894898887945294284b0368124e4e4e4affffffff4affffffff4b007494628943303d81341aa762e43fed14472b6636d23f67a23f812e11b43f94d816a51c54d2bfe3fe9c65897ae8bf916ebfbfe67ef2bf947494628c085f705f7369676d6194682f68314b008594683387945294284b014b02859468118943105c49115ff3e4debfc098f4b7a2ffda3f947494628c035f706394682f68314b008594683387945294284b014b0285946811894310d1301c5ac07bb9bfe4292bdfb403813f947494628c055f6d65616e94682f68314b008594683387945294284b014b02859468398943102b0910b410a1eb3fb2de9347dff2d03f947494628c065f7369676d6194680b68114308be4279ba8bd0873f94869452948c025f44944e8c025f42944e8c075f626f756e647394682f68314b008594683387945294284b014b024b02869468398943200000000000000000000000000000f03f0000000000000000000000000000f03f947494628c115f6e5f6d61785f726573616d706c696e67944b148c025f67944b348c095f6c725f616461707494898c065f616c70686194473ff66666666666668c0a5f626574615f6d65616e94473fb999999999999a8c0b5f626574615f5369676d6194473f9eb851eb851eb88c065f67616d6d6194473fb999999999999a8c065f456d65616e94682f68314b008594683387945294284b014b024b018694683989431000000000000000000000000000000000947494628c075f455369676d6194682f68314b008594683387945294284b014b044b018694683989432000000000000000000000000000000000000000000000000000000,00000000000947494628c065f566d65616e944700000000000000008c075f565369676d61944700000000000000008c095f6574615f6d65616e94473ff00000000000008c0a5f6574615f5369676d6194473ff00000000000008c055f746f6c7894680b6811430816383daccc74473d94869452948c075f746f6c787570944740c38800000000008c075f746f6c66756e94473d719799812dea118c105f746f6c636f6e646974696f6e636f76944742d6bcc41e9000008c0d5f66756e686973745f7465726d944b148c0f5f66756e686973745f76616c75657394682f68314b008594683387945294284b014b28859468398942400100000ea1d11880b81840086e3fb351bf194078b060ea72c218403c2b8c7132f01840098f60897aae1840c206389e1a2c1940a97e5ae520aa1840a26421b3bc0e194005c7b7eaf3a918404d226690eac81840c6a1644dd9ab1840f14a3d079ed618400818b08d59a918404b5c166800c01840c089de2304ac1840128a64ad62b9184079db003097a9184054c3ac11c3b31840cb21c29f66a9184070f5643649ad1840da7b8e446fa918400a0b0b511ead18409ea302a972a91840ca48a95a95aa1840847766077ba918406da79fb124aa18406b1e25f38cfe1840801b42def28d20401842053be92719408aeafa8ef97c1e40b628dfb360ed18409fe8789b206c1c407eb88ffa3fc518407c7a089915161f40d9720f7500c81840e1b1a6c866881c4058e50af8860a19401a88291215c81940fa3b99a975b5184007e807a4c3a01b40947494628c055f635f316494682f68314b008594683387945294284b014b038594681189431892bba4a066899b3fa6fba1b5fbf45fbffb4792ed831f253f9474946275622e,6.0,small,0.0,COMPLETE
322,6.165987681102264,2024-08-18 02:31:41.190704,2024-08-18 02:32:08.508196,0 days 00:00:27.317492,0.45333653979262123,0.16923222050359543,52.0,0.0,0.0,0.0,,,6.0,small,0.0,COMPLETE
323,6.165863005311632,2024-08-18 02:32:08.597734,2024-08-18 02:32:37.685711,0 days 00:00:29.087977,0.45370419365359604,0.16910046868664635,52.0,0.0,0.0,0.0,,,6.0,small,0.0,COMPLETE
324,6.165528503867769,2024-08-18 02:32:37.779747,2024-08-18 02:33:06.811710,0 days 00:00:29.031963,0.4539083233324863,0.1690691179189323,52.0,0.0,0.0,0.0,,,6.0,small,0.0,COMPLETE
325,6.165589022958339,2024-08-18 02:33:06.904518,2024-08-18 02:33:35.815663,0 days 00:00:28.911145,0.4538201471596375,0.16914355094353578,52.0,0.0,0.0,0.0,,,6.0,small,0.0,COMPLETE
326,6.165545494271244,2024-08-18 02:33:35.909047,2024-08-18 02:34:03.475901,0 days 00:00:27.566854,0.4536706483250169,0.16912995102219666,52.0,0.0,0.0,0.0,,,6.0,small,0.0,COMPLETE
327,6.1661522528413375,2024-08-18 02:34:03.576453,2024-08-18 02:34:31.167733,0 days 00:00:27.591280,0.4535647418447652,0.1691268008343996,53.0,0.0,0.0,0.0,80049570060000000000008c0a636d6165732e5f636d61948c03434d419493942981947d94288c065f6e5f64696d944b028c085f706f7073697a65944b068c035f6d75944b038c075f6d755f656666948c166e756d70792e5f636f72652e6d756c74696172726179948c067363616c61729493948c056e756d7079948c0564747970659493948c02663894898887945294284b038c013c944e4e4e4affffffff4affffffff4b007494624308b753c6a5983a004094869452948c035f636394680b68114308cf08f6cc59fce33f94869452948c035f633194680b68114308f572bcb3fdd0c33f94869452948c045f636d7594680b68114308031b52bcb49fad3f94869452948c085f635f7369676d6194680b681143089886065d9f8edc3f94869452948c085f645f7369676d6194680b68114308a6a141d7a723f73f94869452948c035f636d944b018c065f6368695f6e94473ff411804baabfb48c085f776569676874739468098c0c5f7265636f6e737472756374949394680c8c076e6461727261799493944b0085944301629487945294284b014b068594680e8c02663894898887945294284b0368124e4e4e4affffffff4affffffff4b007494628943303d81341aa762e43fed14472b6636d23f67a23f812e11b43f94d816a51c54d2bfe3fe9c65897ae8bf916ebfbfe67ef2bf947494628c085f705f7369676d6194682f68314b008594683387945294284b014b028594681189431004173cfe5f92ea3fe23a4ca6f87be7bf947494628c035f706394682f68314b008594683387945294284b014b0285946811894310e093b16b6a64c63fbeda8e1b811091bf947494628c055f6d65616e94682f68314b008594683387945294284b014b028594683989431016171ac362b0eb3f0b73235a04f0d03f947494628c065f7369676d6194680b681143083157b7ac5df9863f94869452948c025f44944e8c025f42944e8c075f626f756e647394682f68314b008594683387945294284b014b024b02869468398943200000000000000000000000000000f03f0000000000000000000000000000f03f947494628c115f6e5f6d61785f726573616d706c696e67944b148c025f67944b358c095f6c725f616461707494898c065f616c70686194473ff66666666666668c0a5f626574615f6d65616e94473fb999999999999a8c0b5f626574615f5369676d6194473f9eb851eb851eb88c065f67616d6d6194473fb999999999999a8c065f456d65616e94682f68314b008594683387945294284b014b024b018694683989431000000000000000000000000000000000947494628c075f455369676d6194682f68314b008594683387945294284b014b044b018694683989432000000000000000000000000000000000000000000000000000000,00000000000947494628c065f566d65616e944700000000000000008c075f565369676d61944700000000000000008c095f6574615f6d65616e94473ff00000000000008c0a5f6574615f5369676d6194473ff00000000000008c055f746f6c7894680b6811430816383daccc74473d94869452948c075f746f6c787570944740c38800000000008c075f746f6c66756e94473d719799812dea118c105f746f6c636f6e646974696f6e636f76944742d6bcc41e9000008c0d5f66756e686973745f7465726d944b148c0f5f66756e686973745f76616c75657394682f68314b008594683387945294284b014b28859468398942400100000ea1d11880b81840086e3fb351bf194078b060ea72c218403c2b8c7132f01840098f60897aae1840c206389e1a2c1940a97e5ae520aa1840a26421b3bc0e194005c7b7eaf3a918404d226690eac81840c6a1644dd9ab1840f14a3d079ed618400818b08d59a918404b5c166800c01840c089de2304ac1840128a64ad62b9184079db003097a9184054c3ac11c3b31840cb21c29f66a9184070f5643649ad1840da7b8e446fa918400a0b0b511ead18409ea302a972a91840ca48a95a95aa1840847766077ba918406da79fb124aa1840e8abda4d80a91840763bebce43aa18401842053be92719408aeafa8ef97c1e40b628dfb360ed18409fe8789b206c1c407eb88ffa3fc518407c7a089915161f40d9720f7500c81840e1b1a6c866881c4058e50af8860a19401a88291215c81940fa3b99a975b5184007e807a4c3a01b40947494628c055f635f316494682f68314b008594683387945294284b014b0385946811894318f2fe837f2d5c9c3f96e9e960b55961bf31fb1370b9aa273f9474946275622e,6.0,small,0.0,COMPLETE
328,6.1653791595909695,2024-08-18 02:34:31.277637,2024-08-18 02:34:58.735205,0 days 00:00:27.457568,0.4539241223274714,0.1690869517824383,53.0,0.0,0.0,0.0,,,6.0,small,0.0,COMPLETE
329,6.165813433363134,2024-08-18 02:34:58.823383,2024-08-18 02:35:27.687414,0 days 00:00:28.864031,0.45428723843211144,0.16899072186531888,53.0,0.0,0.0,0.0,,,6.0,small,0.0,COMPLETE
330,6.165500884556316,2024-08-18 02:35:27.775432,2024-08-18 02:35:55.035834,0 days 00:00:27.260402,0.45406093716632395,0.16907110537096715,53.0,0.0,0.0,0.0,,,6.0,small,0.0,COMPLETE
331,6.165449181799511,2024-08-18 02:35:55.118313,2024-08-18 02:36:24.144102,0 days 00:00:29.025789,0.45369725585680065,0.16913400413401097,53.0,0.0,0.0,0.0,,,6.0,small,0.0,COMPLETE
332,6.165699592795608,2024-08-18 02:36:24.241851,2024-08-18 02:36:53.316081,0 days 00:00:29.074230,0.45383698047965665,0.1691465150623303,53.0,0.0,0.0,0.0,,,6.0,small,0.0,COMPLETE
333,6.165429447931379,2024-08-18 02:36:53.406682,2024-08-18 02:37:22.705991,0 days 00:00:29.299309,0.4540232206434469,0.169062441024249,54.0,0.0,0.0,0.0,80049570060000000000008c0a636d6165732e5f636d61948c03434d419493942981947d94288c065f6e5f64696d944b028c085f706f7073697a65944b068c035f6d75944b038c075f6d755f656666948c166e756d70792e5f636f72652e6d756c74696172726179948c067363616c61729493948c056e756d7079948c0564747970659493948c02663894898887945294284b038c013c944e4e4e4affffffff4affffffff4b007494624308b753c6a5983a004094869452948c035f636394680b68114308cf08f6cc59fce33f94869452948c035f633194680b68114308f572bcb3fdd0c33f94869452948c045f636d7594680b68114308031b52bcb49fad3f94869452948c085f635f7369676d6194680b681143089886065d9f8edc3f94869452948c085f645f7369676d6194680b68114308a6a141d7a723f73f94869452948c035f636d944b018c065f6368695f6e94473ff411804baabfb48c085f776569676874739468098c0c5f7265636f6e737472756374949394680c8c076e6461727261799493944b0085944301629487945294284b014b068594680e8c02663894898887945294284b0368124e4e4e4affffffff4affffffff4b007494628943303d81341aa762e43fed14472b6636d23f67a23f812e11b43f94d816a51c54d2bfe3fe9c65897ae8bf916ebfbfe67ef2bf947494628c085f705f7369676d6194682f68314b008594683387945294284b014b02859468118943104cce89424a20e73fd1d4d8cf709fe03f947494628c035f706394682f68314b008594683387945294284b014b0285946811894310e6b8af3ceefab93f12516cae294e72bf947494628c055f6d65616e94682f68314b008594683387945294284b014b02859468398943100efc68d7e0b2eb3f5030541044f0d03f947494628c065f7369676d6194680b681143084ee4fb524c01853f94869452948c025f44944e8c025f42944e8c075f626f756e647394682f68314b008594683387945294284b014b024b02869468398943200000000000000000000000000000f03f0000000000000000000000000000f03f947494628c115f6e5f6d61785f726573616d706c696e67944b148c025f67944b368c095f6c725f616461707494898c065f616c70686194473ff66666666666668c0a5f626574615f6d65616e94473fb999999999999a8c0b5f626574615f5369676d6194473f9eb851eb851eb88c065f67616d6d6194473fb999999999999a8c065f456d65616e94682f68314b008594683387945294284b014b024b018694683989431000000000000000000000000000000000947494628c075f455369676d6194682f68314b008594683387945294284b014b044b018694683989432000000000000000000000000000000000000000000000000000000,00000000000947494628c065f566d65616e944700000000000000008c075f565369676d61944700000000000000008c095f6574615f6d65616e94473ff00000000000008c0a5f6574615f5369676d6194473ff00000000000008c055f746f6c7894680b6811430816383daccc74473d94869452948c075f746f6c787570944740c38800000000008c075f746f6c66756e94473d719799812dea118c105f746f6c636f6e646974696f6e636f76944742d6bcc41e9000008c0d5f66756e686973745f7465726d944b148c0f5f66756e686973745f76616c75657394682f68314b008594683387945294284b014b28859468398942400100000ea1d11880b81840086e3fb351bf194078b060ea72c218403c2b8c7132f01840098f60897aae1840c206389e1a2c1940a97e5ae520aa1840a26421b3bc0e194005c7b7eaf3a918404d226690eac81840c6a1644dd9ab1840f14a3d079ed618400818b08d59a918404b5c166800c01840c089de2304ac1840128a64ad62b9184079db003097a9184054c3ac11c3b31840cb21c29f66a9184070f5643649ad1840da7b8e446fa918400a0b0b511ead18409ea302a972a91840ca48a95a95aa1840847766077ba918406da79fb124aa1840e8abda4d80a91840763bebce43aa18406088872759a91840ea70f0d023aa1840b628dfb360ed18409fe8789b206c1c407eb88ffa3fc518407c7a089915161f40d9720f7500c81840e1b1a6c866881c4058e50af8860a19401a88291215c81940fa3b99a975b5184007e807a4c3a01b40947494628c055f635f316494682f68314b008594683387945294284b014b038594681189431868b006e17840993f17acc88caff75ebfcbfa2dd8ea2e253f9474946275622e,6.0,small,0.0,COMPLETE
334,6.165373687576879,2024-08-18 02:37:22.787920,2024-08-18 02:37:52.053766,0 days 00:00:29.265846,0.4538459461677541,0.16910337593833338,54.0,0.0,0.0,0.0,,,6.0,small,0.0,COMPLETE
335,6.16591416857451,2024-08-18 02:37:52.152981,2024-08-18 02:38:21.304843,0 days 00:00:29.151862,0.4542805589624644,0.1689811460465562,54.0,0.0,0.0,0.0,,,6.0,small,0.0,COMPLETE
336,6.165476658196045,2024-08-18 02:38:21.394348,2024-08-18 02:38:48.536484,0 days 00:00:27.142136,0.4537727608241234,0.16914422051650668,54.0,0.0,0.0,0.0,,,6.0,small,0.0,COMPLETE
337,6.165571641051589,2024-08-18 02:38:48.641616,2024-08-18 02:39:15.966139,0 days 00:00:27.324523,0.453732664912466,0.16910934983938897,54.0,0.0,0.0,0.0,,,6.0,small,0.0,COMPLETE
338,6.1656620886955915,2024-08-18 02:39:16.160513,2024-08-18 02:39:45.097050,0 days 00:00:28.936537,0.4536039448456273,0.16918869537098014,54.0,0.0,0.0,0.0,,,6.0,small,0.0,COMPLETE
339,6.165705322601652,2024-08-18 02:39:45.174282,2024-08-18 02:40:12.486211,0 days 00:00:27.311929,0.4535534040612709,0.16919881932375339,55.0,0.0,0.0,0.0,80049570060000000000008c0a636d6165732e5f636d61948c03434d419493942981947d94288c065f6e5f64696d944b028c085f706f7073697a65944b068c035f6d75944b038c075f6d755f656666948c166e756d70792e5f636f72652e6d756c74696172726179948c067363616c61729493948c056e756d7079948c0564747970659493948c02663894898887945294284b038c013c944e4e4e4affffffff4affffffff4b007494624308b753c6a5983a004094869452948c035f636394680b68114308cf08f6cc59fce33f94869452948c035f633194680b68114308f572bcb3fdd0c33f94869452948c045f636d7594680b68114308031b52bcb49fad3f94869452948c085f635f7369676d6194680b681143089886065d9f8edc3f94869452948c085f645f7369676d6194680b68114308a6a141d7a723f73f94869452948c035f636d944b018c065f6368695f6e94473ff411804baabfb48c085f776569676874739468098c0c5f7265636f6e737472756374949394680c8c076e6461727261799493944b0085944301629487945294284b014b068594680e8c02663894898887945294284b0368124e4e4e4affffffff4affffffff4b007494628943303d81341aa762e43fed14472b6636d23f67a23f812e11b43f94d816a51c54d2bfe3fe9c65897ae8bf916ebfbfe67ef2bf947494628c085f705f7369676d6194682f68314b008594683387945294284b014b0285946811894310a0e0939f320ce13fbb95feaa7190d83f947494628c035f706394682f68314b008594683387945294284b014b0285946811894310a825d089b6b1ae3f23d435026e8467bf947494628c055f6d65616e94682f68314b008594683387945294284b014b02859468398943105512d5d044b4eb3fc93dfe301df0d03f947494628c065f7369676d6194680b68114308702585441922823f94869452948c025f44944e8c025f42944e8c075f626f756e647394682f68314b008594683387945294284b014b024b02869468398943200000000000000000000000000000f03f0000000000000000000000000000f03f947494628c115f6e5f6d61785f726573616d706c696e67944b148c025f67944b378c095f6c725f616461707494898c065f616c70686194473ff66666666666668c0a5f626574615f6d65616e94473fb999999999999a8c0b5f626574615f5369676d6194473f9eb851eb851eb88c065f67616d6d6194473fb999999999999a8c065f456d65616e94682f68314b008594683387945294284b014b024b018694683989431000000000000000000000000000000000947494628c075f455369676d6194682f68314b008594683387945294284b014b044b018694683989432000000000000000000000000000000000000000000000000000000,00000000000947494628c065f566d65616e944700000000000000008c075f565369676d61944700000000000000008c095f6574615f6d65616e94473ff00000000000008c0a5f6574615f5369676d6194473ff00000000000008c055f746f6c7894680b6811430816383daccc74473d94869452948c075f746f6c787570944740c38800000000008c075f746f6c66756e94473d719799812dea118c105f746f6c636f6e646974696f6e636f76944742d6bcc41e9000008c0d5f66756e686973745f7465726d944b148c0f5f66756e686973745f76616c75657394682f68314b008594683387945294284b014b28859468398942400100000ea1d11880b81840086e3fb351bf194078b060ea72c218403c2b8c7132f01840098f60897aae1840c206389e1a2c1940a97e5ae520aa1840a26421b3bc0e194005c7b7eaf3a918404d226690eac81840c6a1644dd9ab1840f14a3d079ed618400818b08d59a918404b5c166800c01840c089de2304ac1840128a64ad62b9184079db003097a9184054c3ac11c3b31840cb21c29f66a9184070f5643649ad1840da7b8e446fa918400a0b0b511ead18409ea302a972a91840ca48a95a95aa1840847766077ba918406da79fb124aa1840e8abda4d80a91840763bebce43aa18406088872759a91840ea70f0d023aa1840e50b4fb857a91840d8e15f67e5a918407eb88ffa3fc518407c7a089915161f40d9720f7500c81840e1b1a6c866881c4058e50af8860a19401a88291215c81940fa3b99a975b5184007e807a4c3a01b40947494628c055f635f316494682f68314b008594683387945294284b014b038594681189431850bce8e19bab923f8cc69bc5915a56bf145974a4bfb71e3f9474946275622e,6.0,small,0.0,COMPLETE
340,6.165511706249257,2024-08-18 02:40:12.563452,2024-08-18 02:40:39.736776,0 days 00:00:27.173324,0.45411412593172745,0.1690409574114165,55.0,0.0,0.0,0.0,,,6.0,small,0.0,COMPLETE
