number,value,datetime_start,datetime_complete,duration,params_poisson_ratio,params_youngs_modulus,system_attrs_cma:generation,system_attrs_cma:large_n_eval,system_attrs_cma:n_restarts,system_attrs_cma:n_restarts_with_large,system_attrs_cma:optimizer:0,system_attrs_cma:optimizer:1,system_attrs_cma:popsize,system_attrs_cma:poptype,system_attrs_cma:small_n_eval,state
453,6.165370088138956,2024-08-18 03:33:26.516513,2024-08-18 03:33:55.896942,0 days 00:00:29.380429,0.45385674677974314,0.16910602587112664,74.0,0.0,0.0,0.0,80049570060000000000008c0a636d6165732e5f636d61948c03434d419493942981947d94288c065f6e5f64696d944b028c085f706f7073697a65944b068c035f6d75944b038c075f6d755f656666948c166e756d70792e5f636f72652e6d756c74696172726179948c067363616c61729493948c056e756d7079948c0564747970659493948c02663894898887945294284b038c013c944e4e4e4affffffff4affffffff4b007494624308b753c6a5983a004094869452948c035f636394680b68114308cf08f6cc59fce33f94869452948c035f633194680b68114308f572bcb3fdd0c33f94869452948c045f636d7594680b68114308031b52bcb49fad3f94869452948c085f635f7369676d6194680b681143089886065d9f8edc3f94869452948c085f645f7369676d6194680b68114308a6a141d7a723f73f94869452948c035f636d944b018c065f6368695f6e94473ff411804baabfb48c085f776569676874739468098c0c5f7265636f6e737472756374949394680c8c076e6461727261799493944b0085944301629487945294284b014b068594680e8c02663894898887945294284b0368124e4e4e4affffffff4affffffff4b007494628943303d81341aa762e43fed14472b6636d23f67a23f812e11b43f94d816a51c54d2bfe3fe9c65897ae8bf916ebfbfe67ef2bf947494628c085f705f7369676d6194682f68314b008594683387945294284b014b02859468118943104a09bf76b6e9e4bfd51a9dddf455f03f947494628c035f706394682f68314b008594683387945294284b014b0285946811894310d8bcea7582d6a8bfde0ef9e33854723f947494628c055f6d65616e94682f68314b008594683387945294284b014b0285946839894310dd1bc76176b2eb3f2c8a5d5d73f0d03f947494628c065f7369676d6194680b68114308fad3e189186b503f94869452948c025f44944e8c025f42944e8c075f626f756e647394682f68314b008594683387945294284b014b024b02869468398943200000000000000000000000000000f03f0000000000000000000000000000f03f947494628c115f6e5f6d61785f726573616d706c696e67944b148c025f67944b4a8c095f6c725f616461707494898c065f616c70686194473ff66666666666668c0a5f626574615f6d65616e94473fb999999999999a8c0b5f626574615f5369676d6194473f9eb851eb851eb88c065f67616d6d6194473fb999999999999a8c065f456d65616e94682f68314b008594683387945294284b014b024b018694683989431000000000000000000000000000000000947494628c075f455369676d6194682f68314b008594683387945294284b014b044b018694683989432000000000000000000000000000000000000000000000000000000,00000000000947494628c065f566d65616e944700000000000000008c075f565369676d61944700000000000000008c095f6574615f6d65616e94473ff00000000000008c0a5f6574615f5369676d6194473ff00000000000008c055f746f6c7894680b6811430816383daccc74473d94869452948c075f746f6c787570944740c38800000000008c075f746f6c66756e94473d719799812dea118c105f746f6c636f6e646974696f6e636f76944742d6bcc41e9000008c0d5f66756e686973745f7465726d944b148c0f5f66756e686973745f76616c75657394682f68314b008594683387945294284b014b288594683989424001000026fbecda57a918405144d4c65aa91840425c0b9156a91840de18f66e60a91840c0a2be7e56a91840d08f936159a91840d3556a4c56a9184068693c3f58a918404447193356a9184079d85e6158a918403fbbe60256a9184044ec49fb56a9184012cc7af055a918409620959456a91840a2ea448a55a91840be1682eb56a918405a76260f56a91840241e7eef56a91840514177c355a9184008ca46c456a918400eb7c40c56a9184087f8edf756a918401daa932556a91840b640b46e56a918407bdd62ee55a91840bc1e17d956a91840a2ae49ed55a918407ed7e2b156a91840045c2dd055a918405948b3c956a91840e50b4fb857a91840d8e15f67e5a91840d26e56bf57a918408f63f5a7aea91840ca5a393d56a918402478d79d8ea91840a4f5a6c756a918400e93c39465a918402ce2513058a918401e48644b6ca91840947494628c055f635f316494682f68314b008594683387945294284b014b038594681189431869d968c3c2f8653f4dcc44867a3d29bf7d1f528d03eeee3e9474946275622e,6.0,small,0.0,COMPLETE
454,6.165369422605881,2024-08-18 03:33:55.990788,2024-08-18 03:34:23.160980,0 days 00:00:27.170192,0.45385822091616385,0.16910500593610556,74.0,0.0,0.0,0.0,,,6.0,small,0.0,COMPLETE
455,6.165369030346947,2024-08-18 03:34:23.243227,2024-08-18 03:34:50.900609,0 days 00:00:27.657382,0.4538644710084841,0.1691044839987266,74.0,0.0,0.0,0.0,,,6.0,small,0.0,COMPLETE
456,6.165367062806777,2024-08-18 03:34:50.987910,2024-08-18 03:35:18.101875,0 days 00:00:27.113965,0.45386556464552996,0.16910413213264983,74.0,0.0,0.0,0.0,,,6.0,small,0.0,COMPLETE
457,6.165367391919906,2024-08-18 03:35:18.185817,2024-08-18 03:35:47.251173,0 days 00:00:29.065356,0.4538552575244579,0.16910682305317828,74.0,0.0,0.0,0.0,,,6.0,small,0.0,COMPLETE
458,6.165367910981394,2024-08-18 03:35:47.342819,2024-08-18 03:36:16.488327,0 days 00:00:29.145508,0.4538729193989541,0.16910202403219743,74.0,0.0,0.0,0.0,,,6.0,small,0.0,COMPLETE
459,6.16536705883594,2024-08-18 03:36:16.565924,2024-08-18 03:36:44.185204,0 days 00:00:27.619280,0.4538600769496429,0.16910561543610733,75.0,0.0,0.0,0.0,80049570060000000000008c0a636d6165732e5f636d61948c03434d419493942981947d94288c065f6e5f64696d944b028c085f706f7073697a65944b068c035f6d75944b038c075f6d755f656666948c166e756d70792e5f636f72652e6d756c74696172726179948c067363616c61729493948c056e756d7079948c0564747970659493948c02663894898887945294284b038c013c944e4e4e4affffffff4affffffff4b007494624308b753c6a5983a004094869452948c035f636394680b68114308cf08f6cc59fce33f94869452948c035f633194680b68114308f572bcb3fdd0c33f94869452948c045f636d7594680b68114308031b52bcb49fad3f94869452948c085f635f7369676d6194680b681143089886065d9f8edc3f94869452948c085f645f7369676d6194680b68114308a6a141d7a723f73f94869452948c035f636d944b018c065f6368695f6e94473ff411804baabfb48c085f776569676874739468098c0c5f7265636f6e737472756374949394680c8c076e6461727261799493944b0085944301629487945294284b014b068594680e8c02663894898887945294284b0368124e4e4e4affffffff4affffffff4b007494628943303d81341aa762e43fed14472b6636d23f67a23f812e11b43f94d816a51c54d2bfe3fe9c65897ae8bf916ebfbfe67ef2bf947494628c085f705f7369676d6194682f68314b008594683387945294284b014b02859468118943109ca1932ee490dfbf9ed31a85d30af63f947494628c035f706394682f68314b008594683387945294284b014b02859468118943108c518272dcc09dbf8c32821ef5276b3f947494628c055f6d65616e94682f68314b008594683387945294284b014b0285946839894310e462f81e65b2eb3f045df09178f0d03f947494628c065f7369676d6194680b6811430868317c3ad548513f94869452948c025f44944e8c025f42944e8c075f626f756e647394682f68314b008594683387945294284b014b024b02869468398943200000000000000000000000000000f03f0000000000000000000000000000f03f947494628c115f6e5f6d61785f726573616d706c696e67944b148c025f67944b4b8c095f6c725f616461707494898c065f616c70686194473ff66666666666668c0a5f626574615f6d65616e94473fb999999999999a8c0b5f626574615f5369676d6194473f9eb851eb851eb88c065f67616d6d6194473fb999999999999a8c065f456d65616e94682f68314b008594683387945294284b014b024b018694683989431000000000000000000000000000000000947494628c075f455369676d6194682f68314b008594683387945294284b014b044b018694683989432000000000000000000000000000000000000000000000000000000,00000000000947494628c065f566d65616e944700000000000000008c075f565369676d61944700000000000000008c095f6574615f6d65616e94473ff00000000000008c0a5f6574615f5369676d6194473ff00000000000008c055f746f6c7894680b6811430816383daccc74473d94869452948c075f746f6c787570944740c38800000000008c075f746f6c66756e94473d719799812dea118c105f746f6c636f6e646974696f6e636f76944742d6bcc41e9000008c0d5f66756e686973745f7465726d944b148c0f5f66756e686973745f76616c75657394682f68314b008594683387945294284b014b288594683989424001000026fbecda57a918405144d4c65aa91840425c0b9156a91840de18f66e60a91840c0a2be7e56a91840d08f936159a91840d3556a4c56a9184068693c3f58a918404447193356a9184079d85e6158a918403fbbe60256a9184044ec49fb56a9184012cc7af055a918409620959456a91840a2ea448a55a91840be1682eb56a918405a76260f56a91840241e7eef56a91840514177c355a9184008ca46c456a918400eb7c40c56a9184087f8edf756a918401daa932556a91840b640b46e56a918407bdd62ee55a91840bc1e17d956a91840a2ae49ed55a918407ed7e2b156a91840045c2dd055a918405948b3c956a91840dd5cbafb55a918407f2cc1c656a91840d26e56bf57a918408f63f5a7aea91840ca5a393d56a918402478d79d8ea91840a4f5a6c756a918400e93c39465a918402ce2513058a918401e48644b6ca91840947494628c055f635f316494682f68314b008594683387945294284b014b038594681189431809d021212705633f2f9be73a181727bf9bf3029a9c0bee3e9474946275622e,6.0,small,0.0,COMPLETE
460,6.165366977993089,2024-08-18 03:36:44.273153,2024-08-18 03:37:11.497693,0 days 00:00:27.224540,0.45386446630152005,0.16910395316846855,75.0,0.0,0.0,0.0,,,6.0,small,0.0,COMPLETE
461,6.165368202232423,2024-08-18 03:37:11.578904,2024-08-18 03:37:40.613303,0 days 00:00:29.034399,0.45386126538762583,0.1691047502874693,75.0,0.0,0.0,0.0,,,6.0,small,0.0,COMPLETE
462,6.165369261133163,2024-08-18 03:37:40.741070,2024-08-18 03:38:08.174899,0 days 00:00:27.433829,0.4538605640935019,0.16910554345870185,75.0,0.0,0.0,0.0,,,6.0,small,0.0,COMPLETE
463,6.165369832523018,2024-08-18 03:38:08.262486,2024-08-18 03:38:37.175962,0 days 00:00:28.913476,0.45386656453632285,0.16910446741688606,75.0,0.0,0.0,0.0,,,6.0,small,0.0,COMPLETE
464,6.165366899332058,2024-08-18 03:38:37.266086,2024-08-18 03:39:06.436352,0 days 00:00:29.170266,0.4538543116077238,0.16910751711067956,75.0,0.0,0.0,0.0,,,6.0,small,0.0,COMPLETE
465,6.1653675254184765,2024-08-18 03:39:06.515298,2024-08-18 03:39:33.691721,0 days 00:00:27.176423,0.45385815153211906,0.16910666620999748,76.0,0.0,0.0,0.0,80049570060000000000008c0a636d6165732e5f636d61948c03434d419493942981947d94288c065f6e5f64696d944b028c085f706f7073697a65944b068c035f6d75944b038c075f6d755f656666948c166e756d70792e5f636f72652e6d756c74696172726179948c067363616c61729493948c056e756d7079948c0564747970659493948c02663894898887945294284b038c013c944e4e4e4affffffff4affffffff4b007494624308b753c6a5983a004094869452948c035f636394680b68114308cf08f6cc59fce33f94869452948c035f633194680b68114308f572bcb3fdd0c33f94869452948c045f636d7594680b68114308031b52bcb49fad3f94869452948c085f635f7369676d6194680b681143089886065d9f8edc3f94869452948c085f645f7369676d6194680b68114308a6a141d7a723f73f94869452948c035f636d944b018c065f6368695f6e94473ff411804baabfb48c085f776569676874739468098c0c5f7265636f6e737472756374949394680c8c076e6461727261799493944b0085944301629487945294284b014b068594680e8c02663894898887945294284b0368124e4e4e4affffffff4affffffff4b007494628943303d81341aa762e43fed14472b6636d23f67a23f812e11b43f94d816a51c54d2bfe3fe9c65897ae8bf916ebfbfe67ef2bf947494628c085f705f7369676d6194682f68314b008594683387945294284b014b02859468118943100279065a8c7af5bf521700e6cd49ee3f947494628c035f706394682f68314b008594683387945294284b014b028594681189431079f6a454059fb1bf0763ca4d2890773f947494628c055f6d65616e94682f68314b008594683387945294284b014b0285946839894310b063330b04b2eb3f79b84cae87f0d03f947494628c065f7369676d6194680b681143084240be584b04533f94869452948c025f44944e8c025f42944e8c075f626f756e647394682f68314b008594683387945294284b014b024b02869468398943200000000000000000000000000000f03f0000000000000000000000000000f03f947494628c115f6e5f6d61785f726573616d706c696e67944b148c025f67944b4c8c095f6c725f616461707494898c065f616c70686194473ff66666666666668c0a5f626574615f6d65616e94473fb999999999999a8c0b5f626574615f5369676d6194473f9eb851eb851eb88c065f67616d6d6194473fb999999999999a8c065f456d65616e94682f68314b008594683387945294284b014b024b018694683989431000000000000000000000000000000000947494628c075f455369676d6194682f68314b008594683387945294284b014b044b018694683989432000000000000000000000000000000000000000000000000000000,00000000000947494628c065f566d65616e944700000000000000008c075f565369676d61944700000000000000008c095f6574615f6d65616e94473ff00000000000008c0a5f6574615f5369676d6194473ff00000000000008c055f746f6c7894680b6811430816383daccc74473d94869452948c075f746f6c787570944740c38800000000008c075f746f6c66756e94473d719799812dea118c105f746f6c636f6e646974696f6e636f76944742d6bcc41e9000008c0d5f66756e686973745f7465726d944b148c0f5f66756e686973745f76616c75657394682f68314b008594683387945294284b014b288594683989424001000026fbecda57a918405144d4c65aa91840425c0b9156a91840de18f66e60a91840c0a2be7e56a91840d08f936159a91840d3556a4c56a9184068693c3f58a918404447193356a9184079d85e6158a918403fbbe60256a9184044ec49fb56a9184012cc7af055a918409620959456a91840a2ea448a55a91840be1682eb56a918405a76260f56a91840241e7eef56a91840514177c355a9184008ca46c456a918400eb7c40c56a9184087f8edf756a918401daa932556a91840b640b46e56a918407bdd62ee55a91840bc1e17d956a91840a2ae49ed55a918407ed7e2b156a91840045c2dd055a918405948b3c956a91840dd5cbafb55a918407f2cc1c656a9184072e3c1f055a91840b6b999b556a91840ca5a393d56a918402478d79d8ea91840a4f5a6c756a918400e93c39465a918402ce2513058a918401e48644b6ca91840947494628c055f635f316494682f68314b008594683387945294284b014b0385946811894318548e5e5ad908673f3087594880142dbfdb658b381a2af33e9474946275622e,6.0,small,0.0,COMPLETE
466,6.165366927804666,2024-08-18 03:39:33.771709,2024-08-18 03:40:01.229284,0 days 00:00:27.457575,0.4538598136613233,0.16910545309944813,76.0,0.0,0.0,0.0,,,6.0,small,0.0,COMPLETE
467,6.165366648377672,2024-08-18 03:40:01.348567,2024-08-18 03:40:28.605454,0 days 00:00:27.256887,0.4538534492216336,0.1691077553515532,76.0,0.0,0.0,0.0,,,6.0,small,0.0,COMPLETE
468,6.165368539355454,2024-08-18 03:40:28.686136,2024-08-18 03:40:56.030374,0 days 00:00:27.344238,0.45385053078299153,0.1691087063110099,76.0,0.0,0.0,0.0,,,6.0,small,0.0,COMPLETE
469,6.165367293117903,2024-08-18 03:40:56.129288,2024-08-18 03:41:23.345809,0 days 00:00:27.216521,0.4538585126646172,0.16910671607966682,76.0,0.0,0.0,0.0,,,6.0,small,0.0,COMPLETE
470,6.16536864714498,2024-08-18 03:41:23.423696,2024-08-18 03:41:50.573671,0 days 00:00:27.149975,0.4538537442387491,0.1691072683728758,76.0,0.0,0.0,0.0,,,6.0,small,0.0,COMPLETE
471,6.165368809928022,2024-08-18 03:41:50.652877,2024-08-18 03:42:19.636191,0 days 00:00:28.983314,0.4538521003896274,0.16910810677465435,77.0,0.0,0.0,0.0,80049570060000000000008c0a636d6165732e5f636d61948c03434d419493942981947d94288c065f6e5f64696d944b028c085f706f7073697a65944b068c035f6d75944b038c075f6d755f656666948c166e756d70792e5f636f72652e6d756c74696172726179948c067363616c61729493948c056e756d7079948c0564747970659493948c02663894898887945294284b038c013c944e4e4e4affffffff4affffffff4b007494624308b753c6a5983a004094869452948c035f636394680b68114308cf08f6cc59fce33f94869452948c035f633194680b68114308f572bcb3fdd0c33f94869452948c045f636d7594680b68114308031b52bcb49fad3f94869452948c085f635f7369676d6194680b681143089886065d9f8edc3f94869452948c085f645f7369676d6194680b68114308a6a141d7a723f73f94869452948c035f636d944b018c065f6368695f6e94473ff411804baabfb48c085f776569676874739468098c0c5f7265636f6e737472756374949394680c8c076e6461727261799493944b0085944301629487945294284b014b068594680e8c02663894898887945294284b0368124e4e4e4affffffff4affffffff4b007494628943303d81341aa762e43fed14472b6636d23f67a23f812e11b43f94d816a51c54d2bfe3fe9c65897ae8bf916ebfbfe67ef2bf947494628c085f705f7369676d6194682f68314b008594683387945294284b014b02859468118943107d9ea50d03c5f0bf1d228a4951b2e73f947494628c035f706394682f68314b008594683387945294284b014b0285946811894310328255e4ddeaa6bf530e02ab9d756f3f947494628c055f6d65616e94682f68314b008594683387945294284b014b0285946839894310cbfa3f29e1b1eb3f4ce5c4e08df0d03f947494628c065f7369676d6194680b681143087e5675323027533f94869452948c025f44944e8c025f42944e8c075f626f756e647394682f68314b008594683387945294284b014b024b02869468398943200000000000000000000000000000f03f0000000000000000000000000000f03f947494628c115f6e5f6d61785f726573616d706c696e67944b148c025f67944b4d8c095f6c725f616461707494898c065f616c70686194473ff66666666666668c0a5f626574615f6d65616e94473fb999999999999a8c0b5f626574615f5369676d6194473f9eb851eb851eb88c065f67616d6d6194473fb999999999999a8c065f456d65616e94682f68314b008594683387945294284b014b024b018694683989431000000000000000000000000000000000947494628c075f455369676d6194682f68314b008594683387945294284b014b044b018694683989432000000000000000000000000000000000000000000000000000000,00000000000947494628c065f566d65616e944700000000000000008c075f565369676d61944700000000000000008c095f6574615f6d65616e94473ff00000000000008c0a5f6574615f5369676d6194473ff00000000000008c055f746f6c7894680b6811430816383daccc74473d94869452948c075f746f6c787570944740c38800000000008c075f746f6c66756e94473d719799812dea118c105f746f6c636f6e646974696f6e636f76944742d6bcc41e9000008c0d5f66756e686973745f7465726d944b148c0f5f66756e686973745f76616c75657394682f68314b008594683387945294284b014b288594683989424001000026fbecda57a918405144d4c65aa91840425c0b9156a91840de18f66e60a91840c0a2be7e56a91840d08f936159a91840d3556a4c56a9184068693c3f58a918404447193356a9184079d85e6158a918403fbbe60256a9184044ec49fb56a9184012cc7af055a918409620959456a91840a2ea448a55a91840be1682eb56a918405a76260f56a91840241e7eef56a91840514177c355a9184008ca46c456a918400eb7c40c56a9184087f8edf756a918401daa932556a91840b640b46e56a918407bdd62ee55a91840bc1e17d956a91840a2ae49ed55a918407ed7e2b156a91840045c2dd055a918405948b3c956a91840dd5cbafb55a918407f2cc1c656a9184072e3c1f055a91840b6b999b556a918406286eadf55a91840f8150d6656a91840a4f5a6c756a918400e93c39465a918402ce2513058a918401e48644b6ca91840947494628c055f635f316494682f68314b008594683387945294284b014b0385946811894318ec344365c0d1643f377f79d413d02abfa31530e367eef13e9474946275622e,6.0,small,0.0,COMPLETE
472,6.1653677659603545,2024-08-18 03:42:19.725787,2024-08-18 03:42:49.091802,0 days 00:00:29.366015,0.45386045142573944,0.16910546271939667,77.0,0.0,0.0,0.0,,,6.0,small,0.0,COMPLETE
473,6.1653702414279525,2024-08-18 03:42:49.178334,2024-08-18 03:43:16.523438,0 days 00:00:27.345104,0.4538550931136197,0.1691080260913092,77.0,0.0,0.0,0.0,,,6.0,small,0.0,COMPLETE
474,6.165368305312228,2024-08-18 03:43:16.618110,2024-08-18 03:43:45.711639,0 days 00:00:29.093529,0.4538485450698496,0.1691088908976191,77.0,0.0,0.0,0.0,,,6.0,small,0.0,COMPLETE
475,6.165369435822826,2024-08-18 03:43:45.791963,2024-08-18 03:44:13.749013,0 days 00:00:27.957050,0.4538614409832905,0.16910504905726842,77.0,0.0,0.0,0.0,,,6.0,small,0.0,COMPLETE
476,6.165368334964683,2024-08-18 03:44:13.831657,2024-08-18 03:44:41.018458,0 days 00:00:27.186801,0.45386271461528,0.16910457770000514,77.0,0.0,0.0,0.0,,,6.0,small,0.0,COMPLETE
477,6.1653681378893666,2024-08-18 03:44:41.106452,2024-08-18 03:45:10.251945,0 days 00:00:29.145493,0.45385575731125827,0.16910675895280114,78.0,0.0,0.0,0.0,80049570060000000000008c0a636d6165732e5f636d61948c03434d419493942981947d94288c065f6e5f64696d944b028c085f706f7073697a65944b068c035f6d75944b038c075f6d755f656666948c166e756d70792e5f636f72652e6d756c74696172726179948c067363616c61729493948c056e756d7079948c0564747970659493948c02663894898887945294284b038c013c944e4e4e4affffffff4affffffff4b007494624308b753c6a5983a004094869452948c035f636394680b68114308cf08f6cc59fce33f94869452948c035f633194680b68114308f572bcb3fdd0c33f94869452948c045f636d7594680b68114308031b52bcb49fad3f94869452948c085f635f7369676d6194680b681143089886065d9f8edc3f94869452948c085f645f7369676d6194680b68114308a6a141d7a723f73f94869452948c035f636d944b018c065f6368695f6e94473ff411804baabfb48c085f776569676874739468098c0c5f7265636f6e737472756374949394680c8c076e6461727261799493944b0085944301629487945294284b014b068594680e8c02663894898887945294284b0368124e4e4e4affffffff4affffffff4b007494628943303d81341aa762e43fed14472b6636d23f67a23f812e11b43f94d816a51c54d2bfe3fe9c65897ae8bf916ebfbfe67ef2bf947494628c085f705f7369676d6194682f68314b008594683387945294284b014b02859468118943102ee845f58faad6bfe4820dd2ef86b8bf947494628c035f706394682f68314b008594683387945294284b014b028594681189431090e9613755365fbf98d0733547c228bf947494628c055f6d65616e94682f68314b008594683387945294284b014b0285946839894310b18426d5fcb1eb3f037136d287f0d03f947494628c065f7369676d6194680b68114308fcf58c0e50cb4e3f94869452948c025f44944e8c025f42944e8c075f626f756e647394682f68314b008594683387945294284b014b024b02869468398943200000000000000000000000000000f03f0000000000000000000000000000f03f947494628c115f6e5f6d61785f726573616d706c696e67944b148c025f67944b4e8c095f6c725f616461707494898c065f616c70686194473ff66666666666668c0a5f626574615f6d65616e94473fb999999999999a8c0b5f626574615f5369676d6194473f9eb851eb851eb88c065f67616d6d6194473fb999999999999a8c065f456d65616e94682f68314b008594683387945294284b014b024b018694683989431000000000000000000000000000000000947494628c075f455369676d6194682f68314b008594683387945294284b014b044b018694683989432000000000000000000000000000000000000000000000000000000,00000000000947494628c065f566d65616e944700000000000000008c075f565369676d61944700000000000000008c095f6574615f6d65616e94473ff00000000000008c0a5f6574615f5369676d6194473ff00000000000008c055f746f6c7894680b6811430816383daccc74473d94869452948c075f746f6c787570944740c38800000000008c075f746f6c66756e94473d719799812dea118c105f746f6c636f6e646974696f6e636f76944742d6bcc41e9000008c0d5f66756e686973745f7465726d944b148c0f5f66756e686973745f76616c75657394682f68314b008594683387945294284b014b288594683989424001000026fbecda57a918405144d4c65aa91840425c0b9156a91840de18f66e60a91840c0a2be7e56a91840d08f936159a91840d3556a4c56a9184068693c3f58a918404447193356a9184079d85e6158a918403fbbe60256a9184044ec49fb56a9184012cc7af055a918409620959456a91840a2ea448a55a91840be1682eb56a918405a76260f56a91840241e7eef56a91840514177c355a9184008ca46c456a918400eb7c40c56a9184087f8edf756a918401daa932556a91840b640b46e56a918407bdd62ee55a91840bc1e17d956a91840a2ae49ed55a918407ed7e2b156a91840045c2dd055a918405948b3c956a91840dd5cbafb55a918407f2cc1c656a9184072e3c1f055a91840b6b999b556a918406286eadf55a91840f8150d6656a918400073ea2a56a91840a2a80ad156a918402ce2513058a918401e48644b6ca91840947494628c055f635f316494682f68314b008594683387945294284b014b038594681189431871d9f3d897dd613fb22875d7a8bc26bf9ea45b62bafded3e9474946275622e,6.0,small,0.0,COMPLETE
478,6.165366302362917,2024-08-18 03:45:10.327509,2024-08-18 03:45:37.899193,0 days 00:00:27.571684,0.45386187602664696,0.16910508870055996,78.0,0.0,0.0,0.0,,,6.0,small,0.0,COMPLETE
479,6.165368044089302,2024-08-18 03:45:38.008842,2024-08-18 03:46:05.464373,0 days 00:00:27.455531,0.4538635358703343,0.1691045628687154,78.0,0.0,0.0,0.0,,,6.0,small,0.0,COMPLETE
