number,value,datetime_start,datetime_complete,duration,params_poisson_ratio,params_youngs_modulus,system_attrs_cma:generation,system_attrs_cma:large_n_eval,system_attrs_cma:n_restarts,system_attrs_cma:n_restarts_with_large,system_attrs_cma:optimizer:0,system_attrs_cma:optimizer:1,system_attrs_cma:popsize,system_attrs_cma:poptype,system_attrs_cma:small_n_eval,state
231,6.44539287928094,2024-08-18 01:49:12.085973,2024-08-18 01:49:41.021948,0 days 00:00:28.935975,0.44947465036333417,0.16926021299155936,37.0,0.0,0.0,0.0,,,6.0,small,0.0,COMPLETE
232,6.291137506538533,2024-08-18 01:49:41.118093,2024-08-18 01:50:08.386011,0 days 00:00:27.267918,0.4530027209299306,0.1686984334286829,37.0,0.0,0.0,0.0,,,6.0,small,0.0,COMPLETE
233,6.334659386762199,2024-08-18 01:50:08.459313,2024-08-18 01:50:37.778301,0 days 00:00:29.318988,0.4450262470232632,0.1712617328607013,37.0,0.0,0.0,0.0,,,6.0,small,0.0,COMPLETE
234,6.260280490555793,2024-08-18 01:50:37.855806,2024-08-18 01:51:05.300448,0 days 00:00:27.444642,0.45822380716364625,0.16759352796037197,37.0,0.0,0.0,0.0,,,6.0,small,0.0,COMPLETE
235,6.177206659295729,2024-08-18 01:51:05.404056,2024-08-18 01:51:32.706462,0 days 00:00:27.302406,0.4562045801524904,0.16852539048119858,38.0,0.0,0.0,0.0,80049570060000000000008c0a636d6165732e5f636d61948c03434d419493942981947d94288c065f6e5f64696d944b028c085f706f7073697a65944b068c035f6d75944b038c075f6d755f656666948c166e756d70792e5f636f72652e6d756c74696172726179948c067363616c61729493948c056e756d7079948c0564747970659493948c02663894898887945294284b038c013c944e4e4e4affffffff4affffffff4b007494624308b753c6a5983a004094869452948c035f636394680b68114308cf08f6cc59fce33f94869452948c035f633194680b68114308f572bcb3fdd0c33f94869452948c045f636d7594680b68114308031b52bcb49fad3f94869452948c085f635f7369676d6194680b681143089886065d9f8edc3f94869452948c085f645f7369676d6194680b68114308a6a141d7a723f73f94869452948c035f636d944b018c065f6368695f6e94473ff411804baabfb48c085f776569676874739468098c0c5f7265636f6e737472756374949394680c8c076e6461727261799493944b0085944301629487945294284b014b068594680e8c02663894898887945294284b0368124e4e4e4affffffff4affffffff4b007494628943303d81341aa762e43fed14472b6636d23f67a23f812e11b43f94d816a51c54d2bfe3fe9c65897ae8bf916ebfbfe67ef2bf947494628c085f705f7369676d6194682f68314b008594683387945294284b014b0285946811894310ec4dddc37209ed3f14b5cf6dcfc4f4bf947494628c035f706394682f68314b008594683387945294284b014b028594681189431020878cd7fdd0da3f7f978574ff7ea7bf947494628c055f6d65616e94682f68314b008594683387945294284b014b0285946839894310fefda9fd2c70ec3f3e177fb689c5d03f947494628c065f7369676d6194680b68114308f2f75e7f8e38b83f94869452948c025f44944e8c025f42944e8c075f626f756e647394682f68314b008594683387945294284b014b024b02869468398943200000000000000000000000000000f03f0000000000000000000000000000f03f947494628c115f6e5f6d61785f726573616d706c696e67944b148c025f67944b268c095f6c725f616461707494898c065f616c70686194473ff66666666666668c0a5f626574615f6d65616e94473fb999999999999a8c0b5f626574615f5369676d6194473f9eb851eb851eb88c065f67616d6d6194473fb999999999999a8c065f456d65616e94682f68314b008594683387945294284b014b024b018694683989431000000000000000000000000000000000947494628c075f455369676d6194682f68314b008594683387945294284b014b044b018694683989432000000000000000000000000000000000000000000000000000000,00000000000947494628c065f566d65616e944700000000000000008c075f565369676d61944700000000000000008c095f6574615f6d65616e94473ff00000000000008c0a5f6574615f5369676d6194473ff00000000000008c055f746f6c7894680b6811430816383daccc74473d94869452948c075f746f6c787570944740c38800000000008c075f746f6c66756e94473d719799812dea118c105f746f6c636f6e646974696f6e636f76944742d6bcc41e9000008c0d5f66756e686973745f7465726d944b148c0f5f66756e686973745f76616c75657394682f68314b008594683387945294284b014b28859468398942400100002f3b0a152efc204067f5e7eb952422407e305a6198b920408474b7db0df92140243fab402bbc2040a813ac8766502140edecea4a994b20400d9e8d51ec302140b8372c8172b21f40e01cebb3b4912240a3d3e71838771f403df1234b5c7c20401ccec92d28211e4006865fc152e02340a091bde914051c40ec5b3b1abe63244014bbfab6427c1b40be7df937b2942440944bcd7acd541a4042132daf46e32340b687c785178f1b4077a401a9aedf2940851e287d37091a40cabcf16fcd841e4022629112bf901b409cde1deab23721406b1e25f38cfe1840801b42def28d20401842053be92719408aeafa8ef97c1e40b628dfb360ed18409fe8789b206c1c407eb88ffa3fc518407c7a089915161f40d9720f7500c81840e1b1a6c866881c4058e50af8860a19401a88291215c81940c7a6f80fae0521402e24765e2c632140947494628c055f635f316494682f68314b008594683387945294284b014b038594681189431873861cfe6902cb3fc6058ed696208dbf62fc8e4610d5543f9474946275622e,6.0,small,0.0,COMPLETE
236,6.3130888593957,2024-08-18 01:51:32.805081,2024-08-18 01:51:59.963136,0 days 00:00:27.158055,0.4623176588819129,0.1670995730869815,38.0,0.0,0.0,0.0,,,6.0,small,0.0,COMPLETE
237,6.906996310217443,2024-08-18 01:52:00.051560,2024-08-18 01:52:27.231413,0 days 00:00:27.179853,0.4526362803955334,0.16768474776453035,38.0,0.0,0.0,0.0,,,6.0,small,0.0,COMPLETE
238,6.728943835524969,2024-08-18 01:52:27.309788,2024-08-18 01:52:54.543349,0 days 00:00:27.233561,0.46319694334939526,0.16533570938691908,38.0,0.0,0.0,0.0,,,6.0,small,0.0,COMPLETE
239,6.280958484212396,2024-08-18 01:52:54.632003,2024-08-18 01:53:21.924837,0 days 00:00:27.292834,0.4518888709422124,0.16900388596582078,38.0,0.0,0.0,0.0,,,6.0,small,0.0,COMPLETE
240,6.382190098719611,2024-08-18 01:53:21.998962,2024-08-18 01:53:49.510946,0 days 00:00:27.511984,0.45403155119032423,0.1682417844610216,38.0,0.0,0.0,0.0,,,6.0,small,0.0,COMPLETE
241,6.180176151079889,2024-08-18 01:53:49.597117,2024-08-18 01:54:16.911991,0 days 00:00:27.314874,0.45646706389451386,0.16852068145656038,39.0,0.0,0.0,0.0,80049570060000000000008c0a636d6165732e5f636d61948c03434d419493942981947d94288c065f6e5f64696d944b028c085f706f7073697a65944b068c035f6d75944b038c075f6d755f656666948c166e756d70792e5f636f72652e6d756c74696172726179948c067363616c61729493948c056e756d7079948c0564747970659493948c02663894898887945294284b038c013c944e4e4e4affffffff4affffffff4b007494624308b753c6a5983a004094869452948c035f636394680b68114308cf08f6cc59fce33f94869452948c035f633194680b68114308f572bcb3fdd0c33f94869452948c045f636d7594680b68114308031b52bcb49fad3f94869452948c085f635f7369676d6194680b681143089886065d9f8edc3f94869452948c085f645f7369676d6194680b68114308a6a141d7a723f73f94869452948c035f636d944b018c065f6368695f6e94473ff411804baabfb48c085f776569676874739468098c0c5f7265636f6e737472756374949394680c8c076e6461727261799493944b0085944301629487945294284b014b068594680e8c02663894898887945294284b0368124e4e4e4affffffff4affffffff4b007494628943303d81341aa762e43fed14472b6636d23f67a23f812e11b43f94d816a51c54d2bfe3fe9c65897ae8bf916ebfbfe67ef2bf947494628c085f705f7369676d6194682f68314b008594683387945294284b014b0285946811894310c6289dc6a607d13f9489e1d19396c8bf947494628c035f706394682f68314b008594683387945294284b014b028594681189431050eadf0445b2933fb02e325b386a613f947494628c055f6d65616e94682f68314b008594683387945294284b014b0285946839894310180e87f71a1fec3f61c2de2144dcd03f947494628c065f7369676d6194680b6811430899f3c76b5f49b33f94869452948c025f44944e8c025f42944e8c075f626f756e647394682f68314b008594683387945294284b014b024b02869468398943200000000000000000000000000000f03f0000000000000000000000000000f03f947494628c115f6e5f6d61785f726573616d706c696e67944b148c025f67944b278c095f6c725f616461707494898c065f616c70686194473ff66666666666668c0a5f626574615f6d65616e94473fb999999999999a8c0b5f626574615f5369676d6194473f9eb851eb851eb88c065f67616d6d6194473fb999999999999a8c065f456d65616e94682f68314b008594683387945294284b014b024b018694683989431000000000000000000000000000000000947494628c075f455369676d6194682f68314b008594683387945294284b014b044b018694683989432000000000000000000000000000000000000000000000000000000,00000000000947494628c065f566d65616e944700000000000000008c075f565369676d61944700000000000000008c095f6574615f6d65616e94473ff00000000000008c0a5f6574615f5369676d6194473ff00000000000008c055f746f6c7894680b6811430816383daccc74473d94869452948c075f746f6c787570944740c38800000000008c075f746f6c66756e94473d719799812dea118c105f746f6c636f6e646974696f6e636f76944742d6bcc41e9000008c0d5f66756e686973745f7465726d944b148c0f5f66756e686973745f76616c75657394682f68314b008594683387945294284b014b28859468398942400100002f3b0a152efc204067f5e7eb952422407e305a6198b920408474b7db0df92140243fab402bbc2040a813ac8766502140edecea4a994b20400d9e8d51ec302140b8372c8172b21f40e01cebb3b4912240a3d3e71838771f403df1234b5c7c20401ccec92d28211e4006865fc152e02340a091bde914051c40ec5b3b1abe63244014bbfab6427c1b40be7df937b2942440944bcd7acd541a4042132daf46e32340b687c785178f1b4077a401a9aedf2940851e287d37091a40cabcf16fcd841e4022629112bf901b409cde1deab23721406b1e25f38cfe1840801b42def28d20401842053be92719408aeafa8ef97c1e40b628dfb360ed18409fe8789b206c1c407eb88ffa3fc518407c7a089915161f40d9720f7500c81840e1b1a6c866881c4058e50af8860a19401a88291215c81940fa3b99a975b5184007e807a4c3a01b40947494628c055f635f316494682f68314b008594683387945294284b014b038594681189431894440c4c83e8c63f00b2f7a5befe88bf52982bc6fa95513f9474946275622e,6.0,small,0.0,COMPLETE
242,6.186231237601638,2024-08-18 01:54:16.998605,2024-08-18 01:54:45.907548,0 days 00:00:28.908943,0.4552611367406527,0.16853362651919707,39.0,0.0,0.0,0.0,,,6.0,small,0.0,COMPLETE
243,6.248388883681946,2024-08-18 01:54:45.977334,2024-08-18 01:55:15.075305,0 days 00:00:29.097971,0.45999489659272036,0.16741797561013025,39.0,0.0,0.0,0.0,,,6.0,small,0.0,COMPLETE
244,6.43683509897847,2024-08-18 01:55:15.167799,2024-08-18 01:55:42.392682,0 days 00:00:27.224883,0.45393582177995756,0.1681557479032731,39.0,0.0,0.0,0.0,,,6.0,small,0.0,COMPLETE
245,6.1846977587546474,2024-08-18 01:55:42.467821,2024-08-18 01:56:10.027468,0 days 00:00:27.559647,0.45602971443590734,0.16840499257232328,39.0,0.0,0.0,0.0,,,6.0,small,0.0,COMPLETE
246,6.181711635445915,2024-08-18 01:56:10.114876,2024-08-18 01:56:38.005017,0 days 00:00:27.890141,0.4565606405271707,0.16840160081590289,39.0,0.0,0.0,0.0,,,6.0,small,0.0,COMPLETE
247,6.234567426853399,2024-08-18 01:56:38.104598,2024-08-18 01:57:05.407760,0 days 00:00:27.303162,0.45950081605747833,0.16784740575175572,40.0,0.0,0.0,0.0,80049570060000000000008c0a636d6165732e5f636d61948c03434d419493942981947d94288c065f6e5f64696d944b028c085f706f7073697a65944b068c035f6d75944b038c075f6d755f656666948c166e756d70792e5f636f72652e6d756c74696172726179948c067363616c61729493948c056e756d7079948c0564747970659493948c02663894898887945294284b038c013c944e4e4e4affffffff4affffffff4b007494624308b753c6a5983a004094869452948c035f636394680b68114308cf08f6cc59fce33f94869452948c035f633194680b68114308f572bcb3fdd0c33f94869452948c045f636d7594680b68114308031b52bcb49fad3f94869452948c085f635f7369676d6194680b681143089886065d9f8edc3f94869452948c085f645f7369676d6194680b68114308a6a141d7a723f73f94869452948c035f636d944b018c065f6368695f6e94473ff411804baabfb48c085f776569676874739468098c0c5f7265636f6e737472756374949394680c8c076e6461727261799493944b0085944301629487945294284b014b068594680e8c02663894898887945294284b0368124e4e4e4affffffff4affffffff4b007494628943303d81341aa762e43fed14472b6636d23f67a23f812e11b43f94d816a51c54d2bfe3fe9c65897ae8bf916ebfbfe67ef2bf947494628c085f705f7369676d6194682f68314b008594683387945294284b014b02859468118943106d2b5f912c0edf3f1811908b9c72d23f947494628c035f706394682f68314b008594683387945294284b014b0285946811894310f0b1922b67afc33f588739dcea7260bf947494628c055f6d65616e94682f68314b008594683387945294284b014b02859468398943107b7bc10ba163ec3f9e331d72a4d9d03f947494628c065f7369676d6194680b6811430897231dfbbb46b03f94869452948c025f44944e8c025f42944e8c075f626f756e647394682f68314b008594683387945294284b014b024b02869468398943200000000000000000000000000000f03f0000000000000000000000000000f03f947494628c115f6e5f6d61785f726573616d706c696e67944b148c025f67944b288c095f6c725f616461707494898c065f616c70686194473ff66666666666668c0a5f626574615f6d65616e94473fb999999999999a8c0b5f626574615f5369676d6194473f9eb851eb851eb88c065f67616d6d6194473fb999999999999a8c065f456d65616e94682f68314b008594683387945294284b014b024b018694683989431000000000000000000000000000000000947494628c075f455369676d6194682f68314b008594683387945294284b014b044b018694683989432000000000000000000000000000000000000000000000000000000,00000000000947494628c065f566d65616e944700000000000000008c075f565369676d61944700000000000000008c095f6574615f6d65616e94473ff00000000000008c0a5f6574615f5369676d6194473ff00000000000008c055f746f6c7894680b6811430816383daccc74473d94869452948c075f746f6c787570944740c38800000000008c075f746f6c66756e94473d719799812dea118c105f746f6c636f6e646974696f6e636f76944742d6bcc41e9000008c0d5f66756e686973745f7465726d944b148c0f5f66756e686973745f76616c75657394682f68314b008594683387945294284b014b28859468398942400100000ea1d11880b81840086e3fb351bf19407e305a6198b920408474b7db0df92140243fab402bbc2040a813ac8766502140edecea4a994b20400d9e8d51ec302140b8372c8172b21f40e01cebb3b4912240a3d3e71838771f403df1234b5c7c20401ccec92d28211e4006865fc152e02340a091bde914051c40ec5b3b1abe63244014bbfab6427c1b40be7df937b2942440944bcd7acd541a4042132daf46e32340b687c785178f1b4077a401a9aedf2940851e287d37091a40cabcf16fcd841e4022629112bf901b409cde1deab23721406b1e25f38cfe1840801b42def28d20401842053be92719408aeafa8ef97c1e40b628dfb360ed18409fe8789b206c1c407eb88ffa3fc518407c7a089915161f40d9720f7500c81840e1b1a6c866881c4058e50af8860a19401a88291215c81940fa3b99a975b5184007e807a4c3a01b40947494628c055f635f316494682f68314b008594683387945294284b014b0385946811894318b526c58e3030c33ff82a2864ce1b85bf1e9bdee00caa4d3f9474946275622e,6.0,small,0.0,COMPLETE
248,6.207341877529326,2024-08-18 01:57:05.478412,2024-08-18 01:57:34.704970,0 days 00:00:29.226558,0.45669558134209637,0.16812819908596927,40.0,0.0,0.0,0.0,,,6.0,small,0.0,COMPLETE
249,6.18989149298806,2024-08-18 01:57:34.794870,2024-08-18 01:58:02.080660,0 days 00:00:27.285790,0.4567026717896777,0.1682579909966922,40.0,0.0,0.0,0.0,,,6.0,small,0.0,COMPLETE
250,6.195005156513755,2024-08-18 01:58:02.163458,2024-08-18 01:58:31.127176,0 days 00:00:28.963718,0.45730856591768076,0.16841691415812132,40.0,0.0,0.0,0.0,,,6.0,small,0.0,COMPLETE
251,6.233171443206714,2024-08-18 01:58:31.216464,2024-08-18 01:58:58.459180,0 days 00:00:27.242716,0.45160133220777277,0.17017745644010085,40.0,0.0,0.0,0.0,,,6.0,small,0.0,COMPLETE
252,6.2197997104860185,2024-08-18 01:58:58.548548,2024-08-18 01:59:25.802880,0 days 00:00:27.254332,0.45582824926947174,0.16911944554985497,40.0,0.0,0.0,0.0,,,6.0,small,0.0,COMPLETE
253,6.170389315145948,2024-08-18 01:59:25.880148,2024-08-18 01:59:53.320234,0 days 00:00:27.440086,0.4547486705884786,0.16878544833105424,41.0,0.0,0.0,0.0,80049570060000000000008c0a636d6165732e5f636d61948c03434d419493942981947d94288c065f6e5f64696d944b028c085f706f7073697a65944b068c035f6d75944b038c075f6d755f656666948c166e756d70792e5f636f72652e6d756c74696172726179948c067363616c61729493948c056e756d7079948c0564747970659493948c02663894898887945294284b038c013c944e4e4e4affffffff4affffffff4b007494624308b753c6a5983a004094869452948c035f636394680b68114308cf08f6cc59fce33f94869452948c035f633194680b68114308f572bcb3fdd0c33f94869452948c045f636d7594680b68114308031b52bcb49fad3f94869452948c085f635f7369676d6194680b681143089886065d9f8edc3f94869452948c085f645f7369676d6194680b68114308a6a141d7a723f73f94869452948c035f636d944b018c065f6368695f6e94473ff411804baabfb48c085f776569676874739468098c0c5f7265636f6e737472756374949394680c8c076e6461727261799493944b0085944301629487945294284b014b068594680e8c02663894898887945294284b0368124e4e4e4affffffff4affffffff4b007494628943303d81341aa762e43fed14472b6636d23f67a23f812e11b43f94d816a51c54d2bfe3fe9c65897ae8bf916ebfbfe67ef2bf947494628c085f705f7369676d6194682f68314b008594683387945294284b014b0285946811894310b05b1a4259deda3f3e3ebec61998b4bf947494628c035f706394682f68314b008594683387945294284b014b028594681189431013a0f567a695c03feb0ef43be1fe82bf947494628c055f6d65616e94682f68314b008594683387945294284b014b02859468398943109e2c95e1f77fec3f8e801b10ebd2d03f947494628c065f7369676d6194680b681143080c795c79ce8faa3f94869452948c025f44944e8c025f42944e8c075f626f756e647394682f68314b008594683387945294284b014b024b02869468398943200000000000000000000000000000f03f0000000000000000000000000000f03f947494628c115f6e5f6d61785f726573616d706c696e67944b148c025f67944b298c095f6c725f616461707494898c065f616c70686194473ff66666666666668c0a5f626574615f6d65616e94473fb999999999999a8c0b5f626574615f5369676d6194473f9eb851eb851eb88c065f67616d6d6194473fb999999999999a8c065f456d65616e94682f68314b008594683387945294284b014b024b018694683989431000000000000000000000000000000000947494628c075f455369676d6194682f68314b008594683387945294284b014b044b018694683989432000000000000000000000000000000000000000000000000000000,00000000000947494628c065f566d65616e944700000000000000008c075f565369676d61944700000000000000008c095f6574615f6d65616e94473ff00000000000008c0a5f6574615f5369676d6194473ff00000000000008c055f746f6c7894680b6811430816383daccc74473d94869452948c075f746f6c787570944740c38800000000008c075f746f6c66756e94473d719799812dea118c105f746f6c636f6e646974696f6e636f76944742d6bcc41e9000008c0d5f66756e686973745f7465726d944b148c0f5f66756e686973745f76616c75657394682f68314b008594683387945294284b014b28859468398942400100000ea1d11880b81840086e3fb351bf194078b060ea72c218403c2b8c7132f01840243fab402bbc2040a813ac8766502140edecea4a994b20400d9e8d51ec302140b8372c8172b21f40e01cebb3b4912240a3d3e71838771f403df1234b5c7c20401ccec92d28211e4006865fc152e02340a091bde914051c40ec5b3b1abe63244014bbfab6427c1b40be7df937b2942440944bcd7acd541a4042132daf46e32340b687c785178f1b4077a401a9aedf2940851e287d37091a40cabcf16fcd841e4022629112bf901b409cde1deab23721406b1e25f38cfe1840801b42def28d20401842053be92719408aeafa8ef97c1e40b628dfb360ed18409fe8789b206c1c407eb88ffa3fc518407c7a089915161f40d9720f7500c81840e1b1a6c866881c4058e50af8860a19401a88291215c81940fa3b99a975b5184007e807a4c3a01b40947494628c055f635f316494682f68314b008594683387945294284b014b0385946811894318501470c703f8bc3f351a48f7e4d17fbf76af3b2adcf2463f9474946275622e,6.0,small,0.0,COMPLETE
254,6.29307028977354,2024-08-18 01:59:53.421545,2024-08-18 02:00:22.617636,0 days 00:00:29.196091,0.45997342075330894,0.1681033028187192,41.0,0.0,0.0,0.0,,,6.0,small,0.0,COMPLETE
255,6.228877274216977,2024-08-18 02:00:22.721140,2024-08-18 02:00:51.766669,0 days 00:00:29.045529,0.4580188854347751,0.16846037484260573,41.0,0.0,0.0,0.0,,,6.0,small,0.0,COMPLETE
256,6.2015328081188885,2024-08-18 02:00:51.859522,2024-08-18 02:01:21.090589,0 days 00:00:29.231067,0.4578818740623207,0.16803310202114086,41.0,0.0,0.0,0.0,,,6.0,small,0.0,COMPLETE
257,6.204007325884807,2024-08-18 02:01:21.199249,2024-08-18 02:01:50.223507,0 days 00:00:29.024258,0.4564015359562944,0.1688424980421518,41.0,0.0,0.0,0.0,,,6.0,small,0.0,COMPLETE
258,6.1973058428553465,2024-08-18 02:01:50.332513,2024-08-18 02:02:19.727931,0 days 00:00:29.395418,0.4576935604850136,0.16810962236240584,41.0,0.0,0.0,0.0,,,6.0,small,0.0,COMPLETE
