number,value,datetime_start,datetime_complete,duration,params_poisson_ratio,params_youngs_modulus,system_attrs_cma:generation,system_attrs_cma:large_n_eval,system_attrs_cma:n_restarts,system_attrs_cma:n_restarts_with_large,system_attrs_cma:optimizer:0,system_attrs_cma:optimizer:1,system_attrs_cma:popsize,system_attrs_cma:poptype,system_attrs_cma:small_n_eval,state
119,9.071456310334453,2024-08-18 00:56:51.070026,2024-08-18 00:57:20.258857,0 days 00:00:29.188831,0.4047861584627111,0.18001069840536038,19.0,0.0,0.0,0.0,80049570060000000000008c0a636d6165732e5f636d61948c03434d419493942981947d94288c065f6e5f64696d944b028c085f706f7073697a65944b068c035f6d75944b038c075f6d755f656666948c166e756d70792e5f636f72652e6d756c74696172726179948c067363616c61729493948c056e756d7079948c0564747970659493948c02663894898887945294284b038c013c944e4e4e4affffffff4affffffff4b007494624308b753c6a5983a004094869452948c035f636394680b68114308cf08f6cc59fce33f94869452948c035f633194680b68114308f572bcb3fdd0c33f94869452948c045f636d7594680b68114308031b52bcb49fad3f94869452948c085f635f7369676d6194680b681143089886065d9f8edc3f94869452948c085f645f7369676d6194680b68114308a6a141d7a723f73f94869452948c035f636d944b018c065f6368695f6e94473ff411804baabfb48c085f776569676874739468098c0c5f7265636f6e737472756374949394680c8c076e6461727261799493944b0085944301629487945294284b014b068594680e8c02663894898887945294284b0368124e4e4e4affffffff4affffffff4b007494628943303d81341aa762e43fed14472b6636d23f67a23f812e11b43f94d816a51c54d2bfe3fe9c65897ae8bf916ebfbfe67ef2bf947494628c085f705f7369676d6194682f68314b008594683387945294284b014b0285946811894310b12b61cb3fc7e43f144b7c5069a1c73f947494628c035f706394682f68314b008594683387945294284b014b02859468118943105a090baa1666d13f8dd5a687415ba03f947494628c055f6d65616e94682f68314b008594683387945294284b014b0285946839894310bf05afa2b7f3dd3f3da714e7392cd23f947494628c065f7369676d6194680b68114308db46abc2d5eb953f94869452948c025f44944e8c025f42944e8c075f626f756e647394682f68314b008594683387945294284b014b024b02869468398943200000000000000000000000000000f03f0000000000000000000000000000f03f947494628c115f6e5f6d61785f726573616d706c696e67944b148c025f67944b138c095f6c725f616461707494898c065f616c70686194473ff66666666666668c0a5f626574615f6d65616e94473fb999999999999a8c0b5f626574615f5369676d6194473f9eb851eb851eb88c065f67616d6d6194473fb999999999999a8c065f456d65616e94682f68314b008594683387945294284b014b024b018694683989431000000000000000000000000000000000947494628c075f455369676d6194682f68314b008594683387945294284b014b044b018694683989432000000000000000000000000000000000000000000000000000000,00000000000947494628c065f566d65616e944700000000000000008c075f565369676d61944700000000000000008c095f6574615f6d65616e94473ff00000000000008c0a5f6574615f5369676d6194473ff00000000000008c055f746f6c7894680b6811430816383daccc74473d94869452948c075f746f6c787570944740c38800000000008c075f746f6c66756e94473d719799812dea118c105f746f6c636f6e646974696f6e636f76944742d6bcc41e9000008c0d5f66756e686973745f7465726d944b148c0f5f66756e686973745f76616c75657394682f68314b008594683387945294284b014b288594683989424001000000000000000000000000000000000000c2a664d6a4023540da2a2103323b6b40b712a12d4e3b4740d2d69eefc54c54402e00b9a32cfa49405b9e5b615754604010d76be8e4eb3f404297b8c360645b40c98b2525dc632740623f17fb5e50544067a6b1b0b9a32840f4dc5e5978b040409fe4b35c886d2e40a218e8839c0c4640e46f60e0ac6f3040a6a481337da8504018a2c7d2c7b82040dc51b6ff7006444068144afe2b142140c4e8397a463b44409ecb7bbf3209224069419e39e5734140a9f167e2418721400f477fc013802f40da6781966c9921400a8f8e2365c83540c98679e1c26f21409e0c73ee16f82a4082d9c9dc1696214000daebb775682540183e6310a32621403bd591509d2623401d118d92982b21404604d97afe082540b40813082a2c21407a9a3847af792440c7a6f80fae0521402e24765e2c632140947494628c055f635f316494682f68314b008594683387945294284b014b038594681189431874e912725966d13f017e36d5fe877a3fa220b5b299df863f9474946275622e,6.0,small,0.0,COMPLETE
120,,2024-08-18 00:57:20.343058,2024-08-18 00:57:49.298732,0 days 00:00:28.955674,0.40564037885834325,0.1792068223290012,19.0,0.0,0.0,0.0,,,6.0,small,0.0,FAIL
121,8.574561832733846,2024-08-18 00:57:49.372473,2024-08-18 00:58:16.735808,0 days 00:00:27.363335,0.4054571224392103,0.17712910429450812,19.0,0.0,0.0,0.0,,,6.0,small,0.0,COMPLETE
122,8.561577919755175,2024-08-18 00:58:16.834573,2024-08-18 00:58:45.974048,0 days 00:00:29.139475,0.4072734322460219,0.1784668034135108,19.0,0.0,0.0,0.0,,,6.0,small,0.0,COMPLETE
123,8.723024075087343,2024-08-18 00:58:46.063758,2024-08-18 00:59:13.195962,0 days 00:00:27.132204,0.4037375693517663,0.17848632075555088,19.0,0.0,0.0,0.0,,,6.0,small,0.0,COMPLETE
124,8.570552442248152,2024-08-18 00:59:13.263277,2024-08-18 00:59:42.084740,0 days 00:00:28.821463,0.4073434091760078,0.17852520093767732,19.0,0.0,0.0,0.0,,,6.0,small,0.0,COMPLETE
125,8.492539079188274,2024-08-18 00:59:42.180448,2024-08-18 01:00:11.178506,0 days 00:00:28.998058,0.40675302448470374,0.17777491071747065,19.0,0.0,0.0,0.0,,,6.0,small,0.0,COMPLETE
126,8.362490694293452,2024-08-18 01:00:11.249256,2024-08-18 01:00:40.568042,0 days 00:00:29.318786,0.4085437629867967,0.17723000037960246,20.0,0.0,0.0,0.0,80049570060000000000008c0a636d6165732e5f636d61948c03434d419493942981947d94288c065f6e5f64696d944b028c085f706f7073697a65944b068c035f6d75944b038c075f6d755f656666948c166e756d70792e5f636f72652e6d756c74696172726179948c067363616c61729493948c056e756d7079948c0564747970659493948c02663894898887945294284b038c013c944e4e4e4affffffff4affffffff4b007494624308b753c6a5983a004094869452948c035f636394680b68114308cf08f6cc59fce33f94869452948c035f633194680b68114308f572bcb3fdd0c33f94869452948c045f636d7594680b68114308031b52bcb49fad3f94869452948c085f635f7369676d6194680b681143089886065d9f8edc3f94869452948c085f645f7369676d6194680b68114308a6a141d7a723f73f94869452948c035f636d944b018c065f6368695f6e94473ff411804baabfb48c085f776569676874739468098c0c5f7265636f6e737472756374949394680c8c076e6461727261799493944b0085944301629487945294284b014b068594680e8c02663894898887945294284b0368124e4e4e4affffffff4affffffff4b007494628943303d81341aa762e43fed14472b6636d23f67a23f812e11b43f94d816a51c54d2bfe3fe9c65897ae8bf916ebfbfe67ef2bf947494628c085f705f7369676d6194682f68314b008594683387945294284b014b0285946811894310ce97102b48d6f03f0623589e172bd53f947494628c035f706394682f68314b008594683387945294284b014b028594681189431075b4310fa936e03f6453172aa0eba73f947494628c055f6d65616e94682f68314b008594683387945294284b014b0285946839894310bbd690be375fde3fb0f20dd57335d23f947494628c065f7369676d6194680b6811430894d1a5adf11e953f94869452948c025f44944e8c025f42944e8c075f626f756e647394682f68314b008594683387945294284b014b024b02869468398943200000000000000000000000000000f03f0000000000000000000000000000f03f947494628c115f6e5f6d61785f726573616d706c696e67944b148c025f67944b148c095f6c725f616461707494898c065f616c70686194473ff66666666666668c0a5f626574615f6d65616e94473fb999999999999a8c0b5f626574615f5369676d6194473f9eb851eb851eb88c065f67616d6d6194473fb999999999999a8c065f456d65616e94682f68314b008594683387945294284b014b024b018694683989431000000000000000000000000000000000947494628c075f455369676d6194682f68314b008594683387945294284b014b044b018694683989432000000000000000000000000000000000000000000000000000000,00000000000947494628c065f566d65616e944700000000000000008c075f565369676d61944700000000000000008c095f6574615f6d65616e94473ff00000000000008c0a5f6574615f5369676d6194473ff00000000000008c055f746f6c7894680b6811430816383daccc74473d94869452948c075f746f6c787570944740c38800000000008c075f746f6c66756e94473d719799812dea118c105f746f6c636f6e646974696f6e636f76944742d6bcc41e9000008c0d5f66756e686973745f7465726d944b148c0f5f66756e686973745f76616c75657394682f68314b008594683387945294284b014b28859468398942400100002f3b0a152efc204067f5e7eb95242240c2a664d6a4023540da2a2103323b6b40b712a12d4e3b4740d2d69eefc54c54402e00b9a32cfa49405b9e5b615754604010d76be8e4eb3f404297b8c360645b40c98b2525dc632740623f17fb5e50544067a6b1b0b9a32840f4dc5e5978b040409fe4b35c886d2e40a218e8839c0c4640e46f60e0ac6f3040a6a481337da8504018a2c7d2c7b82040dc51b6ff7006444068144afe2b142140c4e8397a463b44409ecb7bbf3209224069419e39e5734140a9f167e2418721400f477fc013802f40da6781966c9921400a8f8e2365c83540c98679e1c26f21409e0c73ee16f82a4082d9c9dc1696214000daebb775682540183e6310a32621403bd591509d2623401d118d92982b21404604d97afe082540b40813082a2c21407a9a3847af792440c7a6f80fae0521402e24765e2c632140947494628c055f635f316494682f68314b008594683387945294284b014b0385946811894318a855a4f88afcd03f592b169011468b3f289c6beb60d6823f9474946275622e,6.0,small,0.0,COMPLETE
127,8.663147596030653,2024-08-18 01:00:40.666813,2024-08-18 01:01:09.591865,0 days 00:00:28.925052,0.4080120711300141,0.1789808608012366,20.0,0.0,0.0,0.0,,,6.0,small,0.0,COMPLETE
128,8.986433855194498,2024-08-18 01:01:09.683666,2024-08-18 01:01:36.981682,0 days 00:00:27.298016,0.40798398134498093,0.1798377782776827,20.0,0.0,0.0,0.0,,,6.0,small,0.0,COMPLETE
129,,2024-08-18 01:01:37.053198,2024-08-18 01:02:05.886060,0 days 00:00:28.832862,0.4052060219805496,0.178528690577183,20.0,0.0,0.0,0.0,,,6.0,small,0.0,FAIL
130,8.701083514308866,2024-08-18 01:02:05.974941,2024-08-18 01:02:33.275343,0 days 00:00:27.300402,0.40736734962544324,0.17905737408770567,20.0,0.0,0.0,0.0,,,6.0,small,0.0,COMPLETE
131,8.610923583503531,2024-08-18 01:02:33.362961,2024-08-18 01:03:00.720170,0 days 00:00:27.357209,0.4065466430615971,0.1785734865238181,20.0,0.0,0.0,0.0,,,6.0,small,0.0,COMPLETE
132,8.554437114584161,2024-08-18 01:03:00.807827,2024-08-18 01:03:27.960712,0 days 00:00:27.152885,0.4065760318048264,0.17825061165751732,20.0,0.0,0.0,0.0,,,6.0,small,0.0,COMPLETE
133,8.514540291379753,2024-08-18 01:03:28.043589,2024-08-18 01:03:55.293410,0 days 00:00:27.249821,0.4063956053602608,0.17780392669062361,21.0,0.0,0.0,0.0,80049570060000000000008c0a636d6165732e5f636d61948c03434d419493942981947d94288c065f6e5f64696d944b028c085f706f7073697a65944b068c035f6d75944b038c075f6d755f656666948c166e756d70792e5f636f72652e6d756c74696172726179948c067363616c61729493948c056e756d7079948c0564747970659493948c02663894898887945294284b038c013c944e4e4e4affffffff4affffffff4b007494624308b753c6a5983a004094869452948c035f636394680b68114308cf08f6cc59fce33f94869452948c035f633194680b68114308f572bcb3fdd0c33f94869452948c045f636d7594680b68114308031b52bcb49fad3f94869452948c085f635f7369676d6194680b681143089886065d9f8edc3f94869452948c085f645f7369676d6194680b68114308a6a141d7a723f73f94869452948c035f636d944b018c065f6368695f6e94473ff411804baabfb48c085f776569676874739468098c0c5f7265636f6e737472756374949394680c8c076e6461727261799493944b0085944301629487945294284b014b068594680e8c02663894898887945294284b0368124e4e4e4affffffff4affffffff4b007494628943303d81341aa762e43fed14472b6636d23f67a23f812e11b43f94d816a51c54d2bfe3fe9c65897ae8bf916ebfbfe67ef2bf947494628c085f705f7369676d6194682f68314b008594683387945294284b014b02859468118943107dba283939f1f63f71a83a3a7641e2bf947494628c035f706394682f68314b008594683387945294284b014b0285946811894310ec87d52ea51ae53f2c2fbb427280a4bf947494628c055f6d65616e94682f68314b008594683387945294284b014b0285946839894310f7417a1d59d7de3f4296b830b626d23f947494628c065f7369676d6194680b68114308d08274ad3bad963f94869452948c025f44944e8c025f42944e8c075f626f756e647394682f68314b008594683387945294284b014b024b02869468398943200000000000000000000000000000f03f0000000000000000000000000000f03f947494628c115f6e5f6d61785f726573616d706c696e67944b148c025f67944b158c095f6c725f616461707494898c065f616c70686194473ff66666666666668c0a5f626574615f6d65616e94473fb999999999999a8c0b5f626574615f5369676d6194473f9eb851eb851eb88c065f67616d6d6194473fb999999999999a8c065f456d65616e94682f68314b008594683387945294284b014b024b018694683989431000000000000000000000000000000000947494628c075f455369676d6194682f68314b008594683387945294284b014b044b018694683989432000000000000000000000000000000000000000000000000000000,00000000000947494628c065f566d65616e944700000000000000008c075f565369676d61944700000000000000008c095f6574615f6d65616e94473ff00000000000008c0a5f6574615f5369676d6194473ff00000000000008c055f746f6c7894680b6811430816383daccc74473d94869452948c075f746f6c787570944740c38800000000008c075f746f6c66756e94473d719799812dea118c105f746f6c636f6e646974696f6e636f76944742d6bcc41e9000008c0d5f66756e686973745f7465726d944b148c0f5f66756e686973745f76616c75657394682f68314b008594683387945294284b014b28859468398942400100002f3b0a152efc204067f5e7eb952422407e305a6198b920408474b7db0df92140b712a12d4e3b4740d2d69eefc54c54402e00b9a32cfa49405b9e5b615754604010d76be8e4eb3f404297b8c360645b40c98b2525dc632740623f17fb5e50544067a6b1b0b9a32840f4dc5e5978b040409fe4b35c886d2e40a218e8839c0c4640e46f60e0ac6f3040a6a481337da8504018a2c7d2c7b82040dc51b6ff7006444068144afe2b142140c4e8397a463b44409ecb7bbf3209224069419e39e5734140a9f167e2418721400f477fc013802f40da6781966c9921400a8f8e2365c83540c98679e1c26f21409e0c73ee16f82a4082d9c9dc1696214000daebb775682540183e6310a32621403bd591509d2623401d118d92982b21404604d97afe082540b40813082a2c21407a9a3847af792440c7a6f80fae0521402e24765e2c632140947494628c055f635f316494682f68314b008594683387945294284b014b0385946811894318c68dc19be71dd43f146ded694707523f60f383edd5757b3f9474946275622e,6.0,small,0.0,COMPLETE
134,8.36751749124921,2024-08-18 01:03:55.363814,2024-08-18 01:04:24.419616,0 days 00:00:29.055802,0.40989184222918745,0.17798155026074702,21.0,0.0,0.0,0.0,,,6.0,small,0.0,COMPLETE
135,8.511274690368495,2024-08-18 01:04:24.514285,2024-08-18 01:04:51.752781,0 days 00:00:27.238496,0.4064167401312397,0.1770375990865558,21.0,0.0,0.0,0.0,,,6.0,small,0.0,COMPLETE
136,8.657032241588084,2024-08-18 01:04:51.828456,2024-08-18 01:05:19.178789,0 days 00:00:27.350333,0.4054453864254157,0.1765253787132242,21.0,0.0,0.0,0.0,,,6.0,small,0.0,COMPLETE
137,8.393915547107907,2024-08-18 01:05:19.259532,2024-08-18 01:05:48.525246,0 days 00:00:29.265714,0.4081097692681959,0.17741092876887188,21.0,0.0,0.0,0.0,,,6.0,small,0.0,COMPLETE
138,8.608128553206246,2024-08-18 01:05:48.600691,2024-08-18 01:06:15.906366,0 days 00:00:27.305675,0.4070504716085654,0.17610428780049064,21.0,0.0,0.0,0.0,,,6.0,small,0.0,COMPLETE
139,8.147653905084065,2024-08-18 01:06:16.000039,2024-08-18 01:06:45.467719,0 days 00:00:29.467680,0.41230012104165586,0.1761884044919964,22.0,0.0,0.0,0.0,80049570060000000000008c0a636d6165732e5f636d61948c03434d419493942981947d94288c065f6e5f64696d944b028c085f706f7073697a65944b068c035f6d75944b038c075f6d755f656666948c166e756d70792e5f636f72652e6d756c74696172726179948c067363616c61729493948c056e756d7079948c0564747970659493948c02663894898887945294284b038c013c944e4e4e4affffffff4affffffff4b007494624308b753c6a5983a004094869452948c035f636394680b68114308cf08f6cc59fce33f94869452948c035f633194680b68114308f572bcb3fdd0c33f94869452948c045f636d7594680b68114308031b52bcb49fad3f94869452948c085f635f7369676d6194680b681143089886065d9f8edc3f94869452948c085f645f7369676d6194680b68114308a6a141d7a723f73f94869452948c035f636d944b018c065f6368695f6e94473ff411804baabfb48c085f776569676874739468098c0c5f7265636f6e737472756374949394680c8c076e6461727261799493944b0085944301629487945294284b014b068594680e8c02663894898887945294284b0368124e4e4e4affffffff4affffffff4b007494628943303d81341aa762e43fed14472b6636d23f67a23f812e11b43f94d816a51c54d2bfe3fe9c65897ae8bf916ebfbfe67ef2bf947494628c085f705f7369676d6194682f68314b008594683387945294284b014b02859468118943108864f5037f10fd3f176386415ff4c4bf947494628c035f706394682f68314b008594683387945294284b014b0285946811894310bf554387de59ec3f10ad38c619c6493f947494628c055f6d65616e94682f68314b008594683387945294284b014b02859468398943104d09bc1ecd86df3f2b35bd530f2bd23f947494628c065f7369676d6194680b68114308c6cca6ec65169a3f94869452948c025f44944e8c025f42944e8c075f626f756e647394682f68314b008594683387945294284b014b024b02869468398943200000000000000000000000000000f03f0000000000000000000000000000f03f947494628c115f6e5f6d61785f726573616d706c696e67944b148c025f67944b168c095f6c725f616461707494898c065f616c70686194473ff66666666666668c0a5f626574615f6d65616e94473fb999999999999a8c0b5f626574615f5369676d6194473f9eb851eb851eb88c065f67616d6d6194473fb999999999999a8c065f456d65616e94682f68314b008594683387945294284b014b024b018694683989431000000000000000000000000000000000947494628c075f455369676d6194682f68314b008594683387945294284b014b044b018694683989432000000000000000000000000000000000000000000000000000000,00000000000947494628c065f566d65616e944700000000000000008c075f565369676d61944700000000000000008c095f6574615f6d65616e94473ff00000000000008c0a5f6574615f5369676d6194473ff00000000000008c055f746f6c7894680b6811430816383daccc74473d94869452948c075f746f6c787570944740c38800000000008c075f746f6c66756e94473d719799812dea118c105f746f6c636f6e646974696f6e636f76944742d6bcc41e9000008c0d5f66756e686973745f7465726d944b148c0f5f66756e686973745f76616c75657394682f68314b008594683387945294284b014b28859468398942400100002f3b0a152efc204067f5e7eb952422407e305a6198b920408474b7db0df92140243fab402bbc2040a813ac87665021402e00b9a32cfa49405b9e5b615754604010d76be8e4eb3f404297b8c360645b40c98b2525dc632740623f17fb5e50544067a6b1b0b9a32840f4dc5e5978b040409fe4b35c886d2e40a218e8839c0c4640e46f60e0ac6f3040a6a481337da8504018a2c7d2c7b82040dc51b6ff7006444068144afe2b142140c4e8397a463b44409ecb7bbf3209224069419e39e5734140a9f167e2418721400f477fc013802f40da6781966c9921400a8f8e2365c83540c98679e1c26f21409e0c73ee16f82a4082d9c9dc1696214000daebb775682540183e6310a32621403bd591509d2623401d118d92982b21404604d97afe082540b40813082a2c21407a9a3847af792440c7a6f80fae0521402e24765e2c632140947494628c055f635f316494682f68314b008594683387945294284b014b0385946811894318f00d2c1fe155d93fe489cdcbf22c5abf7a126e65f486753f9474946275622e,6.0,small,0.0,COMPLETE
140,8.31886503364128,2024-08-18 01:06:45.537697,2024-08-18 01:07:14.532463,0 days 00:00:28.994766,0.4117445987551865,0.17806287514960767,22.0,0.0,0.0,0.0,,,6.0,small,0.0,COMPLETE
141,8.357889490525551,2024-08-18 01:07:14.619986,2024-08-18 01:07:41.739083,0 days 00:00:27.119097,0.412441203252039,0.17827621413538008,22.0,0.0,0.0,0.0,,,6.0,small,0.0,COMPLETE
142,8.25955502965807,2024-08-18 01:07:41.818221,2024-08-18 01:08:10.768773,0 days 00:00:28.950552,0.410169332027152,0.1770754708289679,22.0,0.0,0.0,0.0,,,6.0,small,0.0,COMPLETE
143,8.228080202095555,2024-08-18 01:08:10.849799,2024-08-18 01:08:38.083959,0 days 00:00:27.234160,0.4106584576989831,0.17676832852021523,22.0,0.0,0.0,0.0,,,6.0,small,0.0,COMPLETE
144,8.595552967583922,2024-08-18 01:08:38.182322,2024-08-18 01:09:07.278255,0 days 00:00:29.095933,0.4097748122422047,0.1788789477979798,22.0,0.0,0.0,0.0,,,6.0,small,0.0,COMPLETE
145,8.568455457541608,2024-08-18 01:09:07.348812,2024-08-18 01:09:34.722874,0 days 00:00:27.374062,0.4085959143233009,0.1757139856405462,23.0,0.0,0.0,0.0,80049570060000000000008c0a636d6165732e5f636d61948c03434d419493942981947d94288c065f6e5f64696d944b028c085f706f7073697a65944b068c035f6d75944b038c075f6d755f656666948c166e756d70792e5f636f72652e6d756c74696172726179948c067363616c61729493948c056e756d7079948c0564747970659493948c02663894898887945294284b038c013c944e4e4e4affffffff4affffffff4b007494624308b753c6a5983a004094869452948c035f636394680b68114308cf08f6cc59fce33f94869452948c035f633194680b68114308f572bcb3fdd0c33f94869452948c045f636d7594680b68114308031b52bcb49fad3f94869452948c085f635f7369676d6194680b681143089886065d9f8edc3f94869452948c085f645f7369676d6194680b68114308a6a141d7a723f73f94869452948c035f636d944b018c065f6368695f6e94473ff411804baabfb48c085f776569676874739468098c0c5f7265636f6e737472756374949394680c8c076e6461727261799493944b0085944301629487945294284b014b068594680e8c02663894898887945294284b0368124e4e4e4affffffff4affffffff4b007494628943303d81341aa762e43fed14472b6636d23f67a23f812e11b43f94d816a51c54d2bfe3fe9c65897ae8bf916ebfbfe67ef2bf947494628c085f705f7369676d6194682f68314b008594683387945294284b014b02859468118943100783658522970440e1e98acf4fddfebf947494628c035f706394682f68314b008594683387945294284b014b028594681189431028b6003ede49d53fc0940233745a333f947494628c055f6d65616e94682f68314b008594683387945294284b014b0285946839894310c5ff912aba71e03f8c5d4278ebfad13f947494628c065f7369676d6194680b68114308f3d30b2fd522a53f94869452948c025f44944e8c025f42944e8c075f626f756e647394682f68314b008594683387945294284b014b024b02869468398943200000000000000000000000000000f03f0000000000000000000000000000f03f947494628c115f6e5f6d61785f726573616d706c696e67944b148c025f67944b178c095f6c725f616461707494898c065f616c70686194473ff66666666666668c0a5f626574615f6d65616e94473fb999999999999a8c0b5f626574615f5369676d6194473f9eb851eb851eb88c065f67616d6d6194473fb999999999999a8c065f456d65616e94682f68314b008594683387945294284b014b024b018694683989431000000000000000000000000000000000947494628c075f455369676d6194682f68314b008594683387945294284b014b044b018694683989432000000000000000000000000000000000000000000000000000000,00000000000947494628c065f566d65616e944700000000000000008c075f565369676d61944700000000000000008c095f6574615f6d65616e94473ff00000000000008c0a5f6574615f5369676d6194473ff00000000000008c055f746f6c7894680b6811430816383daccc74473d94869452948c075f746f6c787570944740c38800000000008c075f746f6c66756e94473d719799812dea118c105f746f6c636f6e646974696f6e636f76944742d6bcc41e9000008c0d5f66756e686973745f7465726d944b148c0f5f66756e686973745f76616c75657394682f68314b008594683387945294284b014b28859468398942400100002f3b0a152efc204067f5e7eb952422407e305a6198b920408474b7db0df92140243fab402bbc2040a813ac8766502140edecea4a994b20400d9e8d51ec30214010d76be8e4eb3f404297b8c360645b40c98b2525dc632740623f17fb5e50544067a6b1b0b9a32840f4dc5e5978b040409fe4b35c886d2e40a218e8839c0c4640e46f60e0ac6f3040a6a481337da8504018a2c7d2c7b82040dc51b6ff7006444068144afe2b142140c4e8397a463b44409ecb7bbf3209224069419e39e5734140a9f167e2418721400f477fc013802f40da6781966c9921400a8f8e2365c83540c98679e1c26f21409e0c73ee16f82a4082d9c9dc1696214000daebb775682540183e6310a32621403bd591509d2623401d118d92982b21404604d97afe082540b40813082a2c21407a9a3847af792440c7a6f80fae0521402e24765e2c632140947494628c055f635f316494682f68314b008594683387945294284b014b038594681189431865ad8ed27da0db3f1ed64b6e490d86bf1d66bdb3fbf6763f9474946275622e,6.0,small,0.0,COMPLETE
146,9.284581778002064,2024-08-18 01:09:34.815083,2024-08-18 01:10:03.835692,0 days 00:00:29.020609,0.40806379884082705,0.1741868881723282,23.0,0.0,0.0,0.0,,,6.0,small,0.0,COMPLETE
