number,value,datetime_start,datetime_complete,duration,params_poisson_ratio,params_youngs_modulus,system_attrs_cma:generation,system_attrs_cma:large_n_eval,system_attrs_cma:n_restarts,system_attrs_cma:n_restarts_with_large,system_attrs_cma:optimizer:0,system_attrs_cma:optimizer:1,system_attrs_cma:popsize,system_attrs_cma:poptype,system_attrs_cma:small_n_eval,state
147,7.924264925311881,2024-08-18 01:10:03.918577,2024-08-18 01:10:32.773003,0 days 00:00:28.854426,0.4169050198760395,0.1751772990614454,23.0,0.0,0.0,0.0,,,6.0,small,0.0,COMPLETE
148,8.135799110798716,2024-08-18 01:10:32.859235,2024-08-18 01:11:01.748132,0 days 00:00:28.888897,0.4121455813955358,0.17651121421174198,23.0,0.0,0.0,0.0,,,6.0,small,0.0,COMPLETE
149,8.167498897404206,2024-08-18 01:11:01.823543,2024-08-18 01:11:30.708944,0 days 00:00:28.885401,0.41178813034898015,0.17709548770610056,23.0,0.0,0.0,0.0,,,6.0,small,0.0,COMPLETE
150,8.297681972156951,2024-08-18 01:11:30.788209,2024-08-18 01:11:57.987226,0 days 00:00:27.199017,0.41029947954852103,0.17764341316095356,23.0,0.0,0.0,0.0,,,6.0,small,0.0,COMPLETE
151,8.242891643655293,2024-08-18 01:11:58.062126,2024-08-18 01:12:27.092012,0 days 00:00:29.029886,0.4111657639698501,0.17753138979001098,24.0,0.0,0.0,0.0,80049570060000000000008c0a636d6165732e5f636d61948c03434d419493942981947d94288c065f6e5f64696d944b028c085f706f7073697a65944b068c035f6d75944b038c075f6d755f656666948c166e756d70792e5f636f72652e6d756c74696172726179948c067363616c61729493948c056e756d7079948c0564747970659493948c02663894898887945294284b038c013c944e4e4e4affffffff4affffffff4b007494624308b753c6a5983a004094869452948c035f636394680b68114308cf08f6cc59fce33f94869452948c035f633194680b68114308f572bcb3fdd0c33f94869452948c045f636d7594680b68114308031b52bcb49fad3f94869452948c085f635f7369676d6194680b681143089886065d9f8edc3f94869452948c085f645f7369676d6194680b68114308a6a141d7a723f73f94869452948c035f636d944b018c065f6368695f6e94473ff411804baabfb48c085f776569676874739468098c0c5f7265636f6e737472756374949394680c8c076e6461727261799493944b0085944301629487945294284b014b068594680e8c02663894898887945294284b0368124e4e4e4affffffff4affffffff4b007494628943303d81341aa762e43fed14472b6636d23f67a23f812e11b43f94d816a51c54d2bfe3fe9c65897ae8bf916ebfbfe67ef2bf947494628c085f705f7369676d6194682f68314b008594683387945294284b014b0285946811894310ad7ccf35707e05400e29808b5cfff6bf947494628c035f706394682f68314b008594683387945294284b014b0285946811894310bf45ed5483f8bf3f15e37a4882101d3f947494628c055f6d65616e94682f68314b008594683387945294284b014b0285946839894310ff2bac808a5fe13f01413885dce0d13f947494628c065f7369676d6194680b68114308663a6197ec6cb03f94869452948c025f44944e8c025f42944e8c075f626f756e647394682f68314b008594683387945294284b014b024b02869468398943200000000000000000000000000000f03f0000000000000000000000000000f03f947494628c115f6e5f6d61785f726573616d706c696e67944b148c025f67944b188c095f6c725f616461707494898c065f616c70686194473ff66666666666668c0a5f626574615f6d65616e94473fb999999999999a8c0b5f626574615f5369676d6194473f9eb851eb851eb88c065f67616d6d6194473fb999999999999a8c065f456d65616e94682f68314b008594683387945294284b014b024b018694683989431000000000000000000000000000000000947494628c075f455369676d6194682f68314b008594683387945294284b014b044b018694683989432000000000000000000000000000000000000000000000000000000,00000000000947494628c065f566d65616e944700000000000000008c075f565369676d61944700000000000000008c095f6574615f6d65616e94473ff00000000000008c0a5f6574615f5369676d6194473ff00000000000008c055f746f6c7894680b6811430816383daccc74473d94869452948c075f746f6c787570944740c38800000000008c075f746f6c66756e94473d719799812dea118c105f746f6c636f6e646974696f6e636f76944742d6bcc41e9000008c0d5f66756e686973745f7465726d944b148c0f5f66756e686973745f76616c75657394682f68314b008594683387945294284b014b28859468398942400100002f3b0a152efc204067f5e7eb952422407e305a6198b920408474b7db0df92140243fab402bbc2040a813ac8766502140edecea4a994b20400d9e8d51ec302140b8372c8172b21f40e01cebb3b4912240c98b2525dc632740623f17fb5e50544067a6b1b0b9a32840f4dc5e5978b040409fe4b35c886d2e40a218e8839c0c4640e46f60e0ac6f3040a6a481337da8504018a2c7d2c7b82040dc51b6ff7006444068144afe2b142140c4e8397a463b44409ecb7bbf3209224069419e39e5734140a9f167e2418721400f477fc013802f40da6781966c9921400a8f8e2365c83540c98679e1c26f21409e0c73ee16f82a4082d9c9dc1696214000daebb775682540183e6310a32621403bd591509d2623401d118d92982b21404604d97afe082540b40813082a2c21407a9a3847af792440c7a6f80fae0521402e24765e2c632140947494628c055f635f316494682f68314b008594683387945294284b014b03859468118943188f668f2c3e19dd3fae2de9e2087691bf0fff19196d0b763f9474946275622e,6.0,small,0.0,COMPLETE
152,7.922843338348264,2024-08-18 01:12:27.177689,2024-08-18 01:12:54.877216,0 days 00:00:27.699527,0.4173311276885245,0.17500893754576308,24.0,0.0,0.0,0.0,,,6.0,small,0.0,COMPLETE
153,7.885494622199376,2024-08-18 01:12:54.967611,2024-08-18 01:13:23.814406,0 days 00:00:28.846795,0.4209303067636346,0.1739393786320253,24.0,0.0,0.0,0.0,,,6.0,small,0.0,COMPLETE
154,8.096616399676812,2024-08-18 01:13:23.892061,2024-08-18 01:13:51.016460,0 days 00:00:27.124399,0.41778660938330897,0.17429982901641536,24.0,0.0,0.0,0.0,,,6.0,small,0.0,COMPLETE
155,8.00850856513298,2024-08-18 01:13:51.098483,2024-08-18 01:14:18.252223,0 days 00:00:27.153740,0.4157546038355799,0.17722257372105898,24.0,0.0,0.0,0.0,,,6.0,small,0.0,COMPLETE
156,7.866424931668834,2024-08-18 01:14:18.339110,2024-08-18 01:14:47.422826,0 days 00:00:29.083716,0.4190587710933324,0.1745883726235484,24.0,0.0,0.0,0.0,,,6.0,small,0.0,COMPLETE
157,9.281620992820613,2024-08-18 01:14:47.499187,2024-08-18 01:15:14.742907,0 days 00:00:27.243720,0.4385013249206787,0.16784809827879937,25.0,0.0,0.0,0.0,80049570060000000000008c0a636d6165732e5f636d61948c03434d419493942981947d94288c065f6e5f64696d944b028c085f706f7073697a65944b068c035f6d75944b038c075f6d755f656666948c166e756d70792e5f636f72652e6d756c74696172726179948c067363616c61729493948c056e756d7079948c0564747970659493948c02663894898887945294284b038c013c944e4e4e4affffffff4affffffff4b007494624308b753c6a5983a004094869452948c035f636394680b68114308cf08f6cc59fce33f94869452948c035f633194680b68114308f572bcb3fdd0c33f94869452948c045f636d7594680b68114308031b52bcb49fad3f94869452948c085f635f7369676d6194680b681143089886065d9f8edc3f94869452948c085f645f7369676d6194680b68114308a6a141d7a723f73f94869452948c035f636d944b018c065f6368695f6e94473ff411804baabfb48c085f776569676874739468098c0c5f7265636f6e737472756374949394680c8c076e6461727261799493944b0085944301629487945294284b014b068594680e8c02663894898887945294284b0368124e4e4e4affffffff4affffffff4b007494628943303d81341aa762e43fed14472b6636d23f67a23f812e11b43f94d816a51c54d2bfe3fe9c65897ae8bf916ebfbfe67ef2bf947494628c085f705f7369676d6194682f68314b008594683387945294284b014b0285946811894310e0eb81ef18a903404e722cb6f79cf3bf947494628c035f706394682f68314b008594683387945294284b014b0285946811894310417ea030ad01a83fed2ac8b602d3053f947494628c055f6d65616e94682f68314b008594683387945294284b014b02859468398943109f2403588685e23ffcc58fb099b2d13f947494628c065f7369676d6194680b681143089d31745a87b5b73f94869452948c025f44944e8c025f42944e8c075f626f756e647394682f68314b008594683387945294284b014b024b02869468398943200000000000000000000000000000f03f0000000000000000000000000000f03f947494628c115f6e5f6d61785f726573616d706c696e67944b148c025f67944b198c095f6c725f616461707494898c065f616c70686194473ff66666666666668c0a5f626574615f6d65616e94473fb999999999999a8c0b5f626574615f5369676d6194473f9eb851eb851eb88c065f67616d6d6194473fb999999999999a8c065f456d65616e94682f68314b008594683387945294284b014b024b018694683989431000000000000000000000000000000000947494628c075f455369676d6194682f68314b008594683387945294284b014b044b018694683989432000000000000000000000000000000000000000000000000000000,00000000000947494628c065f566d65616e944700000000000000008c075f565369676d61944700000000000000008c095f6574615f6d65616e94473ff00000000000008c0a5f6574615f5369676d6194473ff00000000000008c055f746f6c7894680b6811430816383daccc74473d94869452948c075f746f6c787570944740c38800000000008c075f746f6c66756e94473d719799812dea118c105f746f6c636f6e646974696f6e636f76944742d6bcc41e9000008c0d5f66756e686973745f7465726d944b148c0f5f66756e686973745f76616c75657394682f68314b008594683387945294284b014b28859468398942400100002f3b0a152efc204067f5e7eb952422407e305a6198b920408474b7db0df92140243fab402bbc2040a813ac8766502140edecea4a994b20400d9e8d51ec302140b8372c8172b21f40e01cebb3b4912240a3d3e71838771f403df1234b5c7c204067a6b1b0b9a32840f4dc5e5978b040409fe4b35c886d2e40a218e8839c0c4640e46f60e0ac6f3040a6a481337da8504018a2c7d2c7b82040dc51b6ff7006444068144afe2b142140c4e8397a463b44409ecb7bbf3209224069419e39e5734140a9f167e2418721400f477fc013802f40da6781966c9921400a8f8e2365c83540c98679e1c26f21409e0c73ee16f82a4082d9c9dc1696214000daebb775682540183e6310a32621403bd591509d2623401d118d92982b21404604d97afe082540b40813082a2c21407a9a3847af792440c7a6f80fae0521402e24765e2c632140947494628c055f635f316494682f68314b008594683387945294284b014b038594681189431827316f342729dc3fdcd81617556389bfa7868b7c1d33733f9474946275622e,6.0,small,0.0,COMPLETE
158,7.532379832689482,2024-08-18 01:15:14.835757,2024-08-18 01:15:42.060425,0 days 00:00:27.224668,0.43028563948037024,0.17217967705231124,25.0,0.0,0.0,0.0,,,6.0,small,0.0,COMPLETE
159,9.938131373320186,2024-08-18 01:15:42.152910,2024-08-18 01:16:09.301175,0 days 00:00:27.148265,0.4129744084111042,0.17212905415992608,25.0,0.0,0.0,0.0,,,6.0,small,0.0,COMPLETE
160,7.897326879883222,2024-08-18 01:16:09.375367,2024-08-18 01:16:38.582317,0 days 00:00:29.206950,0.42062683982810234,0.17716558188675774,25.0,0.0,0.0,0.0,,,6.0,small,0.0,COMPLETE
161,8.36372906098912,2024-08-18 01:16:38.657128,2024-08-18 01:17:07.603587,0 days 00:00:28.946459,0.42396032852318755,0.17222382395798486,25.0,0.0,0.0,0.0,,,6.0,small,0.0,COMPLETE
162,9.01970489796393,2024-08-18 01:17:07.679910,2024-08-18 01:17:35.055581,0 days 00:00:27.375671,0.4122945965226133,0.1737264346001664,25.0,0.0,0.0,0.0,,,6.0,small,0.0,COMPLETE
163,8.087364371998959,2024-08-18 01:17:35.128727,2024-08-18 01:18:04.201811,0 days 00:00:29.073084,0.4157313587006526,0.17496758356208322,26.0,0.0,0.0,0.0,80049570060000000000008c0a636d6165732e5f636d61948c03434d419493942981947d94288c065f6e5f64696d944b028c085f706f7073697a65944b068c035f6d75944b038c075f6d755f656666948c166e756d70792e5f636f72652e6d756c74696172726179948c067363616c61729493948c056e756d7079948c0564747970659493948c02663894898887945294284b038c013c944e4e4e4affffffff4affffffff4b007494624308b753c6a5983a004094869452948c035f636394680b68114308cf08f6cc59fce33f94869452948c035f633194680b68114308f572bcb3fdd0c33f94869452948c045f636d7594680b68114308031b52bcb49fad3f94869452948c085f635f7369676d6194680b681143089886065d9f8edc3f94869452948c085f645f7369676d6194680b68114308a6a141d7a723f73f94869452948c035f636d944b018c065f6368695f6e94473ff411804baabfb48c085f776569676874739468098c0c5f7265636f6e737472756374949394680c8c076e6461727261799493944b0085944301629487945294284b014b068594680e8c02663894898887945294284b0368124e4e4e4affffffff4affffffff4b007494628943303d81341aa762e43fed14472b6636d23f67a23f812e11b43f94d816a51c54d2bfe3fe9c65897ae8bf916ebfbfe67ef2bf947494628c085f705f7369676d6194682f68314b008594683387945294284b014b02859468118943104fb596e9c9a40440995cdfda172fe7bf947494628c035f706394682f68314b008594683387945294284b014b028594681189431029a1ea92bb06923f9bbe724c3c63f03e947494628c055f6d65616e94682f68314b008594683387945294284b014b02859468398943106e671eb7588be43fdc3defee3594d13f947494628c065f7369676d6194680b68114308b25fdf32dad5c03f94869452948c025f44944e8c025f42944e8c075f626f756e647394682f68314b008594683387945294284b014b024b02869468398943200000000000000000000000000000f03f0000000000000000000000000000f03f947494628c115f6e5f6d61785f726573616d706c696e67944b148c025f67944b1a8c095f6c725f616461707494898c065f616c70686194473ff66666666666668c0a5f626574615f6d65616e94473fb999999999999a8c0b5f626574615f5369676d6194473f9eb851eb851eb88c065f67616d6d6194473fb999999999999a8c065f456d65616e94682f68314b008594683387945294284b014b024b018694683989431000000000000000000000000000000000947494628c075f455369676d6194682f68314b008594683387945294284b014b044b018694683989432000000000000000000000000000000000000000000000000000000,00000000000947494628c065f566d65616e944700000000000000008c075f565369676d61944700000000000000008c095f6574615f6d65616e94473ff00000000000008c0a5f6574615f5369676d6194473ff00000000000008c055f746f6c7894680b6811430816383daccc74473d94869452948c075f746f6c787570944740c38800000000008c075f746f6c66756e94473d719799812dea118c105f746f6c636f6e646974696f6e636f76944742d6bcc41e9000008c0d5f66756e686973745f7465726d944b148c0f5f66756e686973745f76616c75657394682f68314b008594683387945294284b014b28859468398942400100002f3b0a152efc204067f5e7eb952422407e305a6198b920408474b7db0df92140243fab402bbc2040a813ac8766502140edecea4a994b20400d9e8d51ec302140b8372c8172b21f40e01cebb3b4912240a3d3e71838771f403df1234b5c7c20401ccec92d28211e4006865fc152e023409fe4b35c886d2e40a218e8839c0c4640e46f60e0ac6f3040a6a481337da8504018a2c7d2c7b82040dc51b6ff7006444068144afe2b142140c4e8397a463b44409ecb7bbf3209224069419e39e5734140a9f167e2418721400f477fc013802f40da6781966c9921400a8f8e2365c83540c98679e1c26f21409e0c73ee16f82a4082d9c9dc1696214000daebb775682540183e6310a32621403bd591509d2623401d118d92982b21404604d97afe082540b40813082a2c21407a9a3847af792440c7a6f80fae0521402e24765e2c632140947494628c055f635f316494682f68314b008594683387945294284b014b038594681189431811590c92d6dadb3f2092f107d37a8ebf9b89fa0f230f733f9474946275622e,6.0,small,0.0,COMPLETE
164,7.9650939169232355,2024-08-18 01:18:04.298519,2024-08-18 01:18:31.584452,0 days 00:00:27.285933,0.41807347497972963,0.1772906360664694,26.0,0.0,0.0,0.0,,,6.0,small,0.0,COMPLETE
165,7.00496258945023,2024-08-18 01:18:31.702797,2024-08-18 01:19:00.619215,0 days 00:00:28.916418,0.4311428054453043,0.17350588363480476,26.0,0.0,0.0,0.0,,,6.0,small,0.0,COMPLETE
166,7.143806081422265,2024-08-18 01:19:00.710337,2024-08-18 01:19:29.754124,0 days 00:00:29.043787,0.42939660046455297,0.1747855589701685,26.0,0.0,0.0,0.0,,,6.0,small,0.0,COMPLETE
167,10.194809741731625,2024-08-18 01:19:29.829892,2024-08-18 01:19:57.291283,0 days 00:00:27.461391,0.41778165413674956,0.17084868399909542,26.0,0.0,0.0,0.0,,,6.0,small,0.0,COMPLETE
168,8.742380861437866,2024-08-18 01:19:57.433809,2024-08-18 01:20:24.817799,0 days 00:00:27.383990,0.4330010400852861,0.16969181821949664,26.0,0.0,0.0,0.0,,,6.0,small,0.0,COMPLETE
169,8.405702855601824,2024-08-18 01:20:24.896012,2024-08-18 01:20:54.040638,0 days 00:00:29.144626,0.429841364272807,0.17084275166783397,27.0,0.0,0.0,0.0,80049570060000000000008c0a636d6165732e5f636d61948c03434d419493942981947d94288c065f6e5f64696d944b028c085f706f7073697a65944b068c035f6d75944b038c075f6d755f656666948c166e756d70792e5f636f72652e6d756c74696172726179948c067363616c61729493948c056e756d7079948c0564747970659493948c02663894898887945294284b038c013c944e4e4e4affffffff4affffffff4b007494624308b753c6a5983a004094869452948c035f636394680b68114308cf08f6cc59fce33f94869452948c035f633194680b68114308f572bcb3fdd0c33f94869452948c045f636d7594680b68114308031b52bcb49fad3f94869452948c085f635f7369676d6194680b681143089886065d9f8edc3f94869452948c085f645f7369676d6194680b68114308a6a141d7a723f73f94869452948c035f636d944b018c065f6368695f6e94473ff411804baabfb48c085f776569676874739468098c0c5f7265636f6e737472756374949394680c8c076e6461727261799493944b0085944301629487945294284b014b068594680e8c02663894898887945294284b0368124e4e4e4affffffff4affffffff4b007494628943303d81341aa762e43fed14472b6636d23f67a23f812e11b43f94d816a51c54d2bfe3fe9c65897ae8bf916ebfbfe67ef2bf947494628c085f705f7369676d6194682f68314b008594683387945294284b014b0285946811894310de55218f11b4fb3f7ed5ba2620ddc0bf947494628c035f706394682f68314b008594683387945294284b014b02859468118943104998b01d2c78cc3f97935373f5ce893f947494628c055f6d65616e94682f68314b008594683387945294284b014b0285946839894310715c49297d3be53f850499afc5a8d13f947494628c065f7369676d6194680b68114308fd319ef19cf4c23f94869452948c025f44944e8c025f42944e8c075f626f756e647394682f68314b008594683387945294284b014b024b02869468398943200000000000000000000000000000f03f0000000000000000000000000000f03f947494628c115f6e5f6d61785f726573616d706c696e67944b148c025f67944b1b8c095f6c725f616461707494898c065f616c70686194473ff66666666666668c0a5f626574615f6d65616e94473fb999999999999a8c0b5f626574615f5369676d6194473f9eb851eb851eb88c065f67616d6d6194473fb999999999999a8c065f456d65616e94682f68314b008594683387945294284b014b024b018694683989431000000000000000000000000000000000947494628c075f455369676d6194682f68314b008594683387945294284b014b044b018694683989432000000000000000000000000000000000000000000000000000000,00000000000947494628c065f566d65616e944700000000000000008c075f565369676d61944700000000000000008c095f6574615f6d65616e94473ff00000000000008c0a5f6574615f5369676d6194473ff00000000000008c055f746f6c7894680b6811430816383daccc74473d94869452948c075f746f6c787570944740c38800000000008c075f746f6c66756e94473d719799812dea118c105f746f6c636f6e646974696f6e636f76944742d6bcc41e9000008c0d5f66756e686973745f7465726d944b148c0f5f66756e686973745f76616c75657394682f68314b008594683387945294284b014b28859468398942400100002f3b0a152efc204067f5e7eb952422407e305a6198b920408474b7db0df92140243fab402bbc2040a813ac8766502140edecea4a994b20400d9e8d51ec302140b8372c8172b21f40e01cebb3b4912240a3d3e71838771f403df1234b5c7c20401ccec92d28211e4006865fc152e02340a091bde914051c40ec5b3b1abe632440e46f60e0ac6f3040a6a481337da8504018a2c7d2c7b82040dc51b6ff7006444068144afe2b142140c4e8397a463b44409ecb7bbf3209224069419e39e5734140a9f167e2418721400f477fc013802f40da6781966c9921400a8f8e2365c83540c98679e1c26f21409e0c73ee16f82a4082d9c9dc1696214000daebb775682540183e6310a32621403bd591509d2623401d118d92982b21404604d97afe082540b40813082a2c21407a9a3847af792440c7a6f80fae0521402e24765e2c632140947494628c055f635f316494682f68314b008594683387945294284b014b03859468118943181add18f3b3f2d63f1aa1af8452d989bf7390cde355bf6e3f9474946275622e,6.0,small,0.0,COMPLETE
170,10.29042220039889,2024-08-18 01:20:54.127029,2024-08-18 01:21:22.963876,0 days 00:00:28.836847,0.42143939548142745,0.18111680088218807,27.0,0.0,0.0,0.0,,,6.0,small,0.0,COMPLETE
171,7.1072562545369085,2024-08-18 01:21:23.059643,2024-08-18 01:21:51.208254,0 days 00:00:28.148611,0.4301373931243065,0.17468531240227675,27.0,0.0,0.0,0.0,,,6.0,small,0.0,COMPLETE
172,7.457746851960344,2024-08-18 01:21:51.289509,2024-08-18 01:22:18.474871,0 days 00:00:27.185362,0.4265082635583649,0.17341942533017013,27.0,0.0,0.0,0.0,,,6.0,small,0.0,COMPLETE
173,6.87134824662532,2024-08-18 01:22:18.563227,2024-08-18 01:22:45.821095,0 days 00:00:27.257868,0.4379361138324779,0.17388161888124798,27.0,0.0,0.0,0.0,,,6.0,small,0.0,COMPLETE
174,8.25652029388843,2024-08-18 01:22:45.912650,2024-08-18 01:23:15.144861,0 days 00:00:29.232211,0.4110790756588495,0.17609885308453882,27.0,0.0,0.0,0.0,,,6.0,small,0.0,COMPLETE
