number,value,datetime_start,datetime_complete,duration,params_poisson_ratio,params_youngs_modulus,system_attrs_cma:generation,system_attrs_cma:large_n_eval,system_attrs_cma:n_restarts,system_attrs_cma:n_restarts_with_large,system_attrs_cma:optimizer:0,system_attrs_cma:optimizer:1,system_attrs_cma:popsize,system_attrs_cma:poptype,system_attrs_cma:small_n_eval,state
341,6.1653913363660084,2024-08-18 02:40:39.820427,2024-08-18 02:41:07.065522,0 days 00:00:27.245095,0.4537612615959994,0.16912842192397162,55.0,0.0,0.0,0.0,,,6.0,small,0.0,COMPLETE
342,6.165375339891564,2024-08-18 02:41:07.135186,2024-08-18 02:41:36.042811,0 days 00:00:28.907625,0.4538492577946004,0.16910201248481163,55.0,0.0,0.0,0.0,,,6.0,small,0.0,COMPLETE
343,6.165373792314954,2024-08-18 02:41:36.125923,2024-08-18 02:42:05.158696,0 days 00:00:29.032773,0.4538562139692217,0.1691101550634111,55.0,0.0,0.0,0.0,,,6.0,small,0.0,COMPLETE
344,6.165445337872969,2024-08-18 02:42:05.251901,2024-08-18 02:42:34.147955,0 days 00:00:28.896054,0.453753347462888,0.1691439903368911,55.0,0.0,0.0,0.0,,,6.0,small,0.0,COMPLETE
345,6.16537543992692,2024-08-18 02:42:34.229334,2024-08-18 02:43:03.292324,0 days 00:00:29.062990,0.45390446331712553,0.16909752520126278,56.0,0.0,0.0,0.0,80049570060000000000008c0a636d6165732e5f636d61948c03434d419493942981947d94288c065f6e5f64696d944b028c085f706f7073697a65944b068c035f6d75944b038c075f6d755f656666948c166e756d70792e5f636f72652e6d756c74696172726179948c067363616c61729493948c056e756d7079948c0564747970659493948c02663894898887945294284b038c013c944e4e4e4affffffff4affffffff4b007494624308b753c6a5983a004094869452948c035f636394680b68114308cf08f6cc59fce33f94869452948c035f633194680b68114308f572bcb3fdd0c33f94869452948c045f636d7594680b68114308031b52bcb49fad3f94869452948c085f635f7369676d6194680b681143089886065d9f8edc3f94869452948c085f645f7369676d6194680b68114308a6a141d7a723f73f94869452948c035f636d944b018c065f6368695f6e94473ff411804baabfb48c085f776569676874739468098c0c5f7265636f6e737472756374949394680c8c076e6461727261799493944b0085944301629487945294284b014b068594680e8c02663894898887945294284b0368124e4e4e4affffffff4affffffff4b007494628943303d81341aa762e43fed14472b6636d23f67a23f812e11b43f94d816a51c54d2bfe3fe9c65897ae8bf916ebfbfe67ef2bf947494628c085f705f7369676d6194682f68314b008594683387945294284b014b0285946811894310d8ec7fa5f952acbf101ded46393ad93f947494628c035f706394682f68314b008594683387945294284b014b0285946811894310c6aaae345261a0bf534309da42186e3f947494628c055f6d65616e94682f68314b008594683387945294284b014b02859468398943104b57103846b1eb3fb1350fdca2f0d03f947494628c065f7369676d6194680b68114308fc823d03f2607d3f94869452948c025f44944e8c025f42944e8c075f626f756e647394682f68314b008594683387945294284b014b024b02869468398943200000000000000000000000000000f03f0000000000000000000000000000f03f947494628c115f6e5f6d61785f726573616d706c696e67944b148c025f67944b388c095f6c725f616461707494898c065f616c70686194473ff66666666666668c0a5f626574615f6d65616e94473fb999999999999a8c0b5f626574615f5369676d6194473f9eb851eb851eb88c065f67616d6d6194473fb999999999999a8c065f456d65616e94682f68314b008594683387945294284b014b024b018694683989431000000000000000000000000000000000947494628c075f455369676d6194682f68314b008594683387945294284b014b044b018694683989432000000000000000000000000000000000000000000000000000000,00000000000947494628c065f566d65616e944700000000000000008c075f565369676d61944700000000000000008c095f6574615f6d65616e94473ff00000000000008c0a5f6574615f5369676d6194473ff00000000000008c055f746f6c7894680b6811430816383daccc74473d94869452948c075f746f6c787570944740c38800000000008c075f746f6c66756e94473d719799812dea118c105f746f6c636f6e646974696f6e636f76944742d6bcc41e9000008c0d5f66756e686973745f7465726d944b148c0f5f66756e686973745f76616c75657394682f68314b008594683387945294284b014b28859468398942400100000ea1d11880b81840086e3fb351bf194078b060ea72c218403c2b8c7132f01840098f60897aae1840c206389e1a2c1940a97e5ae520aa1840a26421b3bc0e194005c7b7eaf3a918404d226690eac81840c6a1644dd9ab1840f14a3d079ed618400818b08d59a918404b5c166800c01840c089de2304ac1840128a64ad62b9184079db003097a9184054c3ac11c3b31840cb21c29f66a9184070f5643649ad1840da7b8e446fa918400a0b0b511ead18409ea302a972a91840ca48a95a95aa1840847766077ba918406da79fb124aa1840e8abda4d80a91840763bebce43aa18406088872759a91840ea70f0d023aa1840e50b4fb857a91840d8e15f67e5a91840d26e56bf57a918408f63f5a7aea91840d9720f7500c81840e1b1a6c866881c4058e50af8860a19401a88291215c81940fa3b99a975b5184007e807a4c3a01b40947494628c055f635f316494682f68314b008594683387945294284b014b038594681189431810c9394182538a3fdb4b4f8e386a4fbf041e5cde0456163f9474946275622e,6.0,small,0.0,COMPLETE
346,6.165368038774156,2024-08-18 02:43:03.388969,2024-08-18 02:43:30.609194,0 days 00:00:27.220225,0.45383383151486767,0.1691116582011854,56.0,0.0,0.0,0.0,,,6.0,small,0.0,COMPLETE
347,6.1653829877637065,2024-08-18 02:43:30.702391,2024-08-18 02:43:59.698329,0 days 00:00:28.995938,0.4538840687994927,0.16909175809207835,56.0,0.0,0.0,0.0,,,6.0,small,0.0,COMPLETE
348,6.165538027796417,2024-08-18 02:43:59.775287,2024-08-18 02:44:27.310230,0 days 00:00:27.534943,0.4537590793893051,0.16915252468779246,56.0,0.0,0.0,0.0,,,6.0,small,0.0,COMPLETE
349,6.16558310153599,2024-08-18 02:44:27.409360,2024-08-18 02:44:56.596660,0 days 00:00:29.187300,0.45383077138393746,0.16908320265047455,56.0,0.0,0.0,0.0,,,6.0,small,0.0,COMPLETE
350,6.165368440258979,2024-08-18 02:44:56.682005,2024-08-18 02:45:25.890647,0 days 00:00:29.208642,0.45388390521028965,0.16909876395724266,56.0,0.0,0.0,0.0,,,6.0,small,0.0,COMPLETE
351,6.165423130701668,2024-08-18 02:45:25.971254,2024-08-18 02:45:55.244074,0 days 00:00:29.272820,0.454018589326153,0.16907031743873419,57.0,0.0,0.0,0.0,80049570060000000000008c0a636d6165732e5f636d61948c03434d419493942981947d94288c065f6e5f64696d944b028c085f706f7073697a65944b068c035f6d75944b038c075f6d755f656666948c166e756d70792e5f636f72652e6d756c74696172726179948c067363616c61729493948c056e756d7079948c0564747970659493948c02663894898887945294284b038c013c944e4e4e4affffffff4affffffff4b007494624308b753c6a5983a004094869452948c035f636394680b68114308cf08f6cc59fce33f94869452948c035f633194680b68114308f572bcb3fdd0c33f94869452948c045f636d7594680b68114308031b52bcb49fad3f94869452948c085f635f7369676d6194680b681143089886065d9f8edc3f94869452948c085f645f7369676d6194680b68114308a6a141d7a723f73f94869452948c035f636d944b018c065f6368695f6e94473ff411804baabfb48c085f776569676874739468098c0c5f7265636f6e737472756374949394680c8c076e6461727261799493944b0085944301629487945294284b014b068594680e8c02663894898887945294284b0368124e4e4e4affffffff4affffffff4b007494628943303d81341aa762e43fed14472b6636d23f67a23f812e11b43f94d816a51c54d2bfe3fe9c65897ae8bf916ebfbfe67ef2bf947494628c085f705f7369676d6194682f68314b008594683387945294284b014b0285946811894310c243c90d41eca83f4cbb38375619c53f947494628c035f706394682f68314b008594683387945294284b014b02859468118943108816536fa14259bfc486c47bcd5c3a3f947494628c055f6d65616e94682f68314b008594683387945294284b014b0285946839894310e3801484bdb1eb3f9a6236988cf0d03f947494628c065f7369676d6194680b681143082a4f2e43de82763f94869452948c025f44944e8c025f42944e8c075f626f756e647394682f68314b008594683387945294284b014b024b02869468398943200000000000000000000000000000f03f0000000000000000000000000000f03f947494628c115f6e5f6d61785f726573616d706c696e67944b148c025f67944b398c095f6c725f616461707494898c065f616c70686194473ff66666666666668c0a5f626574615f6d65616e94473fb999999999999a8c0b5f626574615f5369676d6194473f9eb851eb851eb88c065f67616d6d6194473fb999999999999a8c065f456d65616e94682f68314b008594683387945294284b014b024b018694683989431000000000000000000000000000000000947494628c075f455369676d6194682f68314b008594683387945294284b014b044b018694683989432000000000000000000000000000000000000000000000000000000,00000000000947494628c065f566d65616e944700000000000000008c075f565369676d61944700000000000000008c095f6574615f6d65616e94473ff00000000000008c0a5f6574615f5369676d6194473ff00000000000008c055f746f6c7894680b6811430816383daccc74473d94869452948c075f746f6c787570944740c38800000000008c075f746f6c66756e94473d719799812dea118c105f746f6c636f6e646974696f6e636f76944742d6bcc41e9000008c0d5f66756e686973745f7465726d944b148c0f5f66756e686973745f76616c75657394682f68314b008594683387945294284b014b28859468398942400100000ea1d11880b81840086e3fb351bf194078b060ea72c218403c2b8c7132f01840098f60897aae1840c206389e1a2c1940a97e5ae520aa1840a26421b3bc0e194005c7b7eaf3a918404d226690eac81840c6a1644dd9ab1840f14a3d079ed618400818b08d59a918404b5c166800c01840c089de2304ac1840128a64ad62b9184079db003097a9184054c3ac11c3b31840cb21c29f66a9184070f5643649ad1840da7b8e446fa918400a0b0b511ead18409ea302a972a91840ca48a95a95aa1840847766077ba918406da79fb124aa1840e8abda4d80a91840763bebce43aa18406088872759a91840ea70f0d023aa1840e50b4fb857a91840d8e15f67e5a91840d26e56bf57a918408f63f5a7aea91840ca5a393d56a918402478d79d8ea9184058e50af8860a19401a88291215c81940fa3b99a975b5184007e807a4c3a01b40947494628c055f635f316494682f68314b008594683387945294284b014b03859468118943186a666135575d873f6409e9528e3f4bbfe0268ba44f5f123f9474946275622e,6.0,small,0.0,COMPLETE
352,6.165391071114342,2024-08-18 02:45:55.334818,2024-08-18 02:46:24.594413,0 days 00:00:29.259595,0.4537770588148557,0.1691290000532531,57.0,0.0,0.0,0.0,,,6.0,small,0.0,COMPLETE
353,6.165404341608435,2024-08-18 02:46:24.683543,2024-08-18 02:46:51.845664,0 days 00:00:27.162121,0.45373950518213146,0.16913010755569297,57.0,0.0,0.0,0.0,,,6.0,small,0.0,COMPLETE
354,6.16537753531335,2024-08-18 02:46:51.934047,2024-08-18 02:47:19.197190,0 days 00:00:27.263143,0.45392163227346105,0.16909335513450316,57.0,0.0,0.0,0.0,,,6.0,small,0.0,COMPLETE
355,6.165370101514245,2024-08-18 02:47:19.289618,2024-08-18 02:47:46.487811,0 days 00:00:27.198193,0.4538820538300313,0.16910285800240887,57.0,0.0,0.0,0.0,,,6.0,small,0.0,COMPLETE
356,6.165426563679615,2024-08-18 02:47:46.565168,2024-08-18 02:48:13.884681,0 days 00:00:27.319513,0.45393153535079256,0.16907477071988808,57.0,0.0,0.0,0.0,,,6.0,small,0.0,COMPLETE
357,6.165423293358627,2024-08-18 02:48:13.971887,2024-08-18 02:48:41.706709,0 days 00:00:27.734822,0.4539959305667264,0.16908063475436572,58.0,0.0,0.0,0.0,80049570060000000000008c0a636d6165732e5f636d61948c03434d419493942981947d94288c065f6e5f64696d944b028c085f706f7073697a65944b068c035f6d75944b038c075f6d755f656666948c166e756d70792e5f636f72652e6d756c74696172726179948c067363616c61729493948c056e756d7079948c0564747970659493948c02663894898887945294284b038c013c944e4e4e4affffffff4affffffff4b007494624308b753c6a5983a004094869452948c035f636394680b68114308cf08f6cc59fce33f94869452948c035f633194680b68114308f572bcb3fdd0c33f94869452948c045f636d7594680b68114308031b52bcb49fad3f94869452948c085f635f7369676d6194680b681143089886065d9f8edc3f94869452948c085f645f7369676d6194680b68114308a6a141d7a723f73f94869452948c035f636d944b018c065f6368695f6e94473ff411804baabfb48c085f776569676874739468098c0c5f7265636f6e737472756374949394680c8c076e6461727261799493944b0085944301629487945294284b014b068594680e8c02663894898887945294284b0368124e4e4e4affffffff4affffffff4b007494628943303d81341aa762e43fed14472b6636d23f67a23f812e11b43f94d816a51c54d2bfe3fe9c65897ae8bf916ebfbfe67ef2bf947494628c085f705f7369676d6194682f68314b008594683387945294284b014b02859468118943109511595aef27e33fc3735189c23be53f947494628c035f706394682f68314b008594683387945294284b014b0285946811894310efea670141f4af3f25d803c1e53763bf947494628c055f6d65616e94682f68314b008594683387945294284b014b0285946839894310b9430f79e3b3eb3fc213e9fd60f0d03f947494628c065f7369676d6194680b68114308893e42f7b199743f94869452948c025f44944e8c025f42944e8c075f626f756e647394682f68314b008594683387945294284b014b024b02869468398943200000000000000000000000000000f03f0000000000000000000000000000f03f947494628c115f6e5f6d61785f726573616d706c696e67944b148c025f67944b3a8c095f6c725f616461707494898c065f616c70686194473ff66666666666668c0a5f626574615f6d65616e94473fb999999999999a8c0b5f626574615f5369676d6194473f9eb851eb851eb88c065f67616d6d6194473fb999999999999a8c065f456d65616e94682f68314b008594683387945294284b014b024b018694683989431000000000000000000000000000000000947494628c075f455369676d6194682f68314b008594683387945294284b014b044b018694683989432000000000000000000000000000000000000000000000000000000,00000000000947494628c065f566d65616e944700000000000000008c075f565369676d61944700000000000000008c095f6574615f6d65616e94473ff00000000000008c0a5f6574615f5369676d6194473ff00000000000008c055f746f6c7894680b6811430816383daccc74473d94869452948c075f746f6c787570944740c38800000000008c075f746f6c66756e94473d719799812dea118c105f746f6c636f6e646974696f6e636f76944742d6bcc41e9000008c0d5f66756e686973745f7465726d944b148c0f5f66756e686973745f76616c75657394682f68314b008594683387945294284b014b28859468398942400100000ea1d11880b81840086e3fb351bf194078b060ea72c218403c2b8c7132f01840098f60897aae1840c206389e1a2c1940a97e5ae520aa1840a26421b3bc0e194005c7b7eaf3a918404d226690eac81840c6a1644dd9ab1840f14a3d079ed618400818b08d59a918404b5c166800c01840c089de2304ac1840128a64ad62b9184079db003097a9184054c3ac11c3b31840cb21c29f66a9184070f5643649ad1840da7b8e446fa918400a0b0b511ead18409ea302a972a91840ca48a95a95aa1840847766077ba918406da79fb124aa1840e8abda4d80a91840763bebce43aa18406088872759a91840ea70f0d023aa1840e50b4fb857a91840d8e15f67e5a91840d26e56bf57a918408f63f5a7aea91840ca5a393d56a918402478d79d8ea91840a4f5a6c756a918400e93c39465a91840fa3b99a975b5184007e807a4c3a01b40947494628c055f635f316494682f68314b008594683387945294284b014b0385946811894318d036a01252d4833fab985119261446bfd3237f2a15010d3f9474946275622e,6.0,small,0.0,COMPLETE
358,6.165381275384048,2024-08-18 02:48:41.910339,2024-08-18 02:49:11.055728,0 days 00:00:29.145389,0.4538990215852531,0.16908928821300867,58.0,0.0,0.0,0.0,,,6.0,small,0.0,COMPLETE
359,6.165384998729164,2024-08-18 02:49:11.150265,2024-08-18 02:49:38.491245,0 days 00:00:27.340980,0.4539320948927772,0.16909259407148153,58.0,0.0,0.0,0.0,,,6.0,small,0.0,COMPLETE
360,6.1654009322303205,2024-08-18 02:49:38.574023,2024-08-18 02:50:07.758011,0 days 00:00:29.183988,0.45394563314999303,0.169076544156845,58.0,0.0,0.0,0.0,,,6.0,small,0.0,COMPLETE
361,6.165375475881358,2024-08-18 02:50:07.841444,2024-08-18 02:50:35.426210,0 days 00:00:27.584766,0.4539221562660224,0.1690898750567037,58.0,0.0,0.0,0.0,,,6.0,small,0.0,COMPLETE
362,6.165452173228941,2024-08-18 02:50:35.531683,2024-08-18 02:51:02.738018,0 days 00:00:27.206335,0.4538954341414008,0.16911441135009325,58.0,0.0,0.0,0.0,,,6.0,small,0.0,COMPLETE
363,6.165382700089827,2024-08-18 02:51:02.810621,2024-08-18 02:51:31.927765,0 days 00:00:29.117144,0.4538574258019898,0.1690975776656706,59.0,0.0,0.0,0.0,80049570060000000000008c0a636d6165732e5f636d61948c03434d419493942981947d94288c065f6e5f64696d944b028c085f706f7073697a65944b068c035f6d75944b038c075f6d755f656666948c166e756d70792e5f636f72652e6d756c74696172726179948c067363616c61729493948c056e756d7079948c0564747970659493948c02663894898887945294284b038c013c944e4e4e4affffffff4affffffff4b007494624308b753c6a5983a004094869452948c035f636394680b68114308cf08f6cc59fce33f94869452948c035f633194680b68114308f572bcb3fdd0c33f94869452948c045f636d7594680b68114308031b52bcb49fad3f94869452948c085f635f7369676d6194680b681143089886065d9f8edc3f94869452948c085f645f7369676d6194680b68114308a6a141d7a723f73f94869452948c035f636d944b018c065f6368695f6e94473ff411804baabfb48c085f776569676874739468098c0c5f7265636f6e737472756374949394680c8c076e6461727261799493944b0085944301629487945294284b014b068594680e8c02663894898887945294284b0368124e4e4e4affffffff4affffffff4b007494628943303d81341aa762e43fed14472b6636d23f67a23f812e11b43f94d816a51c54d2bfe3fe9c65897ae8bf916ebfbfe67ef2bf947494628c085f705f7369676d6194682f68314b008594683387945294284b014b02859468118943104094cb8bf6efec3fd6020e0858aedabf947494628c035f706394682f68314b008594683387945294284b014b0285946811894310baeb29a87181b73fa00e84cca67980bf947494628c055f6d65616e94682f68314b008594683387945294284b014b0285946839894310829f66e005b6eb3fdd997384eeefd03f947494628c065f7369676d6194680b68114308126d98a6c754733f94869452948c025f44944e8c025f42944e8c075f626f756e647394682f68314b008594683387945294284b014b024b02869468398943200000000000000000000000000000f03f0000000000000000000000000000f03f947494628c115f6e5f6d61785f726573616d706c696e67944b148c025f67944b3b8c095f6c725f616461707494898c065f616c70686194473ff66666666666668c0a5f626574615f6d65616e94473fb999999999999a8c0b5f626574615f5369676d6194473f9eb851eb851eb88c065f67616d6d6194473fb999999999999a8c065f456d65616e94682f68314b008594683387945294284b014b024b018694683989431000000000000000000000000000000000947494628c075f455369676d6194682f68314b008594683387945294284b014b044b018694683989432000000000000000000000000000000000000000000000000000000,00000000000947494628c065f566d65616e944700000000000000008c075f565369676d61944700000000000000008c095f6574615f6d65616e94473ff00000000000008c0a5f6574615f5369676d6194473ff00000000000008c055f746f6c7894680b6811430816383daccc74473d94869452948c075f746f6c787570944740c38800000000008c075f746f6c66756e94473d719799812dea118c105f746f6c636f6e646974696f6e636f76944742d6bcc41e9000008c0d5f66756e686973745f7465726d944b148c0f5f66756e686973745f76616c75657394682f68314b008594683387945294284b014b28859468398942400100000ea1d11880b81840086e3fb351bf194078b060ea72c218403c2b8c7132f01840098f60897aae1840c206389e1a2c1940a97e5ae520aa1840a26421b3bc0e194005c7b7eaf3a918404d226690eac81840c6a1644dd9ab1840f14a3d079ed618400818b08d59a918404b5c166800c01840c089de2304ac1840128a64ad62b9184079db003097a9184054c3ac11c3b31840cb21c29f66a9184070f5643649ad1840da7b8e446fa918400a0b0b511ead18409ea302a972a91840ca48a95a95aa1840847766077ba918406da79fb124aa1840e8abda4d80a91840763bebce43aa18406088872759a91840ea70f0d023aa1840e50b4fb857a91840d8e15f67e5a91840d26e56bf57a918408f63f5a7aea91840ca5a393d56a918402478d79d8ea91840a4f5a6c756a918400e93c39465a918402ce2513058a918401e48644b6ca91840947494628c055f635f316494682f68314b008594683387945294284b014b0385946811894318bc55cab5aaa9833fafbfb2fe001b47bfbe7584962aba0e3f9474946275622e,6.0,small,0.0,COMPLETE
364,6.165374203409362,2024-08-18 02:51:32.000913,2024-08-18 02:52:00.879752,0 days 00:00:28.878839,0.4538367024266977,0.16911419496116797,59.0,0.0,0.0,0.0,,,6.0,small,0.0,COMPLETE
365,6.1653773416856295,2024-08-18 02:52:01.005123,2024-08-18 02:52:28.341559,0 days 00:00:27.336436,0.4539248137182398,0.16908783666330646,59.0,0.0,0.0,0.0,,,6.0,small,0.0,COMPLETE
366,6.16538058614552,2024-08-18 02:52:28.414433,2024-08-18 02:52:57.421947,0 days 00:00:29.007514,0.4538838969285083,0.16910570723604845,59.0,0.0,0.0,0.0,,,6.0,small,0.0,COMPLETE
367,6.16538534803938,2024-08-18 02:52:57.522066,2024-08-18 02:53:26.627252,0 days 00:00:29.105186,0.4538794085540645,0.16909219860486283,59.0,0.0,0.0,0.0,,,6.0,small,0.0,COMPLETE
368,6.165379601395328,2024-08-18 02:53:26.741999,2024-08-18 02:53:55.673612,0 days 00:00:28.931613,0.45389233704699344,0.16910348614323242,59.0,0.0,0.0,0.0,,,6.0,small,0.0,COMPLETE
